Initialized native services in: C:\Users\ASUS\.gradle\native
Initialized jansi services in: C:\Users\ASUS\.gradle\native
Received JVM installation metadata from 'C:\Program Files\Eclipse Adoptium\jdk-17.0.17.10-hotspot': {JAVA_HOME=C:\Program Files\Eclipse Adoptium\jdk-17.0.17.10-hotspot, JAVA_VERSION=17.0.17, JAVA_VENDOR=Eclipse Adoptium, RUNTIME_NAME=OpenJDK Runtime Environment, RUNTIME_VERSION=17.0.17+10, VM_NAME=OpenJDK 64-Bit Server VM, VM_VERSION=17.0.17+10, VM_VENDOR=Eclipse Adoptium, OS_ARCH=amd64}
Checking if the launcher JVM can be re-used for build. To be re-used, the launcher JVM needs to match the parameters required for the build process: --add-opens=java.base/java.util=ALL-UNNAMED --add-opens=java.base/java.lang=ALL-UNNAMED --add-opens=java.base/java.lang.invoke=ALL-UNNAMED --add-opens=java.prefs/java.util.prefs=ALL-UNNAMED --add-opens=java.base/java.nio.charset=ALL-UNNAMED --add-opens=java.base/java.net=ALL-UNNAMED --add-opens=java.base/java.util.concurrent.atomic=ALL-UNNAMED -Xmx4g -Dfile.encoding=UTF-8 -Duser.country=US -Duser.language=en -Duser.variant
To honour the JVM settings for this build a single-use Daemon process will be forked. For more on this, please refer to https://docs.gradle.org/8.2/userguide/gradle_daemon.html#sec:disabling_the_daemon in the Gradle documentation.
Starting process 'Gradle build daemon'. Working directory: C:\Users\ASUS\.gradle\daemon\8.2 Command: C:\Program Files\Eclipse Adoptium\jdk-17.0.17.10-hotspot\bin\java.exe --add-opens=java.base/java.util=ALL-UNNAMED --add-opens=java.base/java.lang=ALL-UNNAMED --add-opens=java.base/java.lang.invoke=ALL-UNNAMED --add-opens=java.prefs/java.util.prefs=ALL-UNNAMED --add-opens=java.base/java.nio.charset=ALL-UNNAMED --add-opens=java.base/java.net=ALL-UNNAMED --add-opens=java.base/java.util.concurrent.atomic=ALL-UNNAMED -Xmx4g -Dfile.encoding=UTF-8 -Duser.country=US -Duser.language=en -Duser.variant -cp C:\Users\ASUS\.gradle\wrapper\dists\gradle-8.2-all\6mxqtxovn2faat1idb7p6lxsa\gradle-8.2\lib\gradle-launcher-8.2.jar -javaagent:C:\Users\ASUS\.gradle\wrapper\dists\gradle-8.2-all\6mxqtxovn2faat1idb7p6lxsa\gradle-8.2\lib\agents\gradle-instrumentation-agent-8.2.jar org.gradle.launcher.daemon.bootstrap.GradleDaemon 8.2
Successfully started process 'Gradle build daemon'
An attempt to start the daemon took 1.916 secs.
The client will now receive all logging from the daemon (pid: 20892). The daemon log file: C:\Users\ASUS\.gradle\daemon\8.2\daemon-20892.out.log
Daemon will be stopped at the end of the build 
Using 8 worker leases.
Received JVM installation metadata from 'C:\Program Files\Eclipse Adoptium\jdk-17.0.17.10-hotspot': {JAVA_HOME=C:\Program Files\Eclipse Adoptium\jdk-17.0.17.10-hotspot, JAVA_VERSION=17.0.17, JAVA_VENDOR=Eclipse Adoptium, RUNTIME_NAME=OpenJDK Runtime Environment, RUNTIME_VERSION=17.0.17+10, VM_NAME=OpenJDK 64-Bit Server VM, VM_VERSION=17.0.17+10, VM_VENDOR=Eclipse Adoptium, OS_ARCH=amd64}
Watching the file system is configured to be enabled if available
Now considering [C:\Users\ASUS\Documents\GitHub\newest-qr-menu\StaffNativeApp\android] as hierarchies to watch
File system watching is active
Starting Build
:ReactNative:Automatically adding native module '@react-native-async-storage/async-storage'
:ReactNative:Automatically adding native module '@react-native-firebase/app'
:ReactNative:Automatically adding native module '@react-native-firebase/firestore'
:ReactNative:Automatically adding native module '@react-native-firebase/messaging'
:ReactNative:Automatically adding native module 'react-native-track-player-next'
:ReactNative:Automatically adding native module 'react-native-webview'
Settings evaluated using settings file 'C:\Users\ASUS\Documents\GitHub\newest-qr-menu\StaffNativeApp\android\settings.gradle'.
Now considering [C:\Users\ASUS\Documents\GitHub\newest-qr-menu\StaffNativeApp\node_modules\@react-native\gradle-plugin, C:\Users\ASUS\Documents\GitHub\newest-qr-menu\StaffNativeApp\android] as hierarchies to watch
Skipping Kotlin DSL script compilation (Settings/TopLevel/stage1) as it is up-to-date.
The configuration classpath is both resolvable and consumable. This is considered a legacy configuration and it will eventually only be possible to be one of these.
The configuration classpath is both consumable and declarable. This combination is incorrect, only one of these flags should be set.
The configuration classpath is both resolvable and consumable. This is considered a legacy configuration and it will eventually only be possible to be one of these.
The configuration classpath is both consumable and declarable. This combination is incorrect, only one of these flags should be set.
Skipping Kotlin DSL script compilation (Settings/TopLevel/stage2) as it is up-to-date.
Projects loaded. Root project using build file 'C:\Users\ASUS\Documents\GitHub\newest-qr-menu\StaffNativeApp\android\build.gradle'.
Included projects: [root project 'StaffNativeApp', project ':app', project ':react-native-async-storage_async-storage', project ':react-native-firebase_app', project ':react-native-firebase_firestore', project ':react-native-firebase_messaging', project ':react-native-track-player-next', project ':react-native-webview']

> Configure project :gradle-plugin
Evaluating project ':gradle-plugin' using build file 'C:\Users\ASUS\Documents\GitHub\newest-qr-menu\StaffNativeApp\node_modules\@react-native\gradle-plugin\build.gradle.kts'.
Caching disabled for Kotlin DSL plugin specs accessors for classpath 'e366204388b10075f5dbbd876e05e2d7' because:
  Build cache is disabled
Skipping Kotlin DSL plugin specs accessors for classpath 'e366204388b10075f5dbbd876e05e2d7' as it is up-to-date.
Caching disabled for Kotlin DSL script compilation (Project/TopLevel/stage1) because:
  Build cache is disabled
Skipping Kotlin DSL script compilation (Project/TopLevel/stage1) as it is up-to-date.
The configuration detachedConfiguration1 is both resolvable and consumable. This is considered a legacy configuration and it will eventually only be possible to be one of these.
The configuration detachedConfiguration1 is both consumable and declarable. This combination is incorrect, only one of these flags should be set.
The configuration detachedConfiguration1 is both resolvable and consumable. This is considered a legacy configuration and it will eventually only be possible to be one of these.
The configuration detachedConfiguration1 is both consumable and declarable. This combination is incorrect, only one of these flags should be set.
The configuration :gradle-plugin:classpath is both resolvable and consumable. This is considered a legacy configuration and it will eventually only be possible to be one of these.
The configuration :gradle-plugin:classpath is both consumable and declarable. This combination is incorrect, only one of these flags should be set.
The configuration :gradle-plugin:classpath is both resolvable and consumable. This is considered a legacy configuration and it will eventually only be possible to be one of these.
The configuration :gradle-plugin:classpath is both consumable and declarable. This combination is incorrect, only one of these flags should be set.
Using Kotlin Gradle Plugin gradle71 variant
kotlin scripting plugin: created the scripting discovery configuration: kotlinScriptDef
kotlin scripting plugin: created the scripting discovery configuration: testKotlinScriptDef
Caching disabled for Kotlin DSL accessors for project ':gradle-plugin' because:
  Build cache is disabled
Skipping Kotlin DSL accessors for project ':gradle-plugin' as it is up-to-date.
Caching disabled for Kotlin DSL script compilation (Project/TopLevel/stage2) because:
  Build cache is disabled
Skipping Kotlin DSL script compilation (Project/TopLevel/stage2) as it is up-to-date.
Registering project ':gradle-plugin' in composite build. Will substitute for module 'com.facebook.react:react-native-gradle-plugin'.
Resolve mutations for :gradle-plugin:compileKotlin (Thread[Execution worker Thread 2,5,main]) started.
:gradle-plugin:compileKotlin (Thread[Execution worker Thread 2,5,main]) started.

> Task :gradle-plugin:compileKotlin UP-TO-DATE
Watching 1 directory hierarchies to track changes
Caching disabled for task ':gradle-plugin:compileKotlin' because:
  Build cache is disabled
Skipping task ':gradle-plugin:compileKotlin' as it is up-to-date.
Resolve mutations for :gradle-plugin:compileJava (Thread[Execution worker Thread 2,5,main]) started.
:gradle-plugin:compileJava (Thread[Execution worker Thread 2,5,main]) started.

> Task :gradle-plugin:compileJava NO-SOURCE
Skipping task ':gradle-plugin:compileJava' as it has no source files and no previous output files.
Resolve mutations for :gradle-plugin:pluginDescriptors (Thread[Execution worker Thread 2,5,main]) started.
:gradle-plugin:pluginDescriptors (Thread[Execution worker Thread 2,5,main]) started.

> Task :gradle-plugin:pluginDescriptors UP-TO-DATE
Caching disabled for task ':gradle-plugin:pluginDescriptors' because:
  Build cache is disabled
Skipping task ':gradle-plugin:pluginDescriptors' as it is up-to-date.
Resolve mutations for :gradle-plugin:processResources (Thread[Execution worker Thread 2,5,main]) started.
:gradle-plugin:processResources (Thread[Execution worker Thread 2,5,main]) started.

> Task :gradle-plugin:processResources UP-TO-DATE
Caching disabled for task ':gradle-plugin:processResources' because:
  Build cache is disabled
Skipping task ':gradle-plugin:processResources' as it is up-to-date.
Resolve mutations for :gradle-plugin:classes (Thread[Execution worker Thread 2,5,main]) started.
:gradle-plugin:classes (Thread[Execution worker Thread 2,5,main]) started.

> Task :gradle-plugin:classes UP-TO-DATE
Skipping task ':gradle-plugin:classes' as it has no actions.
Resolve mutations for :gradle-plugin:jar (Thread[Execution worker Thread 2,5,main]) started.
:gradle-plugin:jar (Thread[Execution worker Thread 2,5,main]) started.

> Task :gradle-plugin:jar UP-TO-DATE
Caching disabled for task ':gradle-plugin:jar' because:
  Build cache is disabled
Skipping task ':gradle-plugin:jar' as it is up-to-date.
Resolve mutations for :gradle-plugin:inspectClassesForKotlinIC (Thread[Execution worker Thread 2,5,main]) started.
:gradle-plugin:inspectClassesForKotlinIC (Thread[Execution worker Thread 2,5,main]) started.

> Task :gradle-plugin:inspectClassesForKotlinIC UP-TO-DATE
Caching disabled for task ':gradle-plugin:inspectClassesForKotlinIC' because:
  Build cache is disabled
Skipping task ':gradle-plugin:inspectClassesForKotlinIC' as it is up-to-date.

> Configure project :
Evaluating root project 'StaffNativeApp' using build file 'C:\Users\ASUS\Documents\GitHub\newest-qr-menu\StaffNativeApp\android\build.gradle'.
The configuration detachedConfiguration1 is both resolvable and consumable. This is considered a legacy configuration and it will eventually only be possible to be one of these.
The configuration detachedConfiguration1 is both consumable and declarable. This combination is incorrect, only one of these flags should be set.
The configuration detachedConfiguration1 is both resolvable and consumable. This is considered a legacy configuration and it will eventually only be possible to be one of these.
The configuration detachedConfiguration1 is both consumable and declarable. This combination is incorrect, only one of these flags should be set.
The configuration :classpath is both resolvable and consumable. This is considered a legacy configuration and it will eventually only be possible to be one of these.
The configuration :classpath is both consumable and declarable. This combination is incorrect, only one of these flags should be set.
The configuration :classpath is both resolvable and consumable. This is considered a legacy configuration and it will eventually only be possible to be one of these.
The configuration :classpath is both consumable and declarable. This combination is incorrect, only one of these flags should be set.
Found project 'project :gradle-plugin' as substitute for module 'com.facebook.react:react-native-gradle-plugin'.
The configuration :gradle-plugin:mainSourceElements is both consumable and declarable. This combination is incorrect, only one of these flags should be set.
The configuration :classpath is both resolvable and consumable. This is considered a legacy configuration and it will eventually only be possible to be one of these.
The configuration :classpath is both consumable and declarable. This combination is incorrect, only one of these flags should be set.

> Configure project :app
Evaluating project ':app' using build file 'C:\Users\ASUS\Documents\GitHub\newest-qr-menu\StaffNativeApp\android\app\build.gradle'.
Using default execution profile
:ReactNative:Automatically adding native module '@react-native-async-storage/async-storage'
:ReactNative:Automatically adding native module '@react-native-firebase/app'
:ReactNative:Automatically adding native module '@react-native-firebase/firestore'
:ReactNative:Automatically adding native module '@react-native-firebase/messaging'
:ReactNative:Automatically adding native module 'react-native-track-player-next'
:ReactNative:Automatically adding native module 'react-native-webview'
Starting process 'command 'C:\Program Files\Java\jre1.8.0_162\bin\java.exe''. Working directory: C:\Users\ASUS\.gradle\.tmp\tmp-jvm15605690998971041765probe Command: C:\Program Files\Java\jre1.8.0_162\bin\java.exe -cp . JavaProbe
Successfully started process 'command 'C:\Program Files\Java\jre1.8.0_162\bin\java.exe''
Received JVM installation metadata from 'C:\Program Files\Java\jre1.8.0_162': {JAVA_HOME=C:\Program Files\Java\jre1.8.0_162, JAVA_VERSION=1.8.0_162, JAVA_VENDOR=Oracle Corporation, RUNTIME_NAME=Java(TM) SE Runtime Environment, RUNTIME_VERSION=1.8.0_162-b12, VM_NAME=Java HotSpot(TM) 64-Bit Server VM, VM_VERSION=25.162-b12, VM_VENDOR=Oracle Corporation, OS_ARCH=amd64}

> Configure project :react-native-async-storage_async-storage
Evaluating project ':react-native-async-storage_async-storage' using build file 'C:\Users\ASUS\Documents\GitHub\newest-qr-menu\StaffNativeApp\node_modules\@react-native-async-storage\async-storage\android\build.gradle'.
The configuration :react-native-async-storage_async-storage:classpath is both resolvable and consumable. This is considered a legacy configuration and it will eventually only be possible to be one of these.
The configuration :react-native-async-storage_async-storage:classpath is both consumable and declarable. This combination is incorrect, only one of these flags should be set.
The configuration :react-native-async-storage_async-storage:classpath is both resolvable and consumable. This is considered a legacy configuration and it will eventually only be possible to be one of these.
The configuration :react-native-async-storage_async-storage:classpath is both consumable and declarable. This combination is incorrect, only one of these flags should be set.
The configuration :react-native-async-storage_async-storage:classpath is both resolvable and consumable. This is considered a legacy configuration and it will eventually only be possible to be one of these.
The configuration :react-native-async-storage_async-storage:classpath is both consumable and declarable. This combination is incorrect, only one of these flags should be set.
Using default execution profile
[AsyncStorage] Config used: {kotlinVersion=1.9.24, kspVersion=1.9.24-1.0.20, roomVersion=2.6.1, minSdkVersion=23, targetSdkVersion=34, compileSdkVersion=34, useNextStorage=false, databaseSizeMB=6, isNewArchitectureEnabled=false, useDedicatedExecutor=false}

> Configure project :react-native-firebase_app
Evaluating project ':react-native-firebase_app' using build file 'C:\Users\ASUS\Documents\GitHub\newest-qr-menu\StaffNativeApp\node_modules\@react-native-firebase\app\android\build.gradle'.
The configuration detachedConfiguration1 is both resolvable and consumable. This is considered a legacy configuration and it will eventually only be possible to be one of these.
The configuration detachedConfiguration1 is both consumable and declarable. This combination is incorrect, only one of these flags should be set.
The configuration detachedConfiguration1 is both resolvable and consumable. This is considered a legacy configuration and it will eventually only be possible to be one of these.
The configuration detachedConfiguration1 is both consumable and declarable. This combination is incorrect, only one of these flags should be set.
The configuration :react-native-firebase_app:classpath is both resolvable and consumable. This is considered a legacy configuration and it will eventually only be possible to be one of these.
The configuration :react-native-firebase_app:classpath is both consumable and declarable. This combination is incorrect, only one of these flags should be set.
The configuration :react-native-firebase_app:classpath is both resolvable and consumable. This is considered a legacy configuration and it will eventually only be possible to be one of these.
The configuration :react-native-firebase_app:classpath is both consumable and declarable. This combination is incorrect, only one of these flags should be set.
The configuration :react-native-firebase_app:classpath is both resolvable and consumable. This is considered a legacy configuration and it will eventually only be possible to be one of these.
The configuration :react-native-firebase_app:classpath is both consumable and declarable. This combination is incorrect, only one of these flags should be set.
Using default execution profile
:react-native-firebase_app package.json found at C:\Users\ASUS\Documents\GitHub\newest-qr-menu\StaffNativeApp\node_modules\@react-native-firebase\app\package.json
:react-native-firebase_app no firebase.json found, skipping
:react-native-firebase_app:firebase.bom using default value: 34.4.0
:react-native-firebase_app:play.play-services-auth using default value: 21.4.0
:react-native-firebase_app package.json found at C:\Users\ASUS\Documents\GitHub\newest-qr-menu\StaffNativeApp\node_modules\@react-native-firebase\app\package.json
:react-native-firebase_app:version set from package.json: 23.5.0 (23,5,0 - 23005000)
:react-native-firebase_app:android.compileSdk using custom value: 34
:react-native-firebase_app:android.targetSdk using custom value: 34
:react-native-firebase_app:android.minSdk using custom value: 23
:react-native-firebase_app:reactNativeAndroidDir C:\Users\ASUS\Documents\GitHub\newest-qr-menu\StaffNativeApp\node_modules\react-native\android

> Configure project :react-native-firebase_firestore
Evaluating project ':react-native-firebase_firestore' using build file 'C:\Users\ASUS\Documents\GitHub\newest-qr-menu\StaffNativeApp\node_modules\@react-native-firebase\firestore\android\build.gradle'.
The configuration detachedConfiguration1 is both resolvable and consumable. This is considered a legacy configuration and it will eventually only be possible to be one of these.
The configuration detachedConfiguration1 is both consumable and declarable. This combination is incorrect, only one of these flags should be set.
The configuration detachedConfiguration1 is both resolvable and consumable. This is considered a legacy configuration and it will eventually only be possible to be one of these.
The configuration detachedConfiguration1 is both consumable and declarable. This combination is incorrect, only one of these flags should be set.
The configuration :react-native-firebase_firestore:classpath is both resolvable and consumable. This is considered a legacy configuration and it will eventually only be possible to be one of these.
The configuration :react-native-firebase_firestore:classpath is both consumable and declarable. This combination is incorrect, only one of these flags should be set.
The configuration :react-native-firebase_firestore:classpath is both resolvable and consumable. This is considered a legacy configuration and it will eventually only be possible to be one of these.
The configuration :react-native-firebase_firestore:classpath is both consumable and declarable. This combination is incorrect, only one of these flags should be set.
The configuration :react-native-firebase_firestore:classpath is both resolvable and consumable. This is considered a legacy configuration and it will eventually only be possible to be one of these.
The configuration :react-native-firebase_firestore:classpath is both consumable and declarable. This combination is incorrect, only one of these flags should be set.
Using default execution profile
:react-native-firebase_firestore package.json found at C:\Users\ASUS\Documents\GitHub\newest-qr-menu\StaffNativeApp\node_modules\@react-native-firebase\firestore\package.json
:react-native-firebase_app package.json found at C:\Users\ASUS\Documents\GitHub\newest-qr-menu\StaffNativeApp\node_modules\@react-native-firebase\app\package.json
:react-native-firebase_firestore:firebase.bom using default value: 34.4.0
:react-native-firebase_firestore package.json found at C:\Users\ASUS\Documents\GitHub\newest-qr-menu\StaffNativeApp\node_modules\@react-native-firebase\firestore\package.json
:react-native-firebase_firestore:version set from package.json: 23.5.0 (23,5,0 - 23005000)
:react-native-firebase_firestore:android.compileSdk using custom value: 34
:react-native-firebase_firestore:android.targetSdk using custom value: 34
:react-native-firebase_firestore:android.minSdk using custom value: 23
:react-native-firebase_firestore:reactNativeAndroidDir C:\Users\ASUS\Documents\GitHub\newest-qr-menu\StaffNativeApp\node_modules\react-native\android

> Configure project :react-native-firebase_messaging
Evaluating project ':react-native-firebase_messaging' using build file 'C:\Users\ASUS\Documents\GitHub\newest-qr-menu\StaffNativeApp\node_modules\@react-native-firebase\messaging\android\build.gradle'.
The configuration detachedConfiguration1 is both resolvable and consumable. This is considered a legacy configuration and it will eventually only be possible to be one of these.
The configuration detachedConfiguration1 is both consumable and declarable. This combination is incorrect, only one of these flags should be set.
The configuration detachedConfiguration1 is both resolvable and consumable. This is considered a legacy configuration and it will eventually only be possible to be one of these.
The configuration detachedConfiguration1 is both consumable and declarable. This combination is incorrect, only one of these flags should be set.
The configuration :react-native-firebase_messaging:classpath is both resolvable and consumable. This is considered a legacy configuration and it will eventually only be possible to be one of these.
The configuration :react-native-firebase_messaging:classpath is both consumable and declarable. This combination is incorrect, only one of these flags should be set.
The configuration :react-native-firebase_messaging:classpath is both resolvable and consumable. This is considered a legacy configuration and it will eventually only be possible to be one of these.
The configuration :react-native-firebase_messaging:classpath is both consumable and declarable. This combination is incorrect, only one of these flags should be set.
The configuration :react-native-firebase_messaging:classpath is both resolvable and consumable. This is considered a legacy configuration and it will eventually only be possible to be one of these.
The configuration :react-native-firebase_messaging:classpath is both consumable and declarable. This combination is incorrect, only one of these flags should be set.
Using default execution profile
:react-native-firebase_messaging package.json found at C:\Users\ASUS\Documents\GitHub\newest-qr-menu\StaffNativeApp\node_modules\@react-native-firebase\messaging\package.json
:react-native-firebase_app package.json found at C:\Users\ASUS\Documents\GitHub\newest-qr-menu\StaffNativeApp\node_modules\@react-native-firebase\app\package.json
:react-native-firebase_messaging no firebase.json found, skipping
:react-native-firebase_messaging:firebase.bom using default value: 34.4.0
:react-native-firebase_messaging package.json found at C:\Users\ASUS\Documents\GitHub\newest-qr-menu\StaffNativeApp\node_modules\@react-native-firebase\messaging\package.json
:react-native-firebase_messaging:version set from package.json: 23.5.0 (23,5,0 - 23005000)
:react-native-firebase_messaging:android.compileSdk using custom value: 34
:react-native-firebase_messaging:android.targetSdk using custom value: 34
:react-native-firebase_messaging:android.minSdk using custom value: 23
:react-native-firebase_messaging:reactNativeAndroidDir C:\Users\ASUS\Documents\GitHub\newest-qr-menu\StaffNativeApp\node_modules\react-native\android

> Configure project :react-native-track-player-next
Evaluating project ':react-native-track-player-next' using build file 'C:\Users\ASUS\Documents\GitHub\newest-qr-menu\StaffNativeApp\node_modules\react-native-track-player-next\android\build.gradle'.
The configuration :react-native-track-player-next:classpath is both resolvable and consumable. This is considered a legacy configuration and it will eventually only be possible to be one of these.
The configuration :react-native-track-player-next:classpath is both consumable and declarable. This combination is incorrect, only one of these flags should be set.
The configuration :react-native-track-player-next:classpath is both resolvable and consumable. This is considered a legacy configuration and it will eventually only be possible to be one of these.
The configuration :react-native-track-player-next:classpath is both consumable and declarable. This combination is incorrect, only one of these flags should be set.
The configuration :react-native-track-player-next:classpath is both resolvable and consumable. This is considered a legacy configuration and it will eventually only be possible to be one of these.
The configuration :react-native-track-player-next:classpath is both consumable and declarable. This combination is incorrect, only one of these flags should be set.
Using default execution profile
Using Kotlin Gradle Plugin gradle82 variant

> Configure project :react-native-webview
Evaluating project ':react-native-webview' using build file 'C:\Users\ASUS\Documents\GitHub\newest-qr-menu\StaffNativeApp\node_modules\react-native-webview\android\build.gradle'.
The configuration :react-native-webview:classpath is both resolvable and consumable. This is considered a legacy configuration and it will eventually only be possible to be one of these.
The configuration :react-native-webview:classpath is both consumable and declarable. This combination is incorrect, only one of these flags should be set.
The configuration :react-native-webview:classpath is both resolvable and consumable. This is considered a legacy configuration and it will eventually only be possible to be one of these.
The configuration :react-native-webview:classpath is both consumable and declarable. This combination is incorrect, only one of these flags should be set.
The configuration :react-native-webview:classpath is both resolvable and consumable. This is considered a legacy configuration and it will eventually only be possible to be one of these.
The configuration :react-native-webview:classpath is both consumable and declarable. This combination is incorrect, only one of these flags should be set.
Using default execution profile
Using Kotlin Gradle Plugin gradle82 variant
All projects evaluated.
>>> TOOLCHAIN CHECK: app compileDebugAndroidTestJavaWithJavac java target=17
>>> TOOLCHAIN CHECK: app compileDebugJavaWithJavac java target=17
>>> TOOLCHAIN CHECK: app compileDebugUnitTestJavaWithJavac java target=17
>>> TOOLCHAIN CHECK: app compileReleaseJavaWithJavac java target=17
>>> TOOLCHAIN CHECK: app compileReleaseUnitTestJavaWithJavac java target=17
>>> TOOLCHAIN CHECK: react-native-async-storage_async-storage compileDebugAndroidTestJavaWithJavac java target=17
>>> TOOLCHAIN CHECK: react-native-async-storage_async-storage compileDebugJavaWithJavac java target=17
>>> TOOLCHAIN CHECK: react-native-async-storage_async-storage compileDebugUnitTestJavaWithJavac java target=17
>>> TOOLCHAIN CHECK: react-native-async-storage_async-storage compileReleaseJavaWithJavac java target=17
>>> TOOLCHAIN CHECK: react-native-async-storage_async-storage compileReleaseUnitTestJavaWithJavac java target=17
>>> TOOLCHAIN CHECK: react-native-firebase_app compileDebugAndroidTestJavaWithJavac java target=17
>>> TOOLCHAIN CHECK: react-native-firebase_app compileDebugJavaWithJavac java target=17
>>> TOOLCHAIN CHECK: react-native-firebase_app compileDebugUnitTestJavaWithJavac java target=17
>>> TOOLCHAIN CHECK: react-native-firebase_app compileReleaseJavaWithJavac java target=17
>>> TOOLCHAIN CHECK: react-native-firebase_app compileReleaseUnitTestJavaWithJavac java target=17
>>> TOOLCHAIN CHECK: react-native-firebase_firestore compileDebugAndroidTestJavaWithJavac java target=17
>>> TOOLCHAIN CHECK: react-native-firebase_firestore compileDebugJavaWithJavac java target=17
>>> TOOLCHAIN CHECK: react-native-firebase_firestore compileDebugUnitTestJavaWithJavac java target=17
>>> TOOLCHAIN CHECK: react-native-firebase_firestore compileReleaseJavaWithJavac java target=17
>>> TOOLCHAIN CHECK: react-native-firebase_firestore compileReleaseUnitTestJavaWithJavac java target=17
>>> TOOLCHAIN CHECK: react-native-firebase_messaging compileDebugAndroidTestJavaWithJavac java target=17
>>> TOOLCHAIN CHECK: react-native-firebase_messaging compileDebugJavaWithJavac java target=17
>>> TOOLCHAIN CHECK: react-native-firebase_messaging compileDebugUnitTestJavaWithJavac java target=17
>>> TOOLCHAIN CHECK: react-native-firebase_messaging compileReleaseJavaWithJavac java target=17
>>> TOOLCHAIN CHECK: react-native-firebase_messaging compileReleaseUnitTestJavaWithJavac java target=17
>>> TOOLCHAIN CHECK: react-native-track-player-next compileDebugAndroidTestJavaWithJavac java target=17
>>> TOOLCHAIN CHECK: react-native-track-player-next compileDebugJavaWithJavac java target=17
>>> TOOLCHAIN CHECK: react-native-track-player-next compileDebugUnitTestJavaWithJavac java target=17
>>> TOOLCHAIN CHECK: react-native-track-player-next compileReleaseJavaWithJavac java target=17
>>> TOOLCHAIN CHECK: react-native-track-player-next compileReleaseUnitTestJavaWithJavac java target=17
>>> TOOLCHAIN CHECK: react-native-webview compileDebugAndroidTestJavaWithJavac java target=17
>>> TOOLCHAIN CHECK: react-native-webview compileDebugJavaWithJavac java target=17
>>> TOOLCHAIN CHECK: react-native-webview compileDebugUnitTestJavaWithJavac java target=17
>>> TOOLCHAIN CHECK: react-native-webview compileReleaseJavaWithJavac java target=17
>>> TOOLCHAIN CHECK: react-native-webview compileReleaseUnitTestJavaWithJavac java target=17
The configuration :classpath is both resolvable and consumable. This is considered a legacy configuration and it will eventually only be possible to be one of these.
The configuration :classpath is both consumable and declarable. This combination is incorrect, only one of these flags should be set.
Found project 'project :gradle-plugin' as substitute for module 'com.facebook.react:react-native-gradle-plugin'.
The configuration :classpath is both resolvable and consumable. This is considered a legacy configuration and it will eventually only be possible to be one of these.
The configuration :classpath is both consumable and declarable. This combination is incorrect, only one of these flags should be set.
The configuration :classpath is both resolvable and consumable. This is considered a legacy configuration and it will eventually only be possible to be one of these.
The configuration :classpath is both consumable and declarable. This combination is incorrect, only one of these flags should be set.
The configuration :classpath is both resolvable and consumable. This is considered a legacy configuration and it will eventually only be possible to be one of these.
The configuration :classpath is both consumable and declarable. This combination is incorrect, only one of these flags should be set.
The configuration :classpath is both resolvable and consumable. This is considered a legacy configuration and it will eventually only be possible to be one of these.
The configuration :classpath is both consumable and declarable. This combination is incorrect, only one of these flags should be set.
The configuration :app:classpath is both resolvable and consumable. This is considered a legacy configuration and it will eventually only be possible to be one of these.
The configuration :app:classpath is both consumable and declarable. This combination is incorrect, only one of these flags should be set.
The configuration :app:classpath is both resolvable and consumable. This is considered a legacy configuration and it will eventually only be possible to be one of these.
The configuration :app:classpath is both consumable and declarable. This combination is incorrect, only one of these flags should be set.
The configuration :app:classpath is both resolvable and consumable. This is considered a legacy configuration and it will eventually only be possible to be one of these.
The configuration :app:classpath is both consumable and declarable. This combination is incorrect, only one of these flags should be set.
The configuration :app:classpath is both resolvable and consumable. This is considered a legacy configuration and it will eventually only be possible to be one of these.
The configuration :app:classpath is both consumable and declarable. This combination is incorrect, only one of these flags should be set.
The configuration :app:classpath is both resolvable and consumable. This is considered a legacy configuration and it will eventually only be possible to be one of these.
The configuration :app:classpath is both consumable and declarable. This combination is incorrect, only one of these flags should be set.
The configuration :app:classpath is both resolvable and consumable. This is considered a legacy configuration and it will eventually only be possible to be one of these.
The configuration :app:classpath is both consumable and declarable. This combination is incorrect, only one of these flags should be set.
The configuration :react-native-async-storage_async-storage:classpath is both resolvable and consumable. This is considered a legacy configuration and it will eventually only be possible to be one of these.
The configuration :react-native-async-storage_async-storage:classpath is both consumable and declarable. This combination is incorrect, only one of these flags should be set.
The configuration :react-native-async-storage_async-storage:classpath is both resolvable and consumable. This is considered a legacy configuration and it will eventually only be possible to be one of these.
The configuration :react-native-async-storage_async-storage:classpath is both consumable and declarable. This combination is incorrect, only one of these flags should be set.
The configuration :react-native-async-storage_async-storage:classpath is both resolvable and consumable. This is considered a legacy configuration and it will eventually only be possible to be one of these.
The configuration :react-native-async-storage_async-storage:classpath is both consumable and declarable. This combination is incorrect, only one of these flags should be set.
The configuration :react-native-async-storage_async-storage:classpath is both resolvable and consumable. This is considered a legacy configuration and it will eventually only be possible to be one of these.
The configuration :react-native-async-storage_async-storage:classpath is both consumable and declarable. This combination is incorrect, only one of these flags should be set.
The configuration :react-native-async-storage_async-storage:classpath is both resolvable and consumable. This is considered a legacy configuration and it will eventually only be possible to be one of these.
The configuration :react-native-async-storage_async-storage:classpath is both consumable and declarable. This combination is incorrect, only one of these flags should be set.
The configuration :react-native-firebase_app:classpath is both resolvable and consumable. This is considered a legacy configuration and it will eventually only be possible to be one of these.
The configuration :react-native-firebase_app:classpath is both consumable and declarable. This combination is incorrect, only one of these flags should be set.
The configuration :react-native-firebase_app:classpath is both resolvable and consumable. This is considered a legacy configuration and it will eventually only be possible to be one of these.
The configuration :react-native-firebase_app:classpath is both consumable and declarable. This combination is incorrect, only one of these flags should be set.
The configuration :react-native-firebase_app:classpath is both resolvable and consumable. This is considered a legacy configuration and it will eventually only be possible to be one of these.
The configuration :react-native-firebase_app:classpath is both consumable and declarable. This combination is incorrect, only one of these flags should be set.
The configuration :react-native-firebase_app:classpath is both resolvable and consumable. This is considered a legacy configuration and it will eventually only be possible to be one of these.
The configuration :react-native-firebase_app:classpath is both consumable and declarable. This combination is incorrect, only one of these flags should be set.
The configuration :react-native-firebase_app:classpath is both resolvable and consumable. This is considered a legacy configuration and it will eventually only be possible to be one of these.
The configuration :react-native-firebase_app:classpath is both consumable and declarable. This combination is incorrect, only one of these flags should be set.
The configuration :react-native-firebase_firestore:classpath is both resolvable and consumable. This is considered a legacy configuration and it will eventually only be possible to be one of these.
The configuration :react-native-firebase_firestore:classpath is both consumable and declarable. This combination is incorrect, only one of these flags should be set.
The configuration :react-native-firebase_firestore:classpath is both resolvable and consumable. This is considered a legacy configuration and it will eventually only be possible to be one of these.
The configuration :react-native-firebase_firestore:classpath is both consumable and declarable. This combination is incorrect, only one of these flags should be set.
The configuration :react-native-firebase_firestore:classpath is both resolvable and consumable. This is considered a legacy configuration and it will eventually only be possible to be one of these.
The configuration :react-native-firebase_firestore:classpath is both consumable and declarable. This combination is incorrect, only one of these flags should be set.
The configuration :react-native-firebase_firestore:classpath is both resolvable and consumable. This is considered a legacy configuration and it will eventually only be possible to be one of these.
The configuration :react-native-firebase_firestore:classpath is both consumable and declarable. This combination is incorrect, only one of these flags should be set.
The configuration :react-native-firebase_firestore:classpath is both resolvable and consumable. This is considered a legacy configuration and it will eventually only be possible to be one of these.
The configuration :react-native-firebase_firestore:classpath is both consumable and declarable. This combination is incorrect, only one of these flags should be set.
The configuration :react-native-firebase_messaging:classpath is both resolvable and consumable. This is considered a legacy configuration and it will eventually only be possible to be one of these.
The configuration :react-native-firebase_messaging:classpath is both consumable and declarable. This combination is incorrect, only one of these flags should be set.
The configuration :react-native-firebase_messaging:classpath is both resolvable and consumable. This is considered a legacy configuration and it will eventually only be possible to be one of these.
The configuration :react-native-firebase_messaging:classpath is both consumable and declarable. This combination is incorrect, only one of these flags should be set.
The configuration :react-native-firebase_messaging:classpath is both resolvable and consumable. This is considered a legacy configuration and it will eventually only be possible to be one of these.
The configuration :react-native-firebase_messaging:classpath is both consumable and declarable. This combination is incorrect, only one of these flags should be set.
The configuration :react-native-firebase_messaging:classpath is both resolvable and consumable. This is considered a legacy configuration and it will eventually only be possible to be one of these.
The configuration :react-native-firebase_messaging:classpath is both consumable and declarable. This combination is incorrect, only one of these flags should be set.
The configuration :react-native-firebase_messaging:classpath is both resolvable and consumable. This is considered a legacy configuration and it will eventually only be possible to be one of these.
The configuration :react-native-firebase_messaging:classpath is both consumable and declarable. This combination is incorrect, only one of these flags should be set.
The configuration :react-native-track-player-next:classpath is both resolvable and consumable. This is considered a legacy configuration and it will eventually only be possible to be one of these.
The configuration :react-native-track-player-next:classpath is both consumable and declarable. This combination is incorrect, only one of these flags should be set.
The configuration :react-native-track-player-next:classpath is both resolvable and consumable. This is considered a legacy configuration and it will eventually only be possible to be one of these.
The configuration :react-native-track-player-next:classpath is both consumable and declarable. This combination is incorrect, only one of these flags should be set.
The configuration :react-native-track-player-next:classpath is both resolvable and consumable. This is considered a legacy configuration and it will eventually only be possible to be one of these.
The configuration :react-native-track-player-next:classpath is both consumable and declarable. This combination is incorrect, only one of these flags should be set.
The configuration :react-native-track-player-next:classpath is both resolvable and consumable. This is considered a legacy configuration and it will eventually only be possible to be one of these.
The configuration :react-native-track-player-next:classpath is both consumable and declarable. This combination is incorrect, only one of these flags should be set.
The configuration :react-native-track-player-next:classpath is both resolvable and consumable. This is considered a legacy configuration and it will eventually only be possible to be one of these.
The configuration :react-native-track-player-next:classpath is both consumable and declarable. This combination is incorrect, only one of these flags should be set.
The configuration :react-native-webview:classpath is both resolvable and consumable. This is considered a legacy configuration and it will eventually only be possible to be one of these.
The configuration :react-native-webview:classpath is both consumable and declarable. This combination is incorrect, only one of these flags should be set.
The configuration :react-native-webview:classpath is both resolvable and consumable. This is considered a legacy configuration and it will eventually only be possible to be one of these.
The configuration :react-native-webview:classpath is both consumable and declarable. This combination is incorrect, only one of these flags should be set.
The configuration :react-native-webview:classpath is both resolvable and consumable. This is considered a legacy configuration and it will eventually only be possible to be one of these.
The configuration :react-native-webview:classpath is both consumable and declarable. This combination is incorrect, only one of these flags should be set.
The configuration :react-native-webview:classpath is both resolvable and consumable. This is considered a legacy configuration and it will eventually only be possible to be one of these.
The configuration :react-native-webview:classpath is both consumable and declarable. This combination is incorrect, only one of these flags should be set.
The configuration :react-native-webview:classpath is both resolvable and consumable. This is considered a legacy configuration and it will eventually only be possible to be one of these.
The configuration :react-native-webview:classpath is both consumable and declarable. This combination is incorrect, only one of these flags should be set.
>>> [DEBUG] react-native-track-player-next compileDebugAndroidTestJavaWithJavac source=17 target=17
>>> [DEBUG] react-native-track-player-next compileDebugJavaWithJavac source=17 target=17
>>> [DEBUG] react-native-track-player-next compileDebugUnitTestJavaWithJavac source=17 target=17
>>> [DEBUG] react-native-track-player-next compileReleaseJavaWithJavac source=17 target=17
>>> [DEBUG] react-native-track-player-next compileReleaseUnitTestJavaWithJavac source=17 target=17
>>> [DEBUG] react-native-track-player-next compileDebugAndroidTestKotlin kotlinJvmTarget=17
>>> [DEBUG] react-native-track-player-next compileDebugKotlin kotlinJvmTarget=17
>>> [DEBUG] react-native-track-player-next compileDebugUnitTestKotlin kotlinJvmTarget=17
>>> [DEBUG] react-native-track-player-next compileReleaseKotlin kotlinJvmTarget=17
>>> [DEBUG] react-native-track-player-next compileReleaseUnitTestKotlin kotlinJvmTarget=17
Task path ':react-native-track-player-next:compileDebugKotlin' matched project ':react-native-track-player-next'
Task name matched 'compileDebugKotlin'
Selected primary task 'compileDebugKotlin' from project :react-native-track-player-next
Tasks to be executed: [task ':react-native-track-player-next:checkKotlinGradlePluginConfigurationErrors', task ':react-native-track-player-next:preBuild', task ':react-native-track-player-next:preDebugBuild', task ':react-native-track-player-next:generateDebugResValues', task ':react-native-track-player-next:generateDebugResources', task ':react-native-track-player-next:packageDebugResources', task ':react-native-track-player-next:parseDebugLocalResources', task ':react-native-track-player-next:processDebugManifest', task ':react-native-track-player-next:generateDebugRFile', task ':react-native-track-player-next:compileDebugKotlin']
Tasks that were excluded: []
Resolve mutations for :react-native-track-player-next:checkKotlinGradlePluginConfigurationErrors (Thread[Execution worker Thread 7,5,main]) started.
:react-native-track-player-next:checkKotlinGradlePluginConfigurationErrors (Thread[Execution worker Thread 7,5,main]) started.

> Task :react-native-track-player-next:checkKotlinGradlePluginConfigurationErrors
Caching disabled for task ':react-native-track-player-next:checkKotlinGradlePluginConfigurationErrors' because:
  Build cache is disabled
Task ':react-native-track-player-next:checkKotlinGradlePluginConfigurationErrors' is not up-to-date because:
  Task has not declared any outputs despite executing actions.
Resolve mutations for :react-native-track-player-next:preBuild (Thread[Execution worker Thread 7,5,main]) started.
:react-native-track-player-next:preBuild (Thread[Execution worker Thread 7,5,main]) started.

> Task :react-native-track-player-next:preBuild UP-TO-DATE
Skipping task ':react-native-track-player-next:preBuild' as it has no actions.
Resolve mutations for :react-native-track-player-next:preDebugBuild (Thread[Execution worker Thread 7,5,main]) started.
:react-native-track-player-next:preDebugBuild (Thread[Execution worker Thread 7,5,main]) started.

> Task :react-native-track-player-next:preDebugBuild UP-TO-DATE
Skipping task ':react-native-track-player-next:preDebugBuild' as it has no actions.
Resolve mutations for :react-native-track-player-next:generateDebugResValues (Thread[Execution worker Thread 7,5,main]) started.
:react-native-track-player-next:generateDebugResValues (Thread[Execution worker Thread 7,5,main]) started.

> Task :react-native-track-player-next:generateDebugResValues UP-TO-DATE
Caching disabled for task ':react-native-track-player-next:generateDebugResValues' because:
  Build cache is disabled
Skipping task ':react-native-track-player-next:generateDebugResValues' as it is up-to-date.
Resolve mutations for :react-native-track-player-next:generateDebugResources (Thread[Execution worker Thread 7,5,main]) started.
:react-native-track-player-next:generateDebugResources (Thread[Execution worker Thread 7,5,main]) started.

> Task :react-native-track-player-next:generateDebugResources UP-TO-DATE
Skipping task ':react-native-track-player-next:generateDebugResources' as it has no actions.
Resolve mutations for :react-native-track-player-next:packageDebugResources (Thread[Execution worker Thread 7,5,main]) started.
:react-native-track-player-next:packageDebugResources (Thread[Execution worker Thread 7,5,main]) started.

> Task :react-native-track-player-next:packageDebugResources UP-TO-DATE
Caching disabled for task ':react-native-track-player-next:packageDebugResources' because:
  Build cache is disabled
Skipping task ':react-native-track-player-next:packageDebugResources' as it is up-to-date.
Resolve mutations for :react-native-track-player-next:parseDebugLocalResources (Thread[Execution worker Thread 7,5,main]) started.
:react-native-track-player-next:parseDebugLocalResources (Thread[Execution worker Thread 7,5,main]) started.

> Task :react-native-track-player-next:parseDebugLocalResources UP-TO-DATE
Transforming android.jar with PlatformAttrTransform
Caching disabled for PlatformAttrTransform: C:\Users\ASUS\AppData\Local\Android\Sdk\platforms\android-34\android.jar because:
  Build cache is disabled
Skipping PlatformAttrTransform: C:\Users\ASUS\AppData\Local\Android\Sdk\platforms\android-34\android.jar as it is up-to-date.
Transforming android.jar with PlatformAttrTransform
Caching disabled for task ':react-native-track-player-next:parseDebugLocalResources' because:
  Build cache is disabled
Skipping task ':react-native-track-player-next:parseDebugLocalResources' as it is up-to-date.
Resolve mutations for :react-native-track-player-next:processDebugManifest (Thread[Execution worker Thread 7,5,main]) started.
:react-native-track-player-next:processDebugManifest (Thread[Execution worker Thread 7,5,main]) started.

> Task :react-native-track-player-next:processDebugManifest UP-TO-DATE
Caching disabled for task ':react-native-track-player-next:processDebugManifest' because:
  Build cache is disabled
Skipping task ':react-native-track-player-next:processDebugManifest' as it is up-to-date.
Resolve mutations for :react-native-track-player-next:generateDebugRFile (Thread[Execution worker Thread 7,5,main]) started.
:react-native-track-player-next:generateDebugRFile (Thread[Execution worker Thread 7,5,main]) started.

> Task :react-native-track-player-next:generateDebugRFile UP-TO-DATE
Transforming android.jar with PlatformAttrTransform
Caching disabled for task ':react-native-track-player-next:generateDebugRFile' because:
  Build cache is disabled
Skipping task ':react-native-track-player-next:generateDebugRFile' as it is up-to-date.
Resolve mutations for :react-native-track-player-next:compileDebugKotlin (Thread[Execution worker Thread 7,5,main]) started.
:react-native-track-player-next:compileDebugKotlin (Thread[Execution worker Thread 7,5,main]) started.

> Task :react-native-track-player-next:compileDebugKotlin
Transforming appcompat-1.5.0.aar (androidx.appcompat:appcompat:1.5.0) with JetifyTransform
Transforming lifecycle-viewmodel-savedstate-2.5.0.aar (androidx.lifecycle:lifecycle-viewmodel-savedstate:2.5.0) with JetifyTransform
Transforming react-android-0.72.10-debug.aar (com.facebook.react:react-android:0.72.10) with JetifyTransform
Transforming fragment-1.3.6.aar (androidx.fragment:fragment:1.3.6) with JetifyTransform
Transforming activity-1.5.0.aar (androidx.activity:activity:1.5.0) with JetifyTransform
Transforming core-ktx-1.9.0.aar (androidx.core:core-ktx:1.9.0) with JetifyTransform
Caching disabled for JetifyTransform: C:\Users\ASUS\.gradle\caches\modules-2\files-2.1\androidx.appcompat\appcompat\1.5.0\51d27cbb0837894515488e74491eb255655edf09\appcompat-1.5.0.aar because:
  Build cache is disabled
Skipping JetifyTransform: C:\Users\ASUS\.gradle\caches\modules-2\files-2.1\androidx.appcompat\appcompat\1.5.0\51d27cbb0837894515488e74491eb255655edf09\appcompat-1.5.0.aar as it is up-to-date.
Transforming failureaccess-1.0.1.jar (com.google.guava:failureaccess:1.0.1) with JetifyTransform
Caching disabled for JetifyTransform: C:\Users\ASUS\.gradle\caches\modules-2\files-2.1\androidx.lifecycle\lifecycle-viewmodel-savedstate\2.5.0\890d51ee22f2d4e59ce8470a764d2d97c4d8244a\lifecycle-viewmodel-savedstate-2.5.0.aar because:
  Build cache is disabled
Skipping JetifyTransform: C:\Users\ASUS\.gradle\caches\modules-2\files-2.1\androidx.lifecycle\lifecycle-viewmodel-savedstate\2.5.0\890d51ee22f2d4e59ce8470a764d2d97c4d8244a\lifecycle-viewmodel-savedstate-2.5.0.aar as it is up-to-date.
Transforming appcompat-1.5.0.aar (androidx.appcompat:appcompat:1.5.0) with AarToClassTransform
Transforming lifecycle-viewmodel-savedstate-2.5.0.aar (androidx.lifecycle:lifecycle-viewmodel-savedstate:2.5.0) with AarToClassTransform
Caching disabled for JetifyTransform: C:\Users\ASUS\.gradle\caches\modules-2\files-2.1\androidx.activity\activity\1.5.0\14034d530db6f24d300b7f7bd9964d324622256f\activity-1.5.0.aar because:
  Build cache is disabled
Skipping JetifyTransform: C:\Users\ASUS\.gradle\caches\modules-2\files-2.1\androidx.activity\activity\1.5.0\14034d530db6f24d300b7f7bd9964d324622256f\activity-1.5.0.aar as it is up-to-date.
Transforming activity-1.5.0.aar (androidx.activity:activity:1.5.0) with AarToClassTransform
Transforming listenablefuture-9999.0-empty-to-avoid-conflict-with-guava.jar (com.google.guava:listenablefuture:9999.0-empty-to-avoid-conflict-with-guava) with JetifyTransform
Transforming jsr305-3.0.2.jar (com.google.code.findbugs:jsr305:3.0.2) with JetifyTransform
Caching disabled for JetifyTransform: C:\Users\ASUS\.gradle\caches\modules-2\files-2.1\com.facebook.react\react-android\0.72.10\c5ac5a8def743e5f7e043d14f1586916709f9c19\react-android-0.72.10-debug.aar because:
  Build cache is disabled
Caching disabled for AarToClassTransform: C:\Users\ASUS\.gradle\caches\modules-2\files-2.1\androidx.appcompat\appcompat\1.5.0\51d27cbb0837894515488e74491eb255655edf09\appcompat-1.5.0.aar because:
  Build cache is disabled
Transforming javax.inject-1.jar (javax.inject:javax.inject:1) with JetifyTransform
Skipping AarToClassTransform: C:\Users\ASUS\.gradle\caches\modules-2\files-2.1\androidx.appcompat\appcompat\1.5.0\51d27cbb0837894515488e74491eb255655edf09\appcompat-1.5.0.aar as it is up-to-date.
Transforming kotlinaudio-v2.1.0.aar (com.github.doublesymmetry:kotlinaudio:v2.1.0) with JetifyTransform
Skipping JetifyTransform: C:\Users\ASUS\.gradle\caches\modules-2\files-2.1\com.facebook.react\react-android\0.72.10\c5ac5a8def743e5f7e043d14f1586916709f9c19\react-android-0.72.10-debug.aar as it is up-to-date.
Transforming kotlinx-coroutines-android-1.6.4.jar (org.jetbrains.kotlinx:kotlinx-coroutines-android:1.6.4) with JetifyTransform
Caching disabled for AarToClassTransform: C:\Users\ASUS\.gradle\caches\transforms-3\baa6ee903a56c659b2202e701cb22d64\transformed\jetified-lifecycle-viewmodel-savedstate-2.5.0.aar because:
  Build cache is disabled
Caching disabled for JetifyTransform: C:\Users\ASUS\.gradle\caches\modules-2\files-2.1\androidx.fragment\fragment\1.3.6\6391fc504e7c0f24051ac8b9da3f0ba4d1241dff\fragment-1.3.6.aar because:
  Build cache is disabled
Transforming okhttp-urlconnection-4.9.2.jar (com.squareup.okhttp3:okhttp-urlconnection:4.9.2) with JetifyTransform
Skipping AarToClassTransform: C:\Users\ASUS\.gradle\caches\transforms-3\baa6ee903a56c659b2202e701cb22d64\transformed\jetified-lifecycle-viewmodel-savedstate-2.5.0.aar as it is up-to-date.
Caching disabled for JetifyTransform: C:\Users\ASUS\.gradle\caches\modules-2\files-2.1\androidx.core\core-ktx\1.9.0\b56f6b1bcb7882a9933c963907818da2094ae3a4\core-ktx-1.9.0.aar because:
  Build cache is disabled
Skipping JetifyTransform: C:\Users\ASUS\.gradle\caches\modules-2\files-2.1\androidx.core\core-ktx\1.9.0\b56f6b1bcb7882a9933c963907818da2094ae3a4\core-ktx-1.9.0.aar as it is up-to-date.
Transforming react-android-0.72.10-debug.aar (com.facebook.react:react-android:0.72.10) with AarToClassTransform
Caching disabled for AarToClassTransform: C:\Users\ASUS\.gradle\caches\transforms-3\c5e175fb926cb3da40fedc959f5e0a6f\transformed\jetified-activity-1.5.0.aar because:
  Build cache is disabled
Skipping AarToClassTransform: C:\Users\ASUS\.gradle\caches\transforms-3\c5e175fb926cb3da40fedc959f5e0a6f\transformed\jetified-activity-1.5.0.aar as it is up-to-date.
Transforming core-ktx-1.9.0.aar (androidx.core:core-ktx:1.9.0) with AarToClassTransform
Skipping JetifyTransform: C:\Users\ASUS\.gradle\caches\modules-2\files-2.1\androidx.fragment\fragment\1.3.6\6391fc504e7c0f24051ac8b9da3f0ba4d1241dff\fragment-1.3.6.aar as it is up-to-date.
Transforming kotlinx-coroutines-core-jvm-1.6.4.jar (org.jetbrains.kotlinx:kotlinx-coroutines-core-jvm:1.6.4) with JetifyTransform
Transforming fragment-1.3.6.aar (androidx.fragment:fragment:1.3.6) with AarToClassTransform
Transforming imagepipeline-okhttp3-2.5.0.aar (com.facebook.fresco:imagepipeline-okhttp3:2.5.0) with JetifyTransform
Caching disabled for JetifyTransform: C:\Users\ASUS\.gradle\caches\modules-2\files-2.1\org.jetbrains.kotlinx\kotlinx-coroutines-android\1.6.4\f955fc8b2ad196e2f4429598440e15f7492eeb2b\kotlinx-coroutines-android-1.6.4.jar because:
  Build cache is disabled
Skipping JetifyTransform: C:\Users\ASUS\.gradle\caches\modules-2\files-2.1\org.jetbrains.kotlinx\kotlinx-coroutines-android\1.6.4\f955fc8b2ad196e2f4429598440e15f7492eeb2b\kotlinx-coroutines-android-1.6.4.jar as it is up-to-date.
Caching disabled for JetifyTransform: C:\Users\ASUS\.gradle\caches\modules-2\files-2.1\com.github.doublesymmetry\kotlinaudio\v2.1.0\5aa592b05d3cda2dd1eccb9af304dc9c727b525c\kotlinaudio-v2.1.0.aar because:
  Build cache is disabled
Transforming kotlinx-coroutines-android-1.6.4.jar (org.jetbrains.kotlinx:kotlinx-coroutines-android:1.6.4) with IdentityTransform
Skipping JetifyTransform: C:\Users\ASUS\.gradle\caches\modules-2\files-2.1\com.github.doublesymmetry\kotlinaudio\v2.1.0\5aa592b05d3cda2dd1eccb9af304dc9c727b525c\kotlinaudio-v2.1.0.aar as it is up-to-date.
Transforming kotlinaudio-v2.1.0.aar (com.github.doublesymmetry:kotlinaudio:v2.1.0) with AarToClassTransform
Caching disabled for JetifyTransform: C:\Users\ASUS\.gradle\caches\modules-2\files-2.1\org.jetbrains.kotlinx\kotlinx-coroutines-core-jvm\1.6.4\2c997cd1c0ef33f3e751d3831929aeff1390cb30\kotlinx-coroutines-core-jvm-1.6.4.jar because:
  Build cache is disabled
Skipping JetifyTransform: C:\Users\ASUS\.gradle\caches\modules-2\files-2.1\org.jetbrains.kotlinx\kotlinx-coroutines-core-jvm\1.6.4\2c997cd1c0ef33f3e751d3831929aeff1390cb30\kotlinx-coroutines-core-jvm-1.6.4.jar as it is up-to-date.
Transforming kotlinx-coroutines-core-jvm-1.6.4.jar (org.jetbrains.kotlinx:kotlinx-coroutines-core-jvm:1.6.4) with IdentityTransform
Caching disabled for AarToClassTransform: C:\Users\ASUS\.gradle\caches\transforms-3\69efca4eee1dde40dad41c9f27984f54\transformed\jetified-core-ktx-1.9.0.aar because:
  Build cache is disabled
Skipping AarToClassTransform: C:\Users\ASUS\.gradle\caches\transforms-3\69efca4eee1dde40dad41c9f27984f54\transformed\jetified-core-ktx-1.9.0.aar as it is up-to-date.
Caching disabled for IdentityTransform: C:\Users\ASUS\.gradle\caches\transforms-3\4eb3c1ce805e2114126e17716273462e\transformed\jetified-kotlinx-coroutines-android-1.6.4.jar because:
  Build cache is disabled
Skipping IdentityTransform: C:\Users\ASUS\.gradle\caches\transforms-3\4eb3c1ce805e2114126e17716273462e\transformed\jetified-kotlinx-coroutines-android-1.6.4.jar as it is up-to-date.
Caching disabled for JetifyTransform: C:\Users\ASUS\.gradle\caches\modules-2\files-2.1\com.squareup.okhttp3\okhttp-urlconnection\4.9.2\3b9e64d3d56370bc7488ed8b336d17a8013cb336\okhttp-urlconnection-4.9.2.jar because:
  Build cache is disabled
Transforming okhttp-4.10.0.jar (com.squareup.okhttp3:okhttp:4.10.0) with JetifyTransform
Skipping JetifyTransform: C:\Users\ASUS\.gradle\caches\modules-2\files-2.1\com.squareup.okhttp3\okhttp-urlconnection\4.9.2\3b9e64d3d56370bc7488ed8b336d17a8013cb336\okhttp-urlconnection-4.9.2.jar as it is up-to-date.
Transforming okhttp-urlconnection-4.9.2.jar (com.squareup.okhttp3:okhttp-urlconnection:4.9.2) with IdentityTransform
Transforming okio-jvm-3.2.0.jar (com.squareup.okio:okio-jvm:3.2.0) with JetifyTransform
Caching disabled for IdentityTransform: C:\Users\ASUS\.gradle\caches\transforms-3\392e47135c8a6b94bf358e115a9a89ca\transformed\jetified-kotlinx-coroutines-core-jvm-1.6.4.jar because:
  Build cache is disabled
Skipping IdentityTransform: C:\Users\ASUS\.gradle\caches\transforms-3\392e47135c8a6b94bf358e115a9a89ca\transformed\jetified-kotlinx-coroutines-core-jvm-1.6.4.jar as it is up-to-date.
Caching disabled for AarToClassTransform: C:\Users\ASUS\.gradle\caches\transforms-3\caaa7b3234645a8d79681317fa022978\transformed\jetified-react-android-0.72.10-debug.aar because:
  Build cache is disabled
Transforming kotlin-stdlib-jdk8-1.8.0.jar (org.jetbrains.kotlin:kotlin-stdlib-jdk8:1.8.0) with JetifyTransform
Skipping AarToClassTransform: C:\Users\ASUS\.gradle\caches\transforms-3\caaa7b3234645a8d79681317fa022978\transformed\jetified-react-android-0.72.10-debug.aar as it is up-to-date.
Caching disabled for AarToClassTransform: C:\Users\ASUS\.gradle\caches\modules-2\files-2.1\androidx.fragment\fragment\1.3.6\6391fc504e7c0f24051ac8b9da3f0ba4d1241dff\fragment-1.3.6.aar because:
  Build cache is disabled
Skipping AarToClassTransform: C:\Users\ASUS\.gradle\caches\modules-2\files-2.1\androidx.fragment\fragment\1.3.6\6391fc504e7c0f24051ac8b9da3f0ba4d1241dff\fragment-1.3.6.aar as it is up-to-date.
Transforming timber-5.0.1.aar (com.jakewharton.timber:timber:5.0.1) with JetifyTransform
Caching disabled for JetifyTransform: C:\Users\ASUS\.gradle\caches\modules-2\files-2.1\com.facebook.fresco\imagepipeline-okhttp3\2.5.0\8e274a77ffbe9f8334e09855b2a811b2a63a5708\imagepipeline-okhttp3-2.5.0.aar because:
  Build cache is disabled
Skipping JetifyTransform: C:\Users\ASUS\.gradle\caches\modules-2\files-2.1\com.facebook.fresco\imagepipeline-okhttp3\2.5.0\8e274a77ffbe9f8334e09855b2a811b2a63a5708\imagepipeline-okhttp3-2.5.0.aar as it is up-to-date.
Caching disabled for AarToClassTransform: C:\Users\ASUS\.gradle\caches\transforms-3\39d78c27f49e1335c4eb660cec0c9c9d\transformed\jetified-kotlinaudio-v2.1.0.aar because:
  Build cache is disabled
Transforming imagepipeline-okhttp3-2.5.0.aar (com.facebook.fresco:imagepipeline-okhttp3:2.5.0) with AarToClassTransform
Skipping AarToClassTransform: C:\Users\ASUS\.gradle\caches\transforms-3\39d78c27f49e1335c4eb660cec0c9c9d\transformed\jetified-kotlinaudio-v2.1.0.aar as it is up-to-date.
Caching disabled for IdentityTransform: C:\Users\ASUS\.gradle\caches\transforms-3\ac51eedf7480a2d7b7f405fc1fed3bdd\transformed\jetified-okhttp-urlconnection-4.9.2.jar because:
  Build cache is disabled
Skipping IdentityTransform: C:\Users\ASUS\.gradle\caches\transforms-3\ac51eedf7480a2d7b7f405fc1fed3bdd\transformed\jetified-okhttp-urlconnection-4.9.2.jar as it is up-to-date.
Transforming localbroadcastmanager-1.1.0.aar (androidx.localbroadcastmanager:localbroadcastmanager:1.1.0) with JetifyTransform
Caching disabled for JetifyTransform: C:\Users\ASUS\.gradle\caches\modules-2\files-2.1\org.jetbrains.kotlin\kotlin-stdlib-jdk8\1.8.0\ed04f49e186a116753ad70d34f0ac2925d1d8020\kotlin-stdlib-jdk8-1.8.0.jar because:
  Build cache is disabled
Caching disabled for JetifyTransform: C:\Users\ASUS\.gradle\caches\modules-2\files-2.1\com.squareup.okhttp3\okhttp\4.10.0\cd63657ac15770ed1420647154c9f44645533bef\okhttp-4.10.0.jar because:
  Build cache is disabled
Skipping JetifyTransform: C:\Users\ASUS\.gradle\caches\modules-2\files-2.1\org.jetbrains.kotlin\kotlin-stdlib-jdk8\1.8.0\ed04f49e186a116753ad70d34f0ac2925d1d8020\kotlin-stdlib-jdk8-1.8.0.jar as it is up-to-date.
Skipping JetifyTransform: C:\Users\ASUS\.gradle\caches\modules-2\files-2.1\com.squareup.okhttp3\okhttp\4.10.0\cd63657ac15770ed1420647154c9f44645533bef\okhttp-4.10.0.jar as it is up-to-date.
Transforming okhttp-4.10.0.jar (com.squareup.okhttp3:okhttp:4.10.0) with IdentityTransform
Transforming kotlin-stdlib-jdk8-1.8.0.jar (org.jetbrains.kotlin:kotlin-stdlib-jdk8:1.8.0) with IdentityTransform
Caching disabled for JetifyTransform: C:\Users\ASUS\.gradle\caches\modules-2\files-2.1\com.squareup.okio\okio-jvm\3.2.0\332d1c5dc82b0241cb1d35bb0901d28470cc89ca\okio-jvm-3.2.0.jar because:
  Build cache is disabled
Skipping JetifyTransform: C:\Users\ASUS\.gradle\caches\modules-2\files-2.1\com.squareup.okio\okio-jvm\3.2.0\332d1c5dc82b0241cb1d35bb0901d28470cc89ca\okio-jvm-3.2.0.jar as it is up-to-date.
Transforming okio-jvm-3.2.0.jar (com.squareup.okio:okio-jvm:3.2.0) with IdentityTransform
Transforming lifecycle-process-2.5.1.aar (androidx.lifecycle:lifecycle-process:2.5.1) with JetifyTransform
Caching disabled for AarToClassTransform: C:\Users\ASUS\.gradle\caches\transforms-3\100fdad92676843312cc83b5eceb2c9e\transformed\jetified-imagepipeline-okhttp3-2.5.0.aar because:
  Build cache is disabled
Transforming appcompat-resources-1.5.0.aar (androidx.appcompat:appcompat-resources:1.5.0) with JetifyTransform
Skipping AarToClassTransform: C:\Users\ASUS\.gradle\caches\transforms-3\100fdad92676843312cc83b5eceb2c9e\transformed\jetified-imagepipeline-okhttp3-2.5.0.aar as it is up-to-date.
Caching disabled for IdentityTransform: C:\Users\ASUS\.gradle\caches\transforms-3\07846ad9d90a601a9b0d1e69134742bc\transformed\jetified-kotlin-stdlib-jdk8-1.8.0.jar because:
  Build cache is disabled
Transforming swiperefreshlayout-1.0.0.aar (androidx.swiperefreshlayout:swiperefreshlayout:1.0.0) with JetifyTransform
Skipping IdentityTransform: C:\Users\ASUS\.gradle\caches\transforms-3\07846ad9d90a601a9b0d1e69134742bc\transformed\jetified-kotlin-stdlib-jdk8-1.8.0.jar as it is up-to-date.
Caching disabled for JetifyTransform: C:\Users\ASUS\.gradle\caches\modules-2\files-2.1\com.jakewharton.timber\timber\5.0.1\661f0d6dd1c4152b26c01322bf6273a1eb206e26\timber-5.0.1.aar because:
  Build cache is disabled
Skipping JetifyTransform: C:\Users\ASUS\.gradle\caches\modules-2\files-2.1\com.jakewharton.timber\timber\5.0.1\661f0d6dd1c4152b26c01322bf6273a1eb206e26\timber-5.0.1.aar as it is up-to-date.
Transforming timber-5.0.1.aar (com.jakewharton.timber:timber:5.0.1) with AarToClassTransform
Transforming extension-mediasession-2.19.0.aar (com.google.android.exoplayer:extension-mediasession:2.19.0) with JetifyTransform
Caching disabled for IdentityTransform: C:\Users\ASUS\.gradle\caches\transforms-3\48f9e2c51f8e3bc9a5fdc0dd441e9f27\transformed\jetified-okhttp-4.10.0.jar because:
  Build cache is disabled
Skipping IdentityTransform: C:\Users\ASUS\.gradle\caches\transforms-3\48f9e2c51f8e3bc9a5fdc0dd441e9f27\transformed\jetified-okhttp-4.10.0.jar as it is up-to-date.
Caching disabled for JetifyTransform: C:\Users\ASUS\.gradle\caches\modules-2\files-2.1\androidx.localbroadcastmanager\localbroadcastmanager\1.1.0\4e8850d599ec17c3c3e9b15f507e943fc9507313\localbroadcastmanager-1.1.0.aar because:
  Build cache is disabled
Skipping JetifyTransform: C:\Users\ASUS\.gradle\caches\modules-2\files-2.1\androidx.localbroadcastmanager\localbroadcastmanager\1.1.0\4e8850d599ec17c3c3e9b15f507e943fc9507313\localbroadcastmanager-1.1.0.aar as it is up-to-date.
Transforming localbroadcastmanager-1.1.0.aar (androidx.localbroadcastmanager:localbroadcastmanager:1.1.0) with AarToClassTransform
Caching disabled for JetifyTransform: C:\Users\ASUS\.gradle\caches\modules-2\files-2.1\androidx.swiperefreshlayout\swiperefreshlayout\1.0.0\4fd265b80a2b0fbeb062ab2bc4b1487521507762\swiperefreshlayout-1.0.0.aar because:
  Build cache is disabled
Transforming exoplayer-2.19.0.aar (com.google.android.exoplayer:exoplayer:2.19.0) with JetifyTransform
Skipping JetifyTransform: C:\Users\ASUS\.gradle\caches\modules-2\files-2.1\androidx.swiperefreshlayout\swiperefreshlayout\1.0.0\4fd265b80a2b0fbeb062ab2bc4b1487521507762\swiperefreshlayout-1.0.0.aar as it is up-to-date.
Transforming swiperefreshlayout-1.0.0.aar (androidx.swiperefreshlayout:swiperefreshlayout:1.0.0) with AarToClassTransform
Caching disabled for IdentityTransform: C:\Users\ASUS\.gradle\caches\transforms-3\65713e736b91f0dd3a7259e409bd9779\transformed\jetified-okio-jvm-3.2.0.jar because:
  Build cache is disabled
Skipping IdentityTransform: C:\Users\ASUS\.gradle\caches\transforms-3\65713e736b91f0dd3a7259e409bd9779\transformed\jetified-okio-jvm-3.2.0.jar as it is up-to-date.
Transforming exoplayer-ui-2.19.0.aar (com.google.android.exoplayer:exoplayer-ui:2.19.0) with JetifyTransform
Caching disabled for JetifyTransform: C:\Users\ASUS\.gradle\caches\modules-2\files-2.1\androidx.lifecycle\lifecycle-process\2.5.1\4878982d4b4b8585d64cbfeb36d5dad109e7a73b\lifecycle-process-2.5.1.aar because:
  Build cache is disabled
Skipping JetifyTransform: C:\Users\ASUS\.gradle\caches\modules-2\files-2.1\androidx.lifecycle\lifecycle-process\2.5.1\4878982d4b4b8585d64cbfeb36d5dad109e7a73b\lifecycle-process-2.5.1.aar as it is up-to-date.
Transforming lifecycle-process-2.5.1.aar (androidx.lifecycle:lifecycle-process:2.5.1) with AarToClassTransform
Caching disabled for JetifyTransform: C:\Users\ASUS\.gradle\caches\modules-2\files-2.1\com.google.android.exoplayer\exoplayer\2.19.0\573c607c030473a2551f58fbe8b54534380742c7\exoplayer-2.19.0.aar because:
  Build cache is disabled
Caching disabled for JetifyTransform: C:\Users\ASUS\.gradle\caches\modules-2\files-2.1\com.google.android.exoplayer\extension-mediasession\2.19.0\25bb427457042d7990b309c24ca70f7c3004472f\extension-mediasession-2.19.0.aar because:
  Build cache is disabled
Skipping JetifyTransform: C:\Users\ASUS\.gradle\caches\modules-2\files-2.1\com.google.android.exoplayer\exoplayer\2.19.0\573c607c030473a2551f58fbe8b54534380742c7\exoplayer-2.19.0.aar as it is up-to-date.
Skipping JetifyTransform: C:\Users\ASUS\.gradle\caches\modules-2\files-2.1\com.google.android.exoplayer\extension-mediasession\2.19.0\25bb427457042d7990b309c24ca70f7c3004472f\extension-mediasession-2.19.0.aar as it is up-to-date.
Transforming exoplayer-2.19.0.aar (com.google.android.exoplayer:exoplayer:2.19.0) with AarToClassTransform
Transforming extension-mediasession-2.19.0.aar (com.google.android.exoplayer:extension-mediasession:2.19.0) with AarToClassTransform
Caching disabled for AarToClassTransform: C:\Users\ASUS\.gradle\caches\modules-2\files-2.1\androidx.swiperefreshlayout\swiperefreshlayout\1.0.0\4fd265b80a2b0fbeb062ab2bc4b1487521507762\swiperefreshlayout-1.0.0.aar because:
  Build cache is disabled
Skipping AarToClassTransform: C:\Users\ASUS\.gradle\caches\modules-2\files-2.1\androidx.swiperefreshlayout\swiperefreshlayout\1.0.0\4fd265b80a2b0fbeb062ab2bc4b1487521507762\swiperefreshlayout-1.0.0.aar as it is up-to-date.
Caching disabled for JetifyTransform: C:\Users\ASUS\.gradle\caches\modules-2\files-2.1\androidx.appcompat\appcompat-resources\1.5.0\bcab3a33194c2b4a955267fc4cb16de9022a39fd\appcompat-resources-1.5.0.aar because:
  Build cache is disabled
Skipping JetifyTransform: C:\Users\ASUS\.gradle\caches\modules-2\files-2.1\androidx.appcompat\appcompat-resources\1.5.0\bcab3a33194c2b4a955267fc4cb16de9022a39fd\appcompat-resources-1.5.0.aar as it is up-to-date.
Transforming media-1.6.0.aar (androidx.media:media:1.6.0) with JetifyTransform
Transforming appcompat-resources-1.5.0.aar (androidx.appcompat:appcompat-resources:1.5.0) with AarToClassTransform
Caching disabled for AarToClassTransform: C:\Users\ASUS\.gradle\caches\transforms-3\cc1b083e994f302f910a55d64ab2de33\transformed\jetified-exoplayer-2.19.0.aar because:
  Build cache is disabled
Skipping AarToClassTransform: C:\Users\ASUS\.gradle\caches\transforms-3\cc1b083e994f302f910a55d64ab2de33\transformed\jetified-exoplayer-2.19.0.aar as it is up-to-date.
Transforming vectordrawable-animated-1.1.0.aar (androidx.vectordrawable:vectordrawable-animated:1.1.0) with JetifyTransform
Caching disabled for AarToClassTransform: C:\Users\ASUS\.gradle\caches\transforms-3\62adbd6deb31ddf2399a9ba2e6a635dd\transformed\jetified-timber-5.0.1.aar because:
  Build cache is disabled
Caching disabled for AarToClassTransform: C:\Users\ASUS\.gradle\caches\transforms-3\ba2bd03f5a8b8dc262d85ba93d5976c9\transformed\jetified-extension-mediasession-2.19.0.aar because:
  Build cache is disabled
Skipping AarToClassTransform: C:\Users\ASUS\.gradle\caches\transforms-3\62adbd6deb31ddf2399a9ba2e6a635dd\transformed\jetified-timber-5.0.1.aar as it is up-to-date.
Skipping AarToClassTransform: C:\Users\ASUS\.gradle\caches\transforms-3\ba2bd03f5a8b8dc262d85ba93d5976c9\transformed\jetified-extension-mediasession-2.19.0.aar as it is up-to-date.
Caching disabled for JetifyTransform: C:\Users\ASUS\.gradle\caches\modules-2\files-2.1\com.google.android.exoplayer\exoplayer-ui\2.19.0\b022865a71852dd9f5f442b8856a28547a15361d\exoplayer-ui-2.19.0.aar because:
  Build cache is disabled
Skipping JetifyTransform: C:\Users\ASUS\.gradle\caches\modules-2\files-2.1\com.google.android.exoplayer\exoplayer-ui\2.19.0\b022865a71852dd9f5f442b8856a28547a15361d\exoplayer-ui-2.19.0.aar as it is up-to-date.
Transforming exoplayer-ui-2.19.0.aar (com.google.android.exoplayer:exoplayer-ui:2.19.0) with AarToClassTransform
Caching disabled for AarToClassTransform: C:\Users\ASUS\.gradle\caches\modules-2\files-2.1\androidx.localbroadcastmanager\localbroadcastmanager\1.1.0\4e8850d599ec17c3c3e9b15f507e943fc9507313\localbroadcastmanager-1.1.0.aar because:
  Build cache is disabled
Skipping AarToClassTransform: C:\Users\ASUS\.gradle\caches\modules-2\files-2.1\androidx.localbroadcastmanager\localbroadcastmanager\1.1.0\4e8850d599ec17c3c3e9b15f507e943fc9507313\localbroadcastmanager-1.1.0.aar as it is up-to-date.
Transforming vectordrawable-1.1.0.aar (androidx.vectordrawable:vectordrawable:1.1.0) with JetifyTransform
Transforming vectordrawable-1.1.0.aar (androidx.vectordrawable:vectordrawable:1.1.0) with JetifyTransform
Caching disabled for JetifyTransform: C:\Users\ASUS\.gradle\caches\modules-2\files-2.1\androidx.media\media\1.6.0\db8f393321275a13f52eb5ff28f96931f238865e\media-1.6.0.aar because:
  Build cache is disabled
Skipping JetifyTransform: C:\Users\ASUS\.gradle\caches\modules-2\files-2.1\androidx.media\media\1.6.0\db8f393321275a13f52eb5ff28f96931f238865e\media-1.6.0.aar as it is up-to-date.
Caching disabled for AarToClassTransform: C:\Users\ASUS\.gradle\caches\transforms-3\cf6d3ccfa7b17c14d43d4074bbf8663a\transformed\jetified-lifecycle-process-2.5.1.aar because:
  Build cache is disabled
Transforming media-1.6.0.aar (androidx.media:media:1.6.0) with AarToClassTransform
Skipping AarToClassTransform: C:\Users\ASUS\.gradle\caches\transforms-3\cf6d3ccfa7b17c14d43d4074bbf8663a\transformed\jetified-lifecycle-process-2.5.1.aar as it is up-to-date.
Caching disabled for JetifyTransform: C:\Users\ASUS\.gradle\caches\modules-2\files-2.1\androidx.vectordrawable\vectordrawable-animated\1.1.0\fcda1161354501471c30a4e077af6b5c4d4eddc6\vectordrawable-animated-1.1.0.aar because:
  Build cache is disabled
Skipping JetifyTransform: C:\Users\ASUS\.gradle\caches\modules-2\files-2.1\androidx.vectordrawable\vectordrawable-animated\1.1.0\fcda1161354501471c30a4e077af6b5c4d4eddc6\vectordrawable-animated-1.1.0.aar as it is up-to-date.
Caching disabled for AarToClassTransform: C:\Users\ASUS\.gradle\caches\transforms-3\8c9576747328822c5a83e27c96c5be37\transformed\jetified-appcompat-resources-1.5.0.aar because:
  Build cache is disabled
Transforming vectordrawable-animated-1.1.0.aar (androidx.vectordrawable:vectordrawable-animated:1.1.0) with AarToClassTransform
Skipping AarToClassTransform: C:\Users\ASUS\.gradle\caches\transforms-3\8c9576747328822c5a83e27c96c5be37\transformed\jetified-appcompat-resources-1.5.0.aar as it is up-to-date.
Transforming drawerlayout-1.0.0.aar (androidx.drawerlayout:drawerlayout:1.0.0) with JetifyTransform
Transforming viewpager-1.0.0.aar (androidx.viewpager:viewpager:1.0.0) with JetifyTransform
Transforming customview-1.0.0.aar (androidx.customview:customview:1.0.0) with JetifyTransform
Caching disabled for AarToClassTransform: C:\Users\ASUS\.gradle\caches\transforms-3\ef4cc23b7ea7197654976cd55cf67a2f\transformed\jetified-exoplayer-ui-2.19.0.aar because:
  Build cache is disabled
Skipping AarToClassTransform: C:\Users\ASUS\.gradle\caches\transforms-3\ef4cc23b7ea7197654976cd55cf67a2f\transformed\jetified-exoplayer-ui-2.19.0.aar as it is up-to-date.
Transforming customview-1.0.0.aar (androidx.customview:customview:1.0.0) with JetifyTransform
Caching disabled for AarToClassTransform: C:\Users\ASUS\.gradle\caches\modules-2\files-2.1\androidx.media\media\1.6.0\db8f393321275a13f52eb5ff28f96931f238865e\media-1.6.0.aar because:
  Build cache is disabled
Caching disabled for AarToClassTransform: C:\Users\ASUS\.gradle\caches\modules-2\files-2.1\androidx.vectordrawable\vectordrawable-animated\1.1.0\fcda1161354501471c30a4e077af6b5c4d4eddc6\vectordrawable-animated-1.1.0.aar because:
  Build cache is disabled
Skipping AarToClassTransform: C:\Users\ASUS\.gradle\caches\modules-2\files-2.1\androidx.vectordrawable\vectordrawable-animated\1.1.0\fcda1161354501471c30a4e077af6b5c4d4eddc6\vectordrawable-animated-1.1.0.aar as it is up-to-date.
Skipping AarToClassTransform: C:\Users\ASUS\.gradle\caches\modules-2\files-2.1\androidx.media\media\1.6.0\db8f393321275a13f52eb5ff28f96931f238865e\media-1.6.0.aar as it is up-to-date.
Caching disabled for JetifyTransform: C:\Users\ASUS\.gradle\caches\modules-2\files-2.1\androidx.vectordrawable\vectordrawable\1.1.0\eac7a364fff534035a2a6cb17770a1288315f69f\vectordrawable-1.1.0.aar because:
  Build cache is disabled
Skipping JetifyTransform: C:\Users\ASUS\.gradle\caches\modules-2\files-2.1\androidx.vectordrawable\vectordrawable\1.1.0\eac7a364fff534035a2a6cb17770a1288315f69f\vectordrawable-1.1.0.aar as it is up-to-date.
Transforming loader-1.0.0.aar (androidx.loader:loader:1.0.0) with JetifyTransform
Transforming vectordrawable-1.1.0.aar (androidx.vectordrawable:vectordrawable:1.1.0) with AarToClassTransform
Transforming core-1.9.0.aar (androidx.core:core:1.9.0) with JetifyTransform
Transforming vectordrawable-1.1.0.aar (androidx.vectordrawable:vectordrawable:1.1.0) with AarToClassTransform
Caching disabled for JetifyTransform: C:\Users\ASUS\.gradle\caches\modules-2\files-2.1\androidx.drawerlayout\drawerlayout\1.0.0\dd02c7e207136e1272b33815cc61e57676ed13a2\drawerlayout-1.0.0.aar because:
  Build cache is disabled
Skipping JetifyTransform: C:\Users\ASUS\.gradle\caches\modules-2\files-2.1\androidx.drawerlayout\drawerlayout\1.0.0\dd02c7e207136e1272b33815cc61e57676ed13a2\drawerlayout-1.0.0.aar as it is up-to-date.
Transforming drawerlayout-1.0.0.aar (androidx.drawerlayout:drawerlayout:1.0.0) with AarToClassTransform
Caching disabled for JetifyTransform: C:\Users\ASUS\.gradle\caches\modules-2\files-2.1\androidx.loader\loader\1.0.0\8af8b6cec0da85c207d03e15840e0722cbc71e70\loader-1.0.0.aar because:
  Build cache is disabled
Skipping JetifyTransform: C:\Users\ASUS\.gradle\caches\modules-2\files-2.1\androidx.loader\loader\1.0.0\8af8b6cec0da85c207d03e15840e0722cbc71e70\loader-1.0.0.aar as it is up-to-date.
Caching disabled for AarToClassTransform: C:\Users\ASUS\.gradle\caches\modules-2\files-2.1\androidx.vectordrawable\vectordrawable\1.1.0\eac7a364fff534035a2a6cb17770a1288315f69f\vectordrawable-1.1.0.aar because:
  Build cache is disabled
Skipping AarToClassTransform: C:\Users\ASUS\.gradle\caches\modules-2\files-2.1\androidx.vectordrawable\vectordrawable\1.1.0\eac7a364fff534035a2a6cb17770a1288315f69f\vectordrawable-1.1.0.aar as it is up-to-date.
Transforming loader-1.0.0.aar (androidx.loader:loader:1.0.0) with AarToClassTransform
Caching disabled for JetifyTransform: C:\Users\ASUS\.gradle\caches\modules-2\files-2.1\androidx.core\core\1.9.0\aa21c91d72e5d2a8dcc00c029ec65fc8d804ce02\core-1.9.0.aar because:
  Build cache is disabled
Skipping JetifyTransform: C:\Users\ASUS\.gradle\caches\modules-2\files-2.1\androidx.core\core\1.9.0\aa21c91d72e5d2a8dcc00c029ec65fc8d804ce02\core-1.9.0.aar as it is up-to-date.
Caching disabled for JetifyTransform: C:\Users\ASUS\.gradle\caches\modules-2\files-2.1\androidx.customview\customview\1.0.0\30f5ff6075d112f8076e733b24410e68159735b6\customview-1.0.0.aar because:
  Build cache is disabled
Transforming core-1.9.0.aar (androidx.core:core:1.9.0) with AarToClassTransform
Skipping JetifyTransform: C:\Users\ASUS\.gradle\caches\modules-2\files-2.1\androidx.customview\customview\1.0.0\30f5ff6075d112f8076e733b24410e68159735b6\customview-1.0.0.aar as it is up-to-date.
Transforming core-1.9.0.aar (androidx.core:core:1.9.0) with JetifyTransform
Transforming customview-1.0.0.aar (androidx.customview:customview:1.0.0) with AarToClassTransform
Transforming core-1.9.0.aar (androidx.core:core:1.9.0) with AarToClassTransform
Transforming core-1.9.0.aar (androidx.core:core:1.9.0) with JetifyTransform
Transforming core-1.9.0.aar (androidx.core:core:1.9.0) with AarToClassTransform
Transforming customview-1.0.0.aar (androidx.customview:customview:1.0.0) with AarToClassTransform
Caching disabled for JetifyTransform: C:\Users\ASUS\.gradle\caches\modules-2\files-2.1\androidx.viewpager\viewpager\1.0.0\1f90e13820f96c2fb868f9674079a551678d68b2\viewpager-1.0.0.aar because:
  Build cache is disabled
Skipping JetifyTransform: C:\Users\ASUS\.gradle\caches\modules-2\files-2.1\androidx.viewpager\viewpager\1.0.0\1f90e13820f96c2fb868f9674079a551678d68b2\viewpager-1.0.0.aar as it is up-to-date.
Transforming viewpager-1.0.0.aar (androidx.viewpager:viewpager:1.0.0) with AarToClassTransform
Caching disabled for AarToClassTransform: C:\Users\ASUS\.gradle\caches\modules-2\files-2.1\androidx.core\core\1.9.0\aa21c91d72e5d2a8dcc00c029ec65fc8d804ce02\core-1.9.0.aar because:
  Build cache is disabled
Skipping AarToClassTransform: C:\Users\ASUS\.gradle\caches\modules-2\files-2.1\androidx.core\core\1.9.0\aa21c91d72e5d2a8dcc00c029ec65fc8d804ce02\core-1.9.0.aar as it is up-to-date.
Transforming core-1.9.0.aar (androidx.core:core:1.9.0) with JetifyTransform
Transforming core-1.9.0.aar (androidx.core:core:1.9.0) with AarToClassTransform
Transforming lifecycle-runtime-2.5.1.aar (androidx.lifecycle:lifecycle-runtime:2.5.1) with JetifyTransform
Caching disabled for AarToClassTransform: C:\Users\ASUS\.gradle\caches\modules-2\files-2.1\androidx.loader\loader\1.0.0\8af8b6cec0da85c207d03e15840e0722cbc71e70\loader-1.0.0.aar because:
  Build cache is disabled
Skipping AarToClassTransform: C:\Users\ASUS\.gradle\caches\modules-2\files-2.1\androidx.loader\loader\1.0.0\8af8b6cec0da85c207d03e15840e0722cbc71e70\loader-1.0.0.aar as it is up-to-date.
Transforming savedstate-1.2.0.aar (androidx.savedstate:savedstate:1.2.0) with JetifyTransform
Transforming cursoradapter-1.0.0.aar (androidx.cursoradapter:cursoradapter:1.0.0) with JetifyTransform
Transforming interpolator-1.0.0.aar (androidx.interpolator:interpolator:1.0.0) with JetifyTransform
Caching disabled for AarToClassTransform: C:\Users\ASUS\.gradle\caches\modules-2\files-2.1\androidx.drawerlayout\drawerlayout\1.0.0\dd02c7e207136e1272b33815cc61e57676ed13a2\drawerlayout-1.0.0.aar because:
  Build cache is disabled
Skipping AarToClassTransform: C:\Users\ASUS\.gradle\caches\modules-2\files-2.1\androidx.drawerlayout\drawerlayout\1.0.0\dd02c7e207136e1272b33815cc61e57676ed13a2\drawerlayout-1.0.0.aar as it is up-to-date.
Caching disabled for AarToClassTransform: C:\Users\ASUS\.gradle\caches\modules-2\files-2.1\androidx.customview\customview\1.0.0\30f5ff6075d112f8076e733b24410e68159735b6\customview-1.0.0.aar because:
  Build cache is disabled
Skipping AarToClassTransform: C:\Users\ASUS\.gradle\caches\modules-2\files-2.1\androidx.customview\customview\1.0.0\30f5ff6075d112f8076e733b24410e68159735b6\customview-1.0.0.aar as it is up-to-date.
Transforming interpolator-1.0.0.aar (androidx.interpolator:interpolator:1.0.0) with JetifyTransform
Transforming versionedparcelable-1.1.1.aar (androidx.versionedparcelable:versionedparcelable:1.1.1) with JetifyTransform
Caching disabled for JetifyTransform: C:\Users\ASUS\.gradle\caches\modules-2\files-2.1\androidx.interpolator\interpolator\1.0.0\8a01fa254a23b9388571eb6334b03707c7d122d7\interpolator-1.0.0.aar because:
  Build cache is disabled
Skipping JetifyTransform: C:\Users\ASUS\.gradle\caches\modules-2\files-2.1\androidx.interpolator\interpolator\1.0.0\8a01fa254a23b9388571eb6334b03707c7d122d7\interpolator-1.0.0.aar as it is up-to-date.
Transforming lifecycle-livedata-2.0.0.aar (androidx.lifecycle:lifecycle-livedata:2.0.0) with JetifyTransform
Transforming interpolator-1.0.0.aar (androidx.interpolator:interpolator:1.0.0) with AarToClassTransform
Transforming interpolator-1.0.0.aar (androidx.interpolator:interpolator:1.0.0) with AarToClassTransform
Caching disabled for AarToClassTransform: C:\Users\ASUS\.gradle\caches\modules-2\files-2.1\androidx.viewpager\viewpager\1.0.0\1f90e13820f96c2fb868f9674079a551678d68b2\viewpager-1.0.0.aar because:
  Build cache is disabled
Skipping AarToClassTransform: C:\Users\ASUS\.gradle\caches\modules-2\files-2.1\androidx.viewpager\viewpager\1.0.0\1f90e13820f96c2fb868f9674079a551678d68b2\viewpager-1.0.0.aar as it is up-to-date.
Caching disabled for JetifyTransform: C:\Users\ASUS\.gradle\caches\modules-2\files-2.1\androidx.savedstate\savedstate\1.2.0\bcaeef765339b976946cc9e891536713af651ebc\savedstate-1.2.0.aar because:
  Build cache is disabled
Skipping JetifyTransform: C:\Users\ASUS\.gradle\caches\modules-2\files-2.1\androidx.savedstate\savedstate\1.2.0\bcaeef765339b976946cc9e891536713af651ebc\savedstate-1.2.0.aar as it is up-to-date.
Transforming savedstate-1.2.0.aar (androidx.savedstate:savedstate:1.2.0) with AarToClassTransform
Caching disabled for JetifyTransform: C:\Users\ASUS\.gradle\caches\modules-2\files-2.1\androidx.cursoradapter\cursoradapter\1.0.0\74014983a86b83cbce534dec4e7aa9312f5f5d82\cursoradapter-1.0.0.aar because:
  Build cache is disabled
Skipping JetifyTransform: C:\Users\ASUS\.gradle\caches\modules-2\files-2.1\androidx.cursoradapter\cursoradapter\1.0.0\74014983a86b83cbce534dec4e7aa9312f5f5d82\cursoradapter-1.0.0.aar as it is up-to-date.
Caching disabled for AarToClassTransform: C:\Users\ASUS\.gradle\caches\modules-2\files-2.1\androidx.interpolator\interpolator\1.0.0\8a01fa254a23b9388571eb6334b03707c7d122d7\interpolator-1.0.0.aar because:
  Build cache is disabled
Caching disabled for JetifyTransform: C:\Users\ASUS\.gradle\caches\modules-2\files-2.1\androidx.lifecycle\lifecycle-runtime\2.5.1\26e3d5564fe875473320ad0c15cab765099be8c2\lifecycle-runtime-2.5.1.aar because:
  Build cache is disabled
Transforming cursoradapter-1.0.0.aar (androidx.cursoradapter:cursoradapter:1.0.0) with AarToClassTransform
Skipping AarToClassTransform: C:\Users\ASUS\.gradle\caches\modules-2\files-2.1\androidx.interpolator\interpolator\1.0.0\8a01fa254a23b9388571eb6334b03707c7d122d7\interpolator-1.0.0.aar as it is up-to-date.
Transforming core-runtime-2.1.0.aar (androidx.arch.core:core-runtime:2.1.0) with JetifyTransform
Skipping JetifyTransform: C:\Users\ASUS\.gradle\caches\modules-2\files-2.1\androidx.lifecycle\lifecycle-runtime\2.5.1\26e3d5564fe875473320ad0c15cab765099be8c2\lifecycle-runtime-2.5.1.aar as it is up-to-date.
Transforming core-common-2.1.0.jar (androidx.arch.core:core-common:2.1.0) with JetifyTransform
Transforming lifecycle-livedata-core-2.5.0.aar (androidx.lifecycle:lifecycle-livedata-core:2.5.0) with JetifyTransform
Caching disabled for AarToClassTransform: C:\Users\ASUS\.gradle\caches\transforms-3\1ed8b1001a835c6cc29d214497a0f0d5\transformed\jetified-savedstate-1.2.0.aar because:
  Build cache is disabled
Skipping AarToClassTransform: C:\Users\ASUS\.gradle\caches\transforms-3\1ed8b1001a835c6cc29d214497a0f0d5\transformed\jetified-savedstate-1.2.0.aar as it is up-to-date.
Caching disabled for AarToClassTransform: C:\Users\ASUS\.gradle\caches\modules-2\files-2.1\androidx.cursoradapter\cursoradapter\1.0.0\74014983a86b83cbce534dec4e7aa9312f5f5d82\cursoradapter-1.0.0.aar because:
  Build cache is disabled
Transforming lifecycle-livedata-core-2.5.0.aar (androidx.lifecycle:lifecycle-livedata-core:2.5.0) with JetifyTransform
Skipping AarToClassTransform: C:\Users\ASUS\.gradle\caches\modules-2\files-2.1\androidx.cursoradapter\cursoradapter\1.0.0\74014983a86b83cbce534dec4e7aa9312f5f5d82\cursoradapter-1.0.0.aar as it is up-to-date.
Transforming lifecycle-runtime-2.5.1.aar (androidx.lifecycle:lifecycle-runtime:2.5.1) with AarToClassTransform
Transforming lifecycle-common-2.5.1.jar (androidx.lifecycle:lifecycle-common:2.5.1) with JetifyTransform
Caching disabled for JetifyTransform: C:\Users\ASUS\.gradle\caches\modules-2\files-2.1\androidx.arch.core\core-common\2.1.0\b3152fc64428c9354344bd89848ecddc09b6f07e\core-common-2.1.0.jar because:
  Build cache is disabled
Caching disabled for JetifyTransform: C:\Users\ASUS\.gradle\caches\modules-2\files-2.1\androidx.arch.core\core-runtime\2.1.0\2df0e03029caae7863ccb4825addaadc8ab6780c\core-runtime-2.1.0.aar because:
  Build cache is disabled
Skipping JetifyTransform: C:\Users\ASUS\.gradle\caches\modules-2\files-2.1\androidx.arch.core\core-common\2.1.0\b3152fc64428c9354344bd89848ecddc09b6f07e\core-common-2.1.0.jar as it is up-to-date.
Caching disabled for JetifyTransform: C:\Users\ASUS\.gradle\caches\modules-2\files-2.1\androidx.lifecycle\lifecycle-common\2.5.1\1fdb7349701e9cf2f0a69fc10642b6fef6bb3e12\lifecycle-common-2.5.1.jar because:
  Build cache is disabled
Skipping JetifyTransform: C:\Users\ASUS\.gradle\caches\modules-2\files-2.1\androidx.arch.core\core-runtime\2.1.0\2df0e03029caae7863ccb4825addaadc8ab6780c\core-runtime-2.1.0.aar as it is up-to-date.
Skipping JetifyTransform: C:\Users\ASUS\.gradle\caches\modules-2\files-2.1\androidx.lifecycle\lifecycle-common\2.5.1\1fdb7349701e9cf2f0a69fc10642b6fef6bb3e12\lifecycle-common-2.5.1.jar as it is up-to-date.
Transforming core-common-2.1.0.jar (androidx.arch.core:core-common:2.1.0) with IdentityTransform
Caching disabled for JetifyTransform: C:\Users\ASUS\.gradle\caches\modules-2\files-2.1\androidx.lifecycle\lifecycle-livedata\2.0.0\c17007cd0b21d6401910b0becdd16c438c68a9af\lifecycle-livedata-2.0.0.aar because:
  Build cache is disabled
Transforming lifecycle-common-2.5.1.jar (androidx.lifecycle:lifecycle-common:2.5.1) with IdentityTransform
Skipping JetifyTransform: C:\Users\ASUS\.gradle\caches\modules-2\files-2.1\androidx.lifecycle\lifecycle-livedata\2.0.0\c17007cd0b21d6401910b0becdd16c438c68a9af\lifecycle-livedata-2.0.0.aar as it is up-to-date.
Transforming lifecycle-livedata-2.0.0.aar (androidx.lifecycle:lifecycle-livedata:2.0.0) with AarToClassTransform
Caching disabled for AarToClassTransform: C:\Users\ASUS\.gradle\caches\modules-2\files-2.1\androidx.lifecycle\lifecycle-runtime\2.5.1\26e3d5564fe875473320ad0c15cab765099be8c2\lifecycle-runtime-2.5.1.aar because:
  Build cache is disabled
Transforming core-runtime-2.1.0.aar (androidx.arch.core:core-runtime:2.1.0) with AarToClassTransform
Skipping AarToClassTransform: C:\Users\ASUS\.gradle\caches\modules-2\files-2.1\androidx.lifecycle\lifecycle-runtime\2.5.1\26e3d5564fe875473320ad0c15cab765099be8c2\lifecycle-runtime-2.5.1.aar as it is up-to-date.
Caching disabled for IdentityTransform: C:\Users\ASUS\.gradle\caches\modules-2\files-2.1\androidx.arch.core\core-common\2.1.0\b3152fc64428c9354344bd89848ecddc09b6f07e\core-common-2.1.0.jar because:
  Build cache is disabled
Skipping IdentityTransform: C:\Users\ASUS\.gradle\caches\modules-2\files-2.1\androidx.arch.core\core-common\2.1.0\b3152fc64428c9354344bd89848ecddc09b6f07e\core-common-2.1.0.jar as it is up-to-date.
Transforming collection-1.2.0.jar (androidx.collection:collection:1.2.0) with JetifyTransform
Caching disabled for IdentityTransform: C:\Users\ASUS\.gradle\caches\modules-2\files-2.1\androidx.lifecycle\lifecycle-common\2.5.1\1fdb7349701e9cf2f0a69fc10642b6fef6bb3e12\lifecycle-common-2.5.1.jar because:
  Build cache is disabled
Transforming lifecycle-viewmodel-2.5.0.aar (androidx.lifecycle:lifecycle-viewmodel:2.5.0) with JetifyTransform
Skipping IdentityTransform: C:\Users\ASUS\.gradle\caches\modules-2\files-2.1\androidx.lifecycle\lifecycle-common\2.5.1\1fdb7349701e9cf2f0a69fc10642b6fef6bb3e12\lifecycle-common-2.5.1.jar as it is up-to-date.
Transforming lifecycle-viewmodel-2.5.0.aar (androidx.lifecycle:lifecycle-viewmodel:2.5.0) with JetifyTransform
Caching disabled for JetifyTransform: C:\Users\ASUS\.gradle\caches\modules-2\files-2.1\androidx.versionedparcelable\versionedparcelable\1.1.1\18e18071e7715679e0593c570217edeb5ca48b9e\versionedparcelable-1.1.1.aar because:
  Build cache is disabled
Caching disabled for JetifyTransform: C:\Users\ASUS\.gradle\caches\modules-2\files-2.1\androidx.lifecycle\lifecycle-viewmodel\2.5.0\9416a3c84e77a4b63722069fb39dbf1346c78014\lifecycle-viewmodel-2.5.0.aar because:
  Build cache is disabled
Skipping JetifyTransform: C:\Users\ASUS\.gradle\caches\modules-2\files-2.1\androidx.lifecycle\lifecycle-viewmodel\2.5.0\9416a3c84e77a4b63722069fb39dbf1346c78014\lifecycle-viewmodel-2.5.0.aar as it is up-to-date.
Transforming lifecycle-viewmodel-2.5.0.aar (androidx.lifecycle:lifecycle-viewmodel:2.5.0) with AarToClassTransform
Transforming lifecycle-viewmodel-2.5.0.aar (androidx.lifecycle:lifecycle-viewmodel:2.5.0) with AarToClassTransform
Caching disabled for AarToClassTransform: C:\Users\ASUS\.gradle\caches\modules-2\files-2.1\androidx.lifecycle\lifecycle-livedata\2.0.0\c17007cd0b21d6401910b0becdd16c438c68a9af\lifecycle-livedata-2.0.0.aar because:
  Build cache is disabled
Skipping AarToClassTransform: C:\Users\ASUS\.gradle\caches\modules-2\files-2.1\androidx.lifecycle\lifecycle-livedata\2.0.0\c17007cd0b21d6401910b0becdd16c438c68a9af\lifecycle-livedata-2.0.0.aar as it is up-to-date.
Caching disabled for AarToClassTransform: C:\Users\ASUS\.gradle\caches\modules-2\files-2.1\androidx.arch.core\core-runtime\2.1.0\2df0e03029caae7863ccb4825addaadc8ab6780c\core-runtime-2.1.0.aar because:
  Build cache is disabled
Skipping AarToClassTransform: C:\Users\ASUS\.gradle\caches\modules-2\files-2.1\androidx.arch.core\core-runtime\2.1.0\2df0e03029caae7863ccb4825addaadc8ab6780c\core-runtime-2.1.0.aar as it is up-to-date.
Transforming annotation-1.4.0.jar (androidx.annotation:annotation:1.4.0) with JetifyTransform
Skipping JetifyTransform: C:\Users\ASUS\.gradle\caches\modules-2\files-2.1\androidx.versionedparcelable\versionedparcelable\1.1.1\18e18071e7715679e0593c570217edeb5ca48b9e\versionedparcelable-1.1.1.aar as it is up-to-date.
Caching disabled for JetifyTransform: C:\Users\ASUS\.gradle\caches\modules-2\files-2.1\androidx.collection\collection\1.2.0\34dbc21d203cc4d4d623ac572a21acd4ccd716af\collection-1.2.0.jar because:
  Build cache is disabled
Caching disabled for AarToClassTransform: C:\Users\ASUS\.gradle\caches\modules-2\files-2.1\androidx.lifecycle\lifecycle-viewmodel\2.5.0\9416a3c84e77a4b63722069fb39dbf1346c78014\lifecycle-viewmodel-2.5.0.aar because:
  Build cache is disabled
Skipping AarToClassTransform: C:\Users\ASUS\.gradle\caches\modules-2\files-2.1\androidx.lifecycle\lifecycle-viewmodel\2.5.0\9416a3c84e77a4b63722069fb39dbf1346c78014\lifecycle-viewmodel-2.5.0.aar as it is up-to-date.
Transforming versionedparcelable-1.1.1.aar (androidx.versionedparcelable:versionedparcelable:1.1.1) with AarToClassTransform
Transforming kotlin-stdlib-jdk7-1.8.0.jar (org.jetbrains.kotlin:kotlin-stdlib-jdk7:1.8.0) with JetifyTransform
Transforming annotation-experimental-1.3.0.aar (androidx.annotation:annotation-experimental:1.3.0) with JetifyTransform
Transforming kotlin-stdlib-1.9.24.jar (org.jetbrains.kotlin:kotlin-stdlib:1.9.24) with JetifyTransform
Skipping JetifyTransform: C:\Users\ASUS\.gradle\caches\modules-2\files-2.1\androidx.collection\collection\1.2.0\34dbc21d203cc4d4d623ac572a21acd4ccd716af\collection-1.2.0.jar as it is up-to-date.
Transforming collection-1.2.0.jar (androidx.collection:collection:1.2.0) with IdentityTransform
Caching disabled for JetifyTransform: C:\Users\ASUS\.gradle\caches\modules-2\files-2.1\androidx.annotation\annotation-experimental\1.3.0\5087c6f545117dcd474e69e1a93cacec9d7334af\annotation-experimental-1.3.0.aar because:
  Build cache is disabled
Skipping JetifyTransform: C:\Users\ASUS\.gradle\caches\modules-2\files-2.1\androidx.annotation\annotation-experimental\1.3.0\5087c6f545117dcd474e69e1a93cacec9d7334af\annotation-experimental-1.3.0.aar as it is up-to-date.
Caching disabled for JetifyTransform: C:\Users\ASUS\.gradle\caches\modules-2\files-2.1\org.jetbrains.kotlin\kotlin-stdlib\1.9.24\9928532f12c66ad816a625b3f9984f8368ca6d2b\kotlin-stdlib-1.9.24.jar because:
  Build cache is disabled
Caching disabled for JetifyTransform: C:\Users\ASUS\.gradle\caches\modules-2\files-2.1\androidx.annotation\annotation\1.4.0\77e7b6bbe9803d890343716dd824dfdbc0f6fe77\annotation-1.4.0.jar because:
  Build cache is disabled
Skipping JetifyTransform: C:\Users\ASUS\.gradle\caches\modules-2\files-2.1\org.jetbrains.kotlin\kotlin-stdlib\1.9.24\9928532f12c66ad816a625b3f9984f8368ca6d2b\kotlin-stdlib-1.9.24.jar as it is up-to-date.
Skipping JetifyTransform: C:\Users\ASUS\.gradle\caches\modules-2\files-2.1\androidx.annotation\annotation\1.4.0\77e7b6bbe9803d890343716dd824dfdbc0f6fe77\annotation-1.4.0.jar as it is up-to-date.
Transforming annotation-experimental-1.3.0.aar (androidx.annotation:annotation-experimental:1.3.0) with AarToClassTransform
Transforming kotlin-stdlib-1.9.24.jar (org.jetbrains.kotlin:kotlin-stdlib:1.9.24) with IdentityTransform
Transforming annotation-1.4.0.jar (androidx.annotation:annotation:1.4.0) with IdentityTransform
Caching disabled for IdentityTransform: C:\Users\ASUS\.gradle\caches\modules-2\files-2.1\androidx.collection\collection\1.2.0\34dbc21d203cc4d4d623ac572a21acd4ccd716af\collection-1.2.0.jar because:
  Build cache is disabled
Skipping IdentityTransform: C:\Users\ASUS\.gradle\caches\modules-2\files-2.1\androidx.collection\collection\1.2.0\34dbc21d203cc4d4d623ac572a21acd4ccd716af\collection-1.2.0.jar as it is up-to-date.
Caching disabled for AarToClassTransform: C:\Users\ASUS\.gradle\caches\modules-2\files-2.1\androidx.versionedparcelable\versionedparcelable\1.1.1\18e18071e7715679e0593c570217edeb5ca48b9e\versionedparcelable-1.1.1.aar because:
  Build cache is disabled
Skipping AarToClassTransform: C:\Users\ASUS\.gradle\caches\modules-2\files-2.1\androidx.versionedparcelable\versionedparcelable\1.1.1\18e18071e7715679e0593c570217edeb5ca48b9e\versionedparcelable-1.1.1.aar as it is up-to-date.
Transforming annotations-20.1.0.jar (org.jetbrains:annotations:20.1.0) with JetifyTransform
Caching disabled for JetifyTransform: C:\Users\ASUS\.gradle\caches\modules-2\files-2.1\org.jetbrains.kotlin\kotlin-stdlib-jdk7\1.8.0\3c91271347f678c239607abb676d4032a7898427\kotlin-stdlib-jdk7-1.8.0.jar because:
  Build cache is disabled
Caching disabled for IdentityTransform: C:\Users\ASUS\.gradle\caches\transforms-3\7e4457b649685caa03f78b71d523e4f1\transformed\jetified-kotlin-stdlib-1.9.24.jar because:
  Build cache is disabled
Caching disabled for AarToClassTransform: C:\Users\ASUS\.gradle\caches\transforms-3\1b368832c9c2edd54591f64daeb2a779\transformed\jetified-annotation-experimental-1.3.0.aar because:
  Build cache is disabled
Skipping IdentityTransform: C:\Users\ASUS\.gradle\caches\transforms-3\7e4457b649685caa03f78b71d523e4f1\transformed\jetified-kotlin-stdlib-1.9.24.jar as it is up-to-date.
Skipping AarToClassTransform: C:\Users\ASUS\.gradle\caches\transforms-3\1b368832c9c2edd54591f64daeb2a779\transformed\jetified-annotation-experimental-1.3.0.aar as it is up-to-date.
Skipping JetifyTransform: C:\Users\ASUS\.gradle\caches\modules-2\files-2.1\org.jetbrains.kotlin\kotlin-stdlib-jdk7\1.8.0\3c91271347f678c239607abb676d4032a7898427\kotlin-stdlib-jdk7-1.8.0.jar as it is up-to-date.
Transforming kotlin-stdlib-jdk7-1.8.0.jar (org.jetbrains.kotlin:kotlin-stdlib-jdk7:1.8.0) with IdentityTransform
Caching disabled for JetifyTransform: C:\Users\ASUS\.gradle\caches\modules-2\files-2.1\androidx.lifecycle\lifecycle-livedata-core\2.5.0\3b23334df54493d9d9df959982a5e13e54baac82\lifecycle-livedata-core-2.5.0.aar because:
  Build cache is disabled
Skipping JetifyTransform: C:\Users\ASUS\.gradle\caches\modules-2\files-2.1\androidx.lifecycle\lifecycle-livedata-core\2.5.0\3b23334df54493d9d9df959982a5e13e54baac82\lifecycle-livedata-core-2.5.0.aar as it is up-to-date.
Caching disabled for IdentityTransform: C:\Users\ASUS\.gradle\caches\modules-2\files-2.1\androidx.annotation\annotation\1.4.0\77e7b6bbe9803d890343716dd824dfdbc0f6fe77\annotation-1.4.0.jar because:
  Build cache is disabled
Skipping IdentityTransform: C:\Users\ASUS\.gradle\caches\modules-2\files-2.1\androidx.annotation\annotation\1.4.0\77e7b6bbe9803d890343716dd824dfdbc0f6fe77\annotation-1.4.0.jar as it is up-to-date.
Transforming lifecycle-livedata-core-2.5.0.aar (androidx.lifecycle:lifecycle-livedata-core:2.5.0) with AarToClassTransform
Transforming lifecycle-livedata-core-2.5.0.aar (androidx.lifecycle:lifecycle-livedata-core:2.5.0) with AarToClassTransform
Transforming exoplayer-core-2.19.0.aar (com.google.android.exoplayer:exoplayer-core:2.19.0) with JetifyTransform
Transforming exoplayer-common-2.19.0.aar (com.google.android.exoplayer:exoplayer-common:2.19.0) with JetifyTransform
Transforming guava-31.1-android.jar (com.google.guava:guava:31.1-android) with JetifyTransform
Caching disabled for AarToClassTransform: C:\Users\ASUS\.gradle\caches\modules-2\files-2.1\androidx.lifecycle\lifecycle-livedata-core\2.5.0\3b23334df54493d9d9df959982a5e13e54baac82\lifecycle-livedata-core-2.5.0.aar because:
  Build cache is disabled
Caching disabled for IdentityTransform: C:\Users\ASUS\.gradle\caches\transforms-3\6bc1eeb53922bae2fa88e2f16600ce84\transformed\jetified-kotlin-stdlib-jdk7-1.8.0.jar because:
  Build cache is disabled
Skipping AarToClassTransform: C:\Users\ASUS\.gradle\caches\modules-2\files-2.1\androidx.lifecycle\lifecycle-livedata-core\2.5.0\3b23334df54493d9d9df959982a5e13e54baac82\lifecycle-livedata-core-2.5.0.aar as it is up-to-date.
Skipping IdentityTransform: C:\Users\ASUS\.gradle\caches\transforms-3\6bc1eeb53922bae2fa88e2f16600ce84\transformed\jetified-kotlin-stdlib-jdk7-1.8.0.jar as it is up-to-date.
Caching disabled for JetifyTransform: C:\Users\ASUS\.gradle\caches\modules-2\files-2.1\org.jetbrains\annotations\20.1.0\2fcd1f3225bca0c4a7bc931142076f8c1e80993f\annotations-20.1.0.jar because:
  Build cache is disabled
Skipping JetifyTransform: C:\Users\ASUS\.gradle\caches\modules-2\files-2.1\org.jetbrains\annotations\20.1.0\2fcd1f3225bca0c4a7bc931142076f8c1e80993f\annotations-20.1.0.jar as it is up-to-date.
Transforming annotations-20.1.0.jar (org.jetbrains:annotations:20.1.0) with IdentityTransform
Transforming exoplayer-database-2.19.0.aar (com.google.android.exoplayer:exoplayer-database:2.19.0) with JetifyTransform
Transforming exoplayer-datasource-2.19.0.aar (com.google.android.exoplayer:exoplayer-datasource:2.19.0) with JetifyTransform
Caching disabled for JetifyTransform: C:\Users\ASUS\.gradle\caches\modules-2\files-2.1\com.google.guava\failureaccess\1.0.1\1dcf1de382a0bf95a3d8b0849546c88bac1292c9\failureaccess-1.0.1.jar because:
  Build cache is disabled
Caching disabled for JetifyTransform: C:\Users\ASUS\.gradle\caches\modules-2\files-2.1\com.google.guava\listenablefuture\9999.0-empty-to-avoid-conflict-with-guava\b421526c5f297295adef1c886e5246c39d4ac629\listenablefuture-9999.0-empty-to-avoid-conflict-with-guava.jar because:
  Build cache is disabled
Skipping JetifyTransform: C:\Users\ASUS\.gradle\caches\modules-2\files-2.1\com.google.guava\failureaccess\1.0.1\1dcf1de382a0bf95a3d8b0849546c88bac1292c9\failureaccess-1.0.1.jar as it is up-to-date.
Skipping JetifyTransform: C:\Users\ASUS\.gradle\caches\modules-2\files-2.1\com.google.guava\listenablefuture\9999.0-empty-to-avoid-conflict-with-guava\b421526c5f297295adef1c886e5246c39d4ac629\listenablefuture-9999.0-empty-to-avoid-conflict-with-guava.jar as it is up-to-date.
Caching disabled for JetifyTransform: C:\Users\ASUS\.gradle\caches\modules-2\files-2.1\com.google.guava\guava\31.1-android\9222c47cc3ae890f07f7c961bbb3cb69050fe4aa\guava-31.1-android.jar because:
  Build cache is disabled
Transforming failureaccess-1.0.1.jar (com.google.guava:failureaccess:1.0.1) with IdentityTransform
Skipping JetifyTransform: C:\Users\ASUS\.gradle\caches\modules-2\files-2.1\com.google.guava\guava\31.1-android\9222c47cc3ae890f07f7c961bbb3cb69050fe4aa\guava-31.1-android.jar as it is up-to-date.
Caching disabled for JetifyTransform: C:\Users\ASUS\.gradle\caches\modules-2\files-2.1\com.google.android.exoplayer\exoplayer-common\2.19.0\807ede708b1b14cf90ed560c6c3f59695502d16b\exoplayer-common-2.19.0.aar because:
  Build cache is disabled
Skipping JetifyTransform: C:\Users\ASUS\.gradle\caches\modules-2\files-2.1\com.google.android.exoplayer\exoplayer-common\2.19.0\807ede708b1b14cf90ed560c6c3f59695502d16b\exoplayer-common-2.19.0.aar as it is up-to-date.
Transforming guava-31.1-android.jar (com.google.guava:guava:31.1-android) with IdentityTransform
Transforming listenablefuture-9999.0-empty-to-avoid-conflict-with-guava.jar (com.google.guava:listenablefuture:9999.0-empty-to-avoid-conflict-with-guava) with IdentityTransform
Transforming exoplayer-common-2.19.0.aar (com.google.android.exoplayer:exoplayer-common:2.19.0) with AarToClassTransform
Caching disabled for JetifyTransform: C:\Users\ASUS\.gradle\caches\modules-2\files-2.1\com.google.android.exoplayer\exoplayer-core\2.19.0\56879f41b3b5ab84b581342e26470d1ec98de50a\exoplayer-core-2.19.0.aar because:
  Build cache is disabled
Skipping JetifyTransform: C:\Users\ASUS\.gradle\caches\modules-2\files-2.1\com.google.android.exoplayer\exoplayer-core\2.19.0\56879f41b3b5ab84b581342e26470d1ec98de50a\exoplayer-core-2.19.0.aar as it is up-to-date.
Transforming exoplayer-core-2.19.0.aar (com.google.android.exoplayer:exoplayer-core:2.19.0) with AarToClassTransform
Caching disabled for IdentityTransform: C:\Users\ASUS\.gradle\caches\transforms-3\599fdd273a4fdf4ffdb01dc47590a6e9\transformed\jetified-guava-31.1-android.jar because:
  Build cache is disabled
Skipping IdentityTransform: C:\Users\ASUS\.gradle\caches\transforms-3\599fdd273a4fdf4ffdb01dc47590a6e9\transformed\jetified-guava-31.1-android.jar as it is up-to-date.
Transforming exoplayer-decoder-2.19.0.aar (com.google.android.exoplayer:exoplayer-decoder:2.19.0) with JetifyTransform
Caching disabled for JetifyTransform: C:\Users\ASUS\.gradle\caches\modules-2\files-2.1\com.google.android.exoplayer\exoplayer-database\2.19.0\f14970228309d4bdd9777bdf905c8608cacb9f40\exoplayer-database-2.19.0.aar because:
  Build cache is disabled
Skipping JetifyTransform: C:\Users\ASUS\.gradle\caches\modules-2\files-2.1\com.google.android.exoplayer\exoplayer-database\2.19.0\f14970228309d4bdd9777bdf905c8608cacb9f40\exoplayer-database-2.19.0.aar as it is up-to-date.
Transforming exoplayer-database-2.19.0.aar (com.google.android.exoplayer:exoplayer-database:2.19.0) with AarToClassTransform
Caching disabled for IdentityTransform: C:\Users\ASUS\.gradle\caches\transforms-3\15bf69c3f87fe44a298d01fa73b6cd0b\transformed\jetified-listenablefuture-9999.0-empty-to-avoid-conflict-with-guava.jar because:
  Build cache is disabled
Caching disabled for AarToClassTransform: C:\Users\ASUS\.gradle\caches\transforms-3\856f477396d365222557a19dbb9557b8\transformed\jetified-exoplayer-common-2.19.0.aar because:
  Build cache is disabled
Skipping IdentityTransform: C:\Users\ASUS\.gradle\caches\transforms-3\15bf69c3f87fe44a298d01fa73b6cd0b\transformed\jetified-listenablefuture-9999.0-empty-to-avoid-conflict-with-guava.jar as it is up-to-date.
Skipping AarToClassTransform: C:\Users\ASUS\.gradle\caches\transforms-3\856f477396d365222557a19dbb9557b8\transformed\jetified-exoplayer-common-2.19.0.aar as it is up-to-date.
Caching disabled for JetifyTransform: C:\Users\ASUS\.gradle\caches\modules-2\files-2.1\com.google.android.exoplayer\exoplayer-datasource\2.19.0\39b88ecd06bafd2ae193e71cec21b7b2d7c199c4\exoplayer-datasource-2.19.0.aar because:
  Build cache is disabled
Skipping JetifyTransform: C:\Users\ASUS\.gradle\caches\modules-2\files-2.1\com.google.android.exoplayer\exoplayer-datasource\2.19.0\39b88ecd06bafd2ae193e71cec21b7b2d7c199c4\exoplayer-datasource-2.19.0.aar as it is up-to-date.
Caching disabled for IdentityTransform: C:\Users\ASUS\.gradle\caches\transforms-3\6f2e042b01556552c513ae33ea071e9c\transformed\jetified-failureaccess-1.0.1.jar because:
  Build cache is disabled
Skipping IdentityTransform: C:\Users\ASUS\.gradle\caches\transforms-3\6f2e042b01556552c513ae33ea071e9c\transformed\jetified-failureaccess-1.0.1.jar as it is up-to-date.
Caching disabled for JetifyTransform: C:\Users\ASUS\.gradle\caches\modules-2\files-2.1\com.google.android.exoplayer\exoplayer-decoder\2.19.0\56c41ca403cb10c79ca124a81e84d249b5791e1f\exoplayer-decoder-2.19.0.aar because:
  Build cache is disabled
Transforming exoplayer-datasource-2.19.0.aar (com.google.android.exoplayer:exoplayer-datasource:2.19.0) with AarToClassTransform
Skipping JetifyTransform: C:\Users\ASUS\.gradle\caches\modules-2\files-2.1\com.google.android.exoplayer\exoplayer-decoder\2.19.0\56c41ca403cb10c79ca124a81e84d249b5791e1f\exoplayer-decoder-2.19.0.aar as it is up-to-date.
Transforming exoplayer-extractor-2.19.0.aar (com.google.android.exoplayer:exoplayer-extractor:2.19.0) with JetifyTransform
Transforming exoplayer-decoder-2.19.0.aar (com.google.android.exoplayer:exoplayer-decoder:2.19.0) with AarToClassTransform
Transforming exoplayer-container-2.19.0.aar (com.google.android.exoplayer:exoplayer-container:2.19.0) with JetifyTransform
Transforming exoplayer-dash-2.19.0.aar (com.google.android.exoplayer:exoplayer-dash:2.19.0) with JetifyTransform
Caching disabled for IdentityTransform: C:\Users\ASUS\.gradle\caches\transforms-3\cbee1b3f8da615ecfe5b68d2b069de14\transformed\jetified-annotations-20.1.0.jar because:
  Build cache is disabled
Caching disabled for JetifyTransform: C:\Users\ASUS\.gradle\caches\modules-2\files-2.1\com.google.android.exoplayer\exoplayer-extractor\2.19.0\228a6bf8a9faf1810d0a9626372218305345ac67\exoplayer-extractor-2.19.0.aar because:
  Build cache is disabled
Skipping IdentityTransform: C:\Users\ASUS\.gradle\caches\transforms-3\cbee1b3f8da615ecfe5b68d2b069de14\transformed\jetified-annotations-20.1.0.jar as it is up-to-date.
Skipping JetifyTransform: C:\Users\ASUS\.gradle\caches\modules-2\files-2.1\com.google.android.exoplayer\exoplayer-extractor\2.19.0\228a6bf8a9faf1810d0a9626372218305345ac67\exoplayer-extractor-2.19.0.aar as it is up-to-date.
Caching disabled for AarToClassTransform: C:\Users\ASUS\.gradle\caches\transforms-3\b98e965abd75fa36e0f86f690a425fab\transformed\jetified-exoplayer-datasource-2.19.0.aar because:
  Build cache is disabled
Caching disabled for AarToClassTransform: C:\Users\ASUS\.gradle\caches\transforms-3\b1a9d23a89943361d9028f3426d51223\transformed\jetified-exoplayer-decoder-2.19.0.aar because:
  Build cache is disabled
Skipping AarToClassTransform: C:\Users\ASUS\.gradle\caches\transforms-3\b98e965abd75fa36e0f86f690a425fab\transformed\jetified-exoplayer-datasource-2.19.0.aar as it is up-to-date.
Caching disabled for AarToClassTransform: C:\Users\ASUS\.gradle\caches\transforms-3\fc25009a14eb666a79b3b3898c79bb99\transformed\jetified-exoplayer-core-2.19.0.aar because:
  Build cache is disabled
Transforming exoplayer-hls-2.19.0.aar (com.google.android.exoplayer:exoplayer-hls:2.19.0) with JetifyTransform
Skipping AarToClassTransform: C:\Users\ASUS\.gradle\caches\transforms-3\fc25009a14eb666a79b3b3898c79bb99\transformed\jetified-exoplayer-core-2.19.0.aar as it is up-to-date.
Skipping AarToClassTransform: C:\Users\ASUS\.gradle\caches\transforms-3\b1a9d23a89943361d9028f3426d51223\transformed\jetified-exoplayer-decoder-2.19.0.aar as it is up-to-date.
Transforming exoplayer-rtsp-2.19.0.aar (com.google.android.exoplayer:exoplayer-rtsp:2.19.0) with JetifyTransform
Transforming exoplayer-extractor-2.19.0.aar (com.google.android.exoplayer:exoplayer-extractor:2.19.0) with AarToClassTransform
Transforming exoplayer-smoothstreaming-2.19.0.aar (com.google.android.exoplayer:exoplayer-smoothstreaming:2.19.0) with JetifyTransform
Caching disabled for AarToClassTransform: C:\Users\ASUS\.gradle\caches\transforms-3\36f44acff7b1ea7116ea3a726f40b987\transformed\jetified-exoplayer-database-2.19.0.aar because:
  Build cache is disabled
Caching disabled for JetifyTransform: C:\Users\ASUS\.gradle\caches\modules-2\files-2.1\com.google.android.exoplayer\exoplayer-container\2.19.0\fb437312da6174e19b5d85d77023d31b6447d854\exoplayer-container-2.19.0.aar because:
  Build cache is disabled
Transforming tracing-1.1.0.aar (androidx.tracing:tracing:1.1.0) with JetifyTransform
Skipping JetifyTransform: C:\Users\ASUS\.gradle\caches\modules-2\files-2.1\com.google.android.exoplayer\exoplayer-container\2.19.0\fb437312da6174e19b5d85d77023d31b6447d854\exoplayer-container-2.19.0.aar as it is up-to-date.
Transforming exoplayer-container-2.19.0.aar (com.google.android.exoplayer:exoplayer-container:2.19.0) with AarToClassTransform
Caching disabled for AarToClassTransform: C:\Users\ASUS\.gradle\caches\transforms-3\9ca54cc9e6d2267f735317b838622abd\transformed\jetified-exoplayer-extractor-2.19.0.aar because:
  Build cache is disabled
Skipping AarToClassTransform: C:\Users\ASUS\.gradle\caches\transforms-3\9ca54cc9e6d2267f735317b838622abd\transformed\jetified-exoplayer-extractor-2.19.0.aar as it is up-to-date.
Skipping AarToClassTransform: C:\Users\ASUS\.gradle\caches\transforms-3\36f44acff7b1ea7116ea3a726f40b987\transformed\jetified-exoplayer-database-2.19.0.aar as it is up-to-date.
Transforming startup-runtime-1.1.1.aar (androidx.startup:startup-runtime:1.1.1) with JetifyTransform
Caching disabled for JetifyTransform: C:\Users\ASUS\.gradle\caches\modules-2\files-2.1\com.google.android.exoplayer\exoplayer-hls\2.19.0\83e84909c1ff14a34b9a882f0e5cbc80050f078f\exoplayer-hls-2.19.0.aar because:
  Build cache is disabled
Transforming infer-annotation-0.18.0.jar (com.facebook.infer.annotation:infer-annotation:0.18.0) with JetifyTransform
Skipping JetifyTransform: C:\Users\ASUS\.gradle\caches\modules-2\files-2.1\com.google.android.exoplayer\exoplayer-hls\2.19.0\83e84909c1ff14a34b9a882f0e5cbc80050f078f\exoplayer-hls-2.19.0.aar as it is up-to-date.
Caching disabled for AarToClassTransform: C:\Users\ASUS\.gradle\caches\transforms-3\eb7354525d7bef67a473bb36cb3c107d\transformed\jetified-exoplayer-container-2.19.0.aar because:
  Build cache is disabled
Skipping AarToClassTransform: C:\Users\ASUS\.gradle\caches\transforms-3\eb7354525d7bef67a473bb36cb3c107d\transformed\jetified-exoplayer-container-2.19.0.aar as it is up-to-date.
Transforming exoplayer-hls-2.19.0.aar (com.google.android.exoplayer:exoplayer-hls:2.19.0) with AarToClassTransform
Caching disabled for JetifyTransform: C:\Users\ASUS\.gradle\caches\modules-2\files-2.1\androidx.tracing\tracing\1.1.0\cdc41b1335c3857e4136d399f6a7962663d05e5e\tracing-1.1.0.aar because:
  Build cache is disabled
Skipping JetifyTransform: C:\Users\ASUS\.gradle\caches\modules-2\files-2.1\androidx.tracing\tracing\1.1.0\cdc41b1335c3857e4136d399f6a7962663d05e5e\tracing-1.1.0.aar as it is up-to-date.
Transforming tracing-1.1.0.aar (androidx.tracing:tracing:1.1.0) with AarToClassTransform
Caching disabled for JetifyTransform: C:\Users\ASUS\.gradle\caches\modules-2\files-2.1\com.google.android.exoplayer\exoplayer-dash\2.19.0\a1564bee5c11768245ddb8c7cff1dcb8c7efd3be\exoplayer-dash-2.19.0.aar because:
  Build cache is disabled
Skipping JetifyTransform: C:\Users\ASUS\.gradle\caches\modules-2\files-2.1\com.google.android.exoplayer\exoplayer-dash\2.19.0\a1564bee5c11768245ddb8c7cff1dcb8c7efd3be\exoplayer-dash-2.19.0.aar as it is up-to-date.
Transforming exoplayer-dash-2.19.0.aar (com.google.android.exoplayer:exoplayer-dash:2.19.0) with AarToClassTransform
Caching disabled for JetifyTransform: C:\Users\ASUS\.gradle\caches\modules-2\files-2.1\androidx.startup\startup-runtime\1.1.1\9d4ba67056aff98b69eadc1477c19a1e67cb9470\startup-runtime-1.1.1.aar because:
  Build cache is disabled
Caching disabled for JetifyTransform: C:\Users\ASUS\.gradle\caches\modules-2\files-2.1\com.google.android.exoplayer\exoplayer-smoothstreaming\2.19.0\b92533e7ecbad15d64bedc5326c9d24b35f4b500\exoplayer-smoothstreaming-2.19.0.aar because:
  Build cache is disabled
Skipping JetifyTransform: C:\Users\ASUS\.gradle\caches\modules-2\files-2.1\androidx.startup\startup-runtime\1.1.1\9d4ba67056aff98b69eadc1477c19a1e67cb9470\startup-runtime-1.1.1.aar as it is up-to-date.
Caching disabled for AarToClassTransform: C:\Users\ASUS\.gradle\caches\transforms-3\522485b34d37ac7795854599e1477ba4\transformed\jetified-tracing-1.1.0.aar because:
  Build cache is disabled
Caching disabled for JetifyTransform: C:\Users\ASUS\.gradle\caches\modules-2\files-2.1\com.google.code.findbugs\jsr305\3.0.2\25ea2e8b0c338a877313bd4672d3fe056ea78f0d\jsr305-3.0.2.jar because:
  Build cache is disabled
Transforming startup-runtime-1.1.1.aar (androidx.startup:startup-runtime:1.1.1) with AarToClassTransform
Skipping AarToClassTransform: C:\Users\ASUS\.gradle\caches\transforms-3\522485b34d37ac7795854599e1477ba4\transformed\jetified-tracing-1.1.0.aar as it is up-to-date.
Caching disabled for AarToClassTransform: C:\Users\ASUS\.gradle\caches\transforms-3\8f0b91e04f7476cee5d488837b6d30f3\transformed\jetified-exoplayer-hls-2.19.0.aar because:
  Build cache is disabled
Skipping AarToClassTransform: C:\Users\ASUS\.gradle\caches\transforms-3\8f0b91e04f7476cee5d488837b6d30f3\transformed\jetified-exoplayer-hls-2.19.0.aar as it is up-to-date.
Skipping JetifyTransform: C:\Users\ASUS\.gradle\caches\modules-2\files-2.1\com.google.android.exoplayer\exoplayer-smoothstreaming\2.19.0\b92533e7ecbad15d64bedc5326c9d24b35f4b500\exoplayer-smoothstreaming-2.19.0.aar as it is up-to-date.
Skipping JetifyTransform: C:\Users\ASUS\.gradle\caches\modules-2\files-2.1\com.google.code.findbugs\jsr305\3.0.2\25ea2e8b0c338a877313bd4672d3fe056ea78f0d\jsr305-3.0.2.jar as it is up-to-date.
Transforming exoplayer-smoothstreaming-2.19.0.aar (com.google.android.exoplayer:exoplayer-smoothstreaming:2.19.0) with AarToClassTransform
Transforming jsr305-3.0.2.jar (com.google.code.findbugs:jsr305:3.0.2) with IdentityTransform
Transforming autofill-1.1.0.aar (androidx.autofill:autofill:1.1.0) with JetifyTransform
Caching disabled for AarToClassTransform: C:\Users\ASUS\.gradle\caches\transforms-3\5de5182218cb120f300fb26a32e9a789\transformed\jetified-exoplayer-dash-2.19.0.aar because:
  Build cache is disabled
Transforming fbjni-0.3.0.aar (com.facebook.fbjni:fbjni:0.3.0) with JetifyTransform
Caching disabled for AarToClassTransform: C:\Users\ASUS\.gradle\caches\transforms-3\405e7e8c56d1937f72e66f66dccaff36\transformed\jetified-startup-runtime-1.1.1.aar because:
  Build cache is disabled
Skipping AarToClassTransform: C:\Users\ASUS\.gradle\caches\transforms-3\5de5182218cb120f300fb26a32e9a789\transformed\jetified-exoplayer-dash-2.19.0.aar as it is up-to-date.
Skipping AarToClassTransform: C:\Users\ASUS\.gradle\caches\transforms-3\405e7e8c56d1937f72e66f66dccaff36\transformed\jetified-startup-runtime-1.1.1.aar as it is up-to-date.
Caching disabled for JetifyTransform: C:\Users\ASUS\.gradle\caches\modules-2\files-2.1\com.facebook.infer.annotation\infer-annotation\0.18.0\27539793fe93ed7d92b6376281c16cda8278ab2f\infer-annotation-0.18.0.jar because:
  Build cache is disabled
Skipping JetifyTransform: C:\Users\ASUS\.gradle\caches\modules-2\files-2.1\com.facebook.infer.annotation\infer-annotation\0.18.0\27539793fe93ed7d92b6376281c16cda8278ab2f\infer-annotation-0.18.0.jar as it is up-to-date.
Transforming soloader-0.10.5.aar (com.facebook.soloader:soloader:0.10.5) with JetifyTransform
Transforming infer-annotation-0.18.0.jar (com.facebook.infer.annotation:infer-annotation:0.18.0) with IdentityTransform
Transforming nativeloader-0.10.5.jar (com.facebook.soloader:nativeloader:0.10.5) with JetifyTransform
Caching disabled for IdentityTransform: C:\Users\ASUS\.gradle\caches\transforms-3\775075059c411a1d1176a05ace990246\transformed\jetified-jsr305-3.0.2.jar because:
  Build cache is disabled
Caching disabled for JetifyTransform: C:\Users\ASUS\.gradle\caches\modules-2\files-2.1\androidx.autofill\autofill\1.1.0\d9cdaa22b9c373ba75a35dcc33ee8871543164e5\autofill-1.1.0.aar because:
  Build cache is disabled
Skipping JetifyTransform: C:\Users\ASUS\.gradle\caches\modules-2\files-2.1\androidx.autofill\autofill\1.1.0\d9cdaa22b9c373ba75a35dcc33ee8871543164e5\autofill-1.1.0.aar as it is up-to-date.
Skipping IdentityTransform: C:\Users\ASUS\.gradle\caches\transforms-3\775075059c411a1d1176a05ace990246\transformed\jetified-jsr305-3.0.2.jar as it is up-to-date.
Transforming autofill-1.1.0.aar (androidx.autofill:autofill:1.1.0) with AarToClassTransform
Caching disabled for IdentityTransform: C:\Users\ASUS\.gradle\caches\transforms-3\30496408c5b69d7a0de34628a49191b7\transformed\jetified-infer-annotation-0.18.0.jar because:
  Build cache is disabled
Skipping IdentityTransform: C:\Users\ASUS\.gradle\caches\transforms-3\30496408c5b69d7a0de34628a49191b7\transformed\jetified-infer-annotation-0.18.0.jar as it is up-to-date.
Caching disabled for JetifyTransform: C:\Users\ASUS\.gradle\caches\modules-2\files-2.1\com.facebook.soloader\soloader\0.10.5\56c5199825ebfe8638af6912fb00fa2f120846e1\soloader-0.10.5.aar because:
  Build cache is disabled
Skipping JetifyTransform: C:\Users\ASUS\.gradle\caches\modules-2\files-2.1\com.facebook.soloader\soloader\0.10.5\56c5199825ebfe8638af6912fb00fa2f120846e1\soloader-0.10.5.aar as it is up-to-date.
Caching disabled for JetifyTransform: C:\Users\ASUS\.gradle\caches\modules-2\files-2.1\com.facebook.soloader\nativeloader\0.10.5\492cc5082540e19b29328f2f56c53255cb6e7cc6\nativeloader-0.10.5.jar because:
  Build cache is disabled
Transforming fbcore-2.5.0.aar (com.facebook.fresco:fbcore:2.5.0) with JetifyTransform
Caching disabled for AarToClassTransform: C:\Users\ASUS\.gradle\caches\transforms-3\4c3c846ef9cd49e5cf84b995244cb1a7\transformed\jetified-exoplayer-smoothstreaming-2.19.0.aar because:
  Build cache is disabled
Caching disabled for AarToClassTransform: C:\Users\ASUS\.gradle\caches\transforms-3\026842c5f2dee5ece16c0721fa3f485b\transformed\jetified-autofill-1.1.0.aar because:
  Build cache is disabled
Transforming fresco-2.5.0.aar (com.facebook.fresco:fresco:2.5.0) with JetifyTransform
Skipping AarToClassTransform: C:\Users\ASUS\.gradle\caches\transforms-3\4c3c846ef9cd49e5cf84b995244cb1a7\transformed\jetified-exoplayer-smoothstreaming-2.19.0.aar as it is up-to-date.
Skipping AarToClassTransform: C:\Users\ASUS\.gradle\caches\transforms-3\026842c5f2dee5ece16c0721fa3f485b\transformed\jetified-autofill-1.1.0.aar as it is up-to-date.
Transforming soloader-0.10.5.aar (com.facebook.soloader:soloader:0.10.5) with AarToClassTransform
Skipping JetifyTransform: C:\Users\ASUS\.gradle\caches\modules-2\files-2.1\com.facebook.soloader\nativeloader\0.10.5\492cc5082540e19b29328f2f56c53255cb6e7cc6\nativeloader-0.10.5.jar as it is up-to-date.
Transforming ui-common-2.5.0.aar (com.facebook.fresco:ui-common:2.5.0) with JetifyTransform
Transforming annotation-0.10.5.jar (com.facebook.soloader:annotation:0.10.5) with JetifyTransform
Transforming nativeloader-0.10.5.jar (com.facebook.soloader:nativeloader:0.10.5) with IdentityTransform
Caching disabled for JetifyTransform: C:\Users\ASUS\.gradle\caches\modules-2\files-2.1\com.facebook.fresco\fresco\2.5.0\b768459446d166d148aaf3b8edcdcecd59381190\fresco-2.5.0.aar because:
  Build cache is disabled
Skipping JetifyTransform: C:\Users\ASUS\.gradle\caches\modules-2\files-2.1\com.facebook.fresco\fresco\2.5.0\b768459446d166d148aaf3b8edcdcecd59381190\fresco-2.5.0.aar as it is up-to-date.
Caching disabled for JetifyTransform: C:\Users\ASUS\.gradle\caches\modules-2\files-2.1\com.facebook.fresco\ui-common\2.5.0\224851cf4c074aeff5dc42861b557870459a9d28\ui-common-2.5.0.aar because:
  Build cache is disabled
Skipping JetifyTransform: C:\Users\ASUS\.gradle\caches\modules-2\files-2.1\com.facebook.fresco\ui-common\2.5.0\224851cf4c074aeff5dc42861b557870459a9d28\ui-common-2.5.0.aar as it is up-to-date.
Transforming fresco-2.5.0.aar (com.facebook.fresco:fresco:2.5.0) with AarToClassTransform
Caching disabled for JetifyTransform: C:\Users\ASUS\.gradle\caches\modules-2\files-2.1\com.facebook.fresco\fbcore\2.5.0\ffe378b572055e0600377c000d390fb46bf278a5\fbcore-2.5.0.aar because:
  Build cache is disabled
Transforming ui-common-2.5.0.aar (com.facebook.fresco:ui-common:2.5.0) with AarToClassTransform
Skipping JetifyTransform: C:\Users\ASUS\.gradle\caches\modules-2\files-2.1\com.facebook.fresco\fbcore\2.5.0\ffe378b572055e0600377c000d390fb46bf278a5\fbcore-2.5.0.aar as it is up-to-date.
Caching disabled for IdentityTransform: C:\Users\ASUS\.gradle\caches\transforms-3\5bf93c7f64dbf119c732c46803bd8bc0\transformed\jetified-nativeloader-0.10.5.jar because:
  Build cache is disabled
Caching disabled for JetifyTransform: C:\Users\ASUS\.gradle\caches\modules-2\files-2.1\com.facebook.soloader\annotation\0.10.5\dc58463712cb3e5f03d8ee5ac9743b9ced9afa77\annotation-0.10.5.jar because:
  Build cache is disabled
Transforming fbcore-2.5.0.aar (com.facebook.fresco:fbcore:2.5.0) with AarToClassTransform
Skipping JetifyTransform: C:\Users\ASUS\.gradle\caches\modules-2\files-2.1\com.facebook.soloader\annotation\0.10.5\dc58463712cb3e5f03d8ee5ac9743b9ced9afa77\annotation-0.10.5.jar as it is up-to-date.
Skipping IdentityTransform: C:\Users\ASUS\.gradle\caches\transforms-3\5bf93c7f64dbf119c732c46803bd8bc0\transformed\jetified-nativeloader-0.10.5.jar as it is up-to-date.
Transforming annotation-0.10.5.jar (com.facebook.soloader:annotation:0.10.5) with IdentityTransform
Transforming drawee-2.5.0.aar (com.facebook.fresco:drawee:2.5.0) with JetifyTransform
Caching disabled for AarToClassTransform: C:\Users\ASUS\.gradle\caches\transforms-3\85a3cbdde7e328f0c075307da9761c8d\transformed\jetified-fresco-2.5.0.aar because:
  Build cache is disabled
Caching disabled for AarToClassTransform: C:\Users\ASUS\.gradle\caches\transforms-3\518365c0dc633346bde47e91341ba674\transformed\jetified-ui-common-2.5.0.aar because:
  Build cache is disabled
Skipping AarToClassTransform: C:\Users\ASUS\.gradle\caches\transforms-3\85a3cbdde7e328f0c075307da9761c8d\transformed\jetified-fresco-2.5.0.aar as it is up-to-date.
Skipping AarToClassTransform: C:\Users\ASUS\.gradle\caches\transforms-3\518365c0dc633346bde47e91341ba674\transformed\jetified-ui-common-2.5.0.aar as it is up-to-date.
Caching disabled for AarToClassTransform: C:\Users\ASUS\.gradle\caches\transforms-3\319ae18faf5c35a31ebc5af241b68436\transformed\jetified-fbcore-2.5.0.aar because:
  Build cache is disabled
Skipping AarToClassTransform: C:\Users\ASUS\.gradle\caches\transforms-3\319ae18faf5c35a31ebc5af241b68436\transformed\jetified-fbcore-2.5.0.aar as it is up-to-date.
Caching disabled for IdentityTransform: C:\Users\ASUS\.gradle\caches\transforms-3\abfc82c8547bccada421dd92cdce5289\transformed\jetified-annotation-0.10.5.jar because:
  Build cache is disabled
Transforming imagepipeline-2.5.0.aar (com.facebook.fresco:imagepipeline:2.5.0) with JetifyTransform
Skipping IdentityTransform: C:\Users\ASUS\.gradle\caches\transforms-3\abfc82c8547bccada421dd92cdce5289\transformed\jetified-annotation-0.10.5.jar as it is up-to-date.
Caching disabled for JetifyTransform: C:\Users\ASUS\.gradle\caches\modules-2\files-2.1\com.facebook.fresco\drawee\2.5.0\6971aca0134eafa61c1b81714c0954cb4eb4e10\drawee-2.5.0.aar because:
  Build cache is disabled
Caching disabled for JetifyTransform: C:\Users\ASUS\.gradle\caches\modules-2\files-2.1\com.google.android.exoplayer\exoplayer-rtsp\2.19.0\2f8c35975dcc39ddb383e669ccca642fba74c0e6\exoplayer-rtsp-2.19.0.aar because:
  Build cache is disabled
Transforming kotlin-annotations-jvm-1.3.72.jar (org.jetbrains.kotlin:kotlin-annotations-jvm:1.3.72) with JetifyTransform
Skipping JetifyTransform: C:\Users\ASUS\.gradle\caches\modules-2\files-2.1\com.facebook.fresco\drawee\2.5.0\6971aca0134eafa61c1b81714c0954cb4eb4e10\drawee-2.5.0.aar as it is up-to-date.
Skipping JetifyTransform: C:\Users\ASUS\.gradle\caches\modules-2\files-2.1\com.google.android.exoplayer\exoplayer-rtsp\2.19.0\2f8c35975dcc39ddb383e669ccca642fba74c0e6\exoplayer-rtsp-2.19.0.aar as it is up-to-date.
Caching disabled for AarToClassTransform: C:\Users\ASUS\.gradle\caches\transforms-3\1830268d5cba265c2efaefc8f6385014\transformed\jetified-soloader-0.10.5.aar because:
  Build cache is disabled
Transforming imagepipeline-base-2.5.0.aar (com.facebook.fresco:imagepipeline-base:2.5.0) with JetifyTransform
Transforming drawee-2.5.0.aar (com.facebook.fresco:drawee:2.5.0) with AarToClassTransform
Skipping AarToClassTransform: C:\Users\ASUS\.gradle\caches\transforms-3\1830268d5cba265c2efaefc8f6385014\transformed\jetified-soloader-0.10.5.aar as it is up-to-date.
Transforming exoplayer-rtsp-2.19.0.aar (com.google.android.exoplayer:exoplayer-rtsp:2.19.0) with AarToClassTransform
Transforming imagepipeline-native-2.5.0.aar (com.facebook.fresco:imagepipeline-native:2.5.0) with JetifyTransform
Caching disabled for JetifyTransform: C:\Users\ASUS\.gradle\caches\modules-2\files-2.1\com.facebook.fbjni\fbjni\0.3.0\17fe26833dbdcebabc70764ded55c4f60665f486\fbjni-0.3.0.aar because:
  Build cache is disabled
Skipping JetifyTransform: C:\Users\ASUS\.gradle\caches\modules-2\files-2.1\com.facebook.fbjni\fbjni\0.3.0\17fe26833dbdcebabc70764ded55c4f60665f486\fbjni-0.3.0.aar as it is up-to-date.
Transforming memory-type-ashmem-2.5.0.aar (com.facebook.fresco:memory-type-ashmem:2.5.0) with JetifyTransform
Caching disabled for JetifyTransform: C:\Users\ASUS\.gradle\caches\modules-2\files-2.1\com.facebook.fresco\imagepipeline\2.5.0\dd62dd1607ade4532c1240f137ac3c2d7920c134\imagepipeline-2.5.0.aar because:
  Build cache is disabled
Transforming fbjni-0.3.0.aar (com.facebook.fbjni:fbjni:0.3.0) with AarToClassTransform
Skipping JetifyTransform: C:\Users\ASUS\.gradle\caches\modules-2\files-2.1\com.facebook.fresco\imagepipeline\2.5.0\dd62dd1607ade4532c1240f137ac3c2d7920c134\imagepipeline-2.5.0.aar as it is up-to-date.
Transforming imagepipeline-2.5.0.aar (com.facebook.fresco:imagepipeline:2.5.0) with AarToClassTransform
Caching disabled for AarToClassTransform: C:\Users\ASUS\.gradle\caches\transforms-3\b8fceddc79e413d10aff49a876759da3\transformed\jetified-drawee-2.5.0.aar because:
  Build cache is disabled
Skipping AarToClassTransform: C:\Users\ASUS\.gradle\caches\transforms-3\b8fceddc79e413d10aff49a876759da3\transformed\jetified-drawee-2.5.0.aar as it is up-to-date.
Transforming memory-type-native-2.5.0.aar (com.facebook.fresco:memory-type-native:2.5.0) with JetifyTransform
Caching disabled for JetifyTransform: C:\Users\ASUS\.gradle\caches\modules-2\files-2.1\org.jetbrains.kotlin\kotlin-annotations-jvm\1.3.72\7dba6c57de526588d8080317bda0c14cd88c8055\kotlin-annotations-jvm-1.3.72.jar because:
  Build cache is disabled
Skipping JetifyTransform: C:\Users\ASUS\.gradle\caches\modules-2\files-2.1\org.jetbrains.kotlin\kotlin-annotations-jvm\1.3.72\7dba6c57de526588d8080317bda0c14cd88c8055\kotlin-annotations-jvm-1.3.72.jar as it is up-to-date.
Transforming kotlin-annotations-jvm-1.3.72.jar (org.jetbrains.kotlin:kotlin-annotations-jvm:1.3.72) with IdentityTransform
Caching disabled for AarToClassTransform: C:\Users\ASUS\.gradle\caches\transforms-3\6f689bcc836a534ee912481a58fb2d5c\transformed\jetified-imagepipeline-2.5.0.aar because:
  Build cache is disabled
Skipping AarToClassTransform: C:\Users\ASUS\.gradle\caches\transforms-3\6f689bcc836a534ee912481a58fb2d5c\transformed\jetified-imagepipeline-2.5.0.aar as it is up-to-date.
Caching disabled for JetifyTransform: C:\Users\ASUS\.gradle\caches\modules-2\files-2.1\com.facebook.fresco\imagepipeline-native\2.5.0\f8e65e897a883ac4f754d57897aaba0016c8beba\imagepipeline-native-2.5.0.aar because:
  Build cache is disabled
Skipping JetifyTransform: C:\Users\ASUS\.gradle\caches\modules-2\files-2.1\com.facebook.fresco\imagepipeline-native\2.5.0\f8e65e897a883ac4f754d57897aaba0016c8beba\imagepipeline-native-2.5.0.aar as it is up-to-date.
Transforming imagepipeline-native-2.5.0.aar (com.facebook.fresco:imagepipeline-native:2.5.0) with AarToClassTransform
Caching disabled for JetifyTransform: C:\Users\ASUS\.gradle\caches\modules-2\files-2.1\com.facebook.fresco\memory-type-native\2.5.0\7eb7c52ee2a4d40b7f706c90069549410236aaa5\memory-type-native-2.5.0.aar because:
  Build cache is disabled
Transforming memory-type-java-2.5.0.aar (com.facebook.fresco:memory-type-java:2.5.0) with JetifyTransform
Skipping JetifyTransform: C:\Users\ASUS\.gradle\caches\modules-2\files-2.1\com.facebook.fresco\memory-type-native\2.5.0\7eb7c52ee2a4d40b7f706c90069549410236aaa5\memory-type-native-2.5.0.aar as it is up-to-date.
Transforming memory-type-native-2.5.0.aar (com.facebook.fresco:memory-type-native:2.5.0) with AarToClassTransform
Caching disabled for JetifyTransform: C:\Users\ASUS\.gradle\caches\modules-2\files-2.1\com.facebook.fresco\imagepipeline-base\2.5.0\6839693f5d3b6697cfabbf159d004dae2f465126\imagepipeline-base-2.5.0.aar because:
  Build cache is disabled
Skipping JetifyTransform: C:\Users\ASUS\.gradle\caches\modules-2\files-2.1\com.facebook.fresco\imagepipeline-base\2.5.0\6839693f5d3b6697cfabbf159d004dae2f465126\imagepipeline-base-2.5.0.aar as it is up-to-date.
Transforming imagepipeline-base-2.5.0.aar (com.facebook.fresco:imagepipeline-base:2.5.0) with AarToClassTransform
Caching disabled for JetifyTransform: C:\Users\ASUS\.gradle\caches\modules-2\files-2.1\com.facebook.fresco\memory-type-java\2.5.0\57537a8b69dbad44fafdaea3067a776e11586465\memory-type-java-2.5.0.aar because:
  Build cache is disabled
Skipping JetifyTransform: C:\Users\ASUS\.gradle\caches\modules-2\files-2.1\com.facebook.fresco\memory-type-java\2.5.0\57537a8b69dbad44fafdaea3067a776e11586465\memory-type-java-2.5.0.aar as it is up-to-date.
Transforming memory-type-java-2.5.0.aar (com.facebook.fresco:memory-type-java:2.5.0) with AarToClassTransform
Caching disabled for AarToClassTransform: C:\Users\ASUS\.gradle\caches\transforms-3\f24c53ba93f5493baea08d37c3e47ee6\transformed\jetified-fbjni-0.3.0.aar because:
  Build cache is disabled
Caching disabled for AarToClassTransform: C:\Users\ASUS\.gradle\caches\transforms-3\b6241281b3b08e47a6f5f71f8952d884\transformed\jetified-exoplayer-rtsp-2.19.0.aar because:
  Build cache is disabled
Skipping AarToClassTransform: C:\Users\ASUS\.gradle\caches\transforms-3\b6241281b3b08e47a6f5f71f8952d884\transformed\jetified-exoplayer-rtsp-2.19.0.aar as it is up-to-date.
Caching disabled for AarToClassTransform: C:\Users\ASUS\.gradle\caches\transforms-3\13c0c26bdfa58b585c85a7ec7a804417\transformed\jetified-imagepipeline-base-2.5.0.aar because:
  Build cache is disabled
Skipping AarToClassTransform: C:\Users\ASUS\.gradle\caches\transforms-3\f24c53ba93f5493baea08d37c3e47ee6\transformed\jetified-fbjni-0.3.0.aar as it is up-to-date.
Skipping AarToClassTransform: C:\Users\ASUS\.gradle\caches\transforms-3\13c0c26bdfa58b585c85a7ec7a804417\transformed\jetified-imagepipeline-base-2.5.0.aar as it is up-to-date.
Caching disabled for JetifyTransform: C:\Users\ASUS\.gradle\caches\modules-2\files-2.1\com.facebook.fresco\memory-type-ashmem\2.5.0\b43b53aca89569fd2e8e964b71dc7afbf62204e8\memory-type-ashmem-2.5.0.aar because:
  Build cache is disabled
Caching disabled for AarToClassTransform: C:\Users\ASUS\.gradle\caches\transforms-3\67dfc978040ff3680e805aa4c496a647\transformed\jetified-memory-type-java-2.5.0.aar because:
  Build cache is disabled
Skipping JetifyTransform: C:\Users\ASUS\.gradle\caches\modules-2\files-2.1\com.facebook.fresco\memory-type-ashmem\2.5.0\b43b53aca89569fd2e8e964b71dc7afbf62204e8\memory-type-ashmem-2.5.0.aar as it is up-to-date.
Transforming nativeimagefilters-2.5.0.aar (com.facebook.fresco:nativeimagefilters:2.5.0) with JetifyTransform
Caching disabled for AarToClassTransform: C:\Users\ASUS\.gradle\caches\transforms-3\117a141f29701644315294d8a0260759\transformed\jetified-memory-type-native-2.5.0.aar because:
  Build cache is disabled
Skipping AarToClassTransform: C:\Users\ASUS\.gradle\caches\transforms-3\117a141f29701644315294d8a0260759\transformed\jetified-memory-type-native-2.5.0.aar as it is up-to-date.
Transforming proguard-annotations-1.19.0.jar (com.facebook.yoga:proguard-annotations:1.19.0) with JetifyTransform
Transforming memory-type-ashmem-2.5.0.aar (com.facebook.fresco:memory-type-ashmem:2.5.0) with AarToClassTransform
Skipping AarToClassTransform: C:\Users\ASUS\.gradle\caches\transforms-3\67dfc978040ff3680e805aa4c496a647\transformed\jetified-memory-type-java-2.5.0.aar as it is up-to-date.
Transforming nativeimagetranscoder-2.5.0.aar (com.facebook.fresco:nativeimagetranscoder:2.5.0) with JetifyTransform
Caching disabled for AarToClassTransform: C:\Users\ASUS\.gradle\caches\transforms-3\2ee205e9de125e0e68ade6eef5b4828a\transformed\jetified-imagepipeline-native-2.5.0.aar because:
  Build cache is disabled
Skipping AarToClassTransform: C:\Users\ASUS\.gradle\caches\transforms-3\2ee205e9de125e0e68ade6eef5b4828a\transformed\jetified-imagepipeline-native-2.5.0.aar as it is up-to-date.
Caching disabled for JetifyTransform: C:\Users\ASUS\.gradle\caches\modules-2\files-2.1\javax.inject\javax.inject\1\6975da39a7040257bd51d21a231b76c915872d38\javax.inject-1.jar because:
  Build cache is disabled
Caching disabled for JetifyTransform: C:\Users\ASUS\.gradle\caches\modules-2\files-2.1\com.facebook.yoga\proguard-annotations\1.19.0\fcbbb39052e6490eaaf6a6959c49c3a4fbe87c63\proguard-annotations-1.19.0.jar because:
  Build cache is disabled
Caching disabled for IdentityTransform: C:\Users\ASUS\.gradle\caches\transforms-3\ad6e5a1220abea0e6471ac6779c9a54f\transformed\jetified-kotlin-annotations-jvm-1.3.72.jar because:
  Build cache is disabled
Skipping JetifyTransform: C:\Users\ASUS\.gradle\caches\modules-2\files-2.1\javax.inject\javax.inject\1\6975da39a7040257bd51d21a231b76c915872d38\javax.inject-1.jar as it is up-to-date.
Skipping IdentityTransform: C:\Users\ASUS\.gradle\caches\transforms-3\ad6e5a1220abea0e6471ac6779c9a54f\transformed\jetified-kotlin-annotations-jvm-1.3.72.jar as it is up-to-date.
Caching disabled for AarToClassTransform: C:\Users\ASUS\.gradle\caches\transforms-3\a1940d773697eff8e5805d2d17b75f0f\transformed\jetified-memory-type-ashmem-2.5.0.aar because:
  Build cache is disabled
Skipping AarToClassTransform: C:\Users\ASUS\.gradle\caches\transforms-3\a1940d773697eff8e5805d2d17b75f0f\transformed\jetified-memory-type-ashmem-2.5.0.aar as it is up-to-date.
Caching disabled for JetifyTransform: C:\Users\ASUS\.gradle\caches\modules-2\files-2.1\com.facebook.fresco\nativeimagefilters\2.5.0\4a30438df8d960000b37b1f8cdba9d7996d57ea9\nativeimagefilters-2.5.0.aar because:
  Build cache is disabled
Skipping JetifyTransform: C:\Users\ASUS\.gradle\caches\modules-2\files-2.1\com.facebook.yoga\proguard-annotations\1.19.0\fcbbb39052e6490eaaf6a6959c49c3a4fbe87c63\proguard-annotations-1.19.0.jar as it is up-to-date.
Skipping JetifyTransform: C:\Users\ASUS\.gradle\caches\modules-2\files-2.1\com.facebook.fresco\nativeimagefilters\2.5.0\4a30438df8d960000b37b1f8cdba9d7996d57ea9\nativeimagefilters-2.5.0.aar as it is up-to-date.
Transforming javax.inject-1.jar (javax.inject:javax.inject:1) with IdentityTransform
Transforming proguard-annotations-1.19.0.jar (com.facebook.yoga:proguard-annotations:1.19.0) with IdentityTransform
Transforming nativeimagefilters-2.5.0.aar (com.facebook.fresco:nativeimagefilters:2.5.0) with AarToClassTransform
Caching disabled for IdentityTransform: C:\Users\ASUS\.gradle\caches\transforms-3\42ebbad2ef5d1003b90c9ab5ce8fbf06\transformed\jetified-javax.inject-1.jar because:
  Build cache is disabled
Skipping IdentityTransform: C:\Users\ASUS\.gradle\caches\transforms-3\42ebbad2ef5d1003b90c9ab5ce8fbf06\transformed\jetified-javax.inject-1.jar as it is up-to-date.
Caching disabled for IdentityTransform: C:\Users\ASUS\.gradle\caches\transforms-3\bf3728d873de7a09a8475d50b5b9bde3\transformed\jetified-proguard-annotations-1.19.0.jar because:
  Build cache is disabled
Skipping IdentityTransform: C:\Users\ASUS\.gradle\caches\transforms-3\bf3728d873de7a09a8475d50b5b9bde3\transformed\jetified-proguard-annotations-1.19.0.jar as it is up-to-date.
Caching disabled for JetifyTransform: C:\Users\ASUS\.gradle\caches\modules-2\files-2.1\com.facebook.fresco\nativeimagetranscoder\2.5.0\7db353c68b41e2ad502a959c554387d59e75eb75\nativeimagetranscoder-2.5.0.aar because:
  Build cache is disabled
Skipping JetifyTransform: C:\Users\ASUS\.gradle\caches\modules-2\files-2.1\com.facebook.fresco\nativeimagetranscoder\2.5.0\7db353c68b41e2ad502a959c554387d59e75eb75\nativeimagetranscoder-2.5.0.aar as it is up-to-date.
Caching disabled for AarToClassTransform: C:\Users\ASUS\.gradle\caches\transforms-3\99bae0141c060059ae78bcc549bb84e7\transformed\jetified-nativeimagefilters-2.5.0.aar because:
  Build cache is disabled
Transforming nativeimagetranscoder-2.5.0.aar (com.facebook.fresco:nativeimagetranscoder:2.5.0) with AarToClassTransform
Skipping AarToClassTransform: C:\Users\ASUS\.gradle\caches\transforms-3\99bae0141c060059ae78bcc549bb84e7\transformed\jetified-nativeimagefilters-2.5.0.aar as it is up-to-date.
Caching disabled for AarToClassTransform: C:\Users\ASUS\.gradle\caches\transforms-3\bbe4641b3ad0780b820818d1052b1a3a\transformed\jetified-nativeimagetranscoder-2.5.0.aar because:
  Build cache is disabled
Skipping AarToClassTransform: C:\Users\ASUS\.gradle\caches\transforms-3\bbe4641b3ad0780b820818d1052b1a3a\transformed\jetified-nativeimagetranscoder-2.5.0.aar as it is up-to-date.
Transforming R.jar with ClasspathEntrySnapshotTransform
Transforming jetified-react-android-0.72.10-debug-api.jar with ClasspathEntrySnapshotTransform
Transforming appcompat-1.5.0-api.jar with ClasspathEntrySnapshotTransform
Transforming fragment-1.3.6-api.jar with ClasspathEntrySnapshotTransform
Transforming jetified-activity-1.5.0-api.jar with ClasspathEntrySnapshotTransform
Transforming jetified-lifecycle-viewmodel-savedstate-2.5.0-api.jar with ClasspathEntrySnapshotTransform
Caching disabled for ClasspathEntrySnapshotTransform: C:\Users\ASUS\.gradle\caches\transforms-3\7ee1285e14705c0807c14490b429aa73\transformed\jetified-react-android-0.72.10-debug-api.jar because:
  Build cache is disabled
Caching disabled for ClasspathEntrySnapshotTransform: C:\Users\ASUS\Documents\GitHub\newest-qr-menu\StaffNativeApp\node_modules\react-native-track-player-next\android\build\intermediates\compile_r_class_jar\debug\R.jar because:
  Build cache is disabled
Skipping ClasspathEntrySnapshotTransform: C:\Users\ASUS\.gradle\caches\transforms-3\7ee1285e14705c0807c14490b429aa73\transformed\jetified-react-android-0.72.10-debug-api.jar as it is up-to-date.
Skipping ClasspathEntrySnapshotTransform: C:\Users\ASUS\Documents\GitHub\newest-qr-menu\StaffNativeApp\node_modules\react-native-track-player-next\android\build\intermediates\compile_r_class_jar\debug\R.jar as it is up-to-date.
Transforming jetified-core-ktx-1.9.0-api.jar with ClasspathEntrySnapshotTransform
Transforming jetified-kotlinaudio-v2.1.0-api.jar with ClasspathEntrySnapshotTransform
Caching disabled for ClasspathEntrySnapshotTransform: C:\Users\ASUS\.gradle\caches\transforms-3\460ff4be823fd036c53778b948c3acd5\transformed\fragment-1.3.6-api.jar because:
  Build cache is disabled
Transforming jetified-okhttp-urlconnection-4.9.2.jar with ClasspathEntrySnapshotTransform
Skipping ClasspathEntrySnapshotTransform: C:\Users\ASUS\.gradle\caches\transforms-3\460ff4be823fd036c53778b948c3acd5\transformed\fragment-1.3.6-api.jar as it is up-to-date.
Transforming jetified-kotlinx-coroutines-android-1.6.4.jar with ClasspathEntrySnapshotTransform
Caching disabled for ClasspathEntrySnapshotTransform: C:\Users\ASUS\.gradle\caches\transforms-3\5bef26e365c1ed156c7b4458fc3a0307\transformed\appcompat-1.5.0-api.jar because:
  Build cache is disabled
Transforming jetified-kotlinx-coroutines-core-jvm-1.6.4.jar with ClasspathEntrySnapshotTransform
Skipping ClasspathEntrySnapshotTransform: C:\Users\ASUS\.gradle\caches\transforms-3\5bef26e365c1ed156c7b4458fc3a0307\transformed\appcompat-1.5.0-api.jar as it is up-to-date.
Transforming jetified-imagepipeline-okhttp3-2.5.0-api.jar with ClasspathEntrySnapshotTransform
Transforming jetified-okhttp-4.10.0.jar with ClasspathEntrySnapshotTransform
Transforming jetified-okio-jvm-3.2.0.jar with ClasspathEntrySnapshotTransform
Transforming jetified-kotlin-stdlib-jdk8-1.8.0.jar with ClasspathEntrySnapshotTransform
Transforming jetified-timber-5.0.1-api.jar with ClasspathEntrySnapshotTransform
Transforming localbroadcastmanager-1.1.0-api.jar with ClasspathEntrySnapshotTransform
Transforming jetified-lifecycle-process-2.5.1-api.jar with ClasspathEntrySnapshotTransform
Transforming jetified-appcompat-resources-1.5.0-api.jar with ClasspathEntrySnapshotTransform
Transforming swiperefreshlayout-1.0.0-api.jar with ClasspathEntrySnapshotTransform
Caching disabled for ClasspathEntrySnapshotTransform: C:\Users\ASUS\.gradle\caches\transforms-3\b81fae339a020981093e8adec14b9454\transformed\jetified-activity-1.5.0-api.jar because:
  Build cache is disabled
Transforming jetified-extension-mediasession-2.19.0-api.jar with ClasspathEntrySnapshotTransform
Skipping ClasspathEntrySnapshotTransform: C:\Users\ASUS\.gradle\caches\transforms-3\b81fae339a020981093e8adec14b9454\transformed\jetified-activity-1.5.0-api.jar as it is up-to-date.
Transforming jetified-exoplayer-2.19.0-api.jar with ClasspathEntrySnapshotTransform
Transforming jetified-exoplayer-ui-2.19.0-api.jar with ClasspathEntrySnapshotTransform
Transforming media-1.6.0-api.jar with ClasspathEntrySnapshotTransform
Caching disabled for ClasspathEntrySnapshotTransform: C:\Users\ASUS\.gradle\caches\transforms-3\a417bab6dfc0b6697246e016f0dfddb1\transformed\jetified-core-ktx-1.9.0-api.jar because:
  Build cache is disabled
Caching disabled for ClasspathEntrySnapshotTransform: C:\Users\ASUS\.gradle\caches\transforms-3\f4c37a3dc1c3cd47c202cc4d16e8bf6d\transformed\jetified-lifecycle-viewmodel-savedstate-2.5.0-api.jar because:
  Build cache is disabled
Skipping ClasspathEntrySnapshotTransform: C:\Users\ASUS\.gradle\caches\transforms-3\f4c37a3dc1c3cd47c202cc4d16e8bf6d\transformed\jetified-lifecycle-viewmodel-savedstate-2.5.0-api.jar as it is up-to-date.
Caching disabled for ClasspathEntrySnapshotTransform: C:\Users\ASUS\.gradle\caches\transforms-3\392e47135c8a6b94bf358e115a9a89ca\transformed\jetified-kotlinx-coroutines-core-jvm-1.6.4.jar because:
  Build cache is disabled
Skipping ClasspathEntrySnapshotTransform: C:\Users\ASUS\.gradle\caches\transforms-3\392e47135c8a6b94bf358e115a9a89ca\transformed\jetified-kotlinx-coroutines-core-jvm-1.6.4.jar as it is up-to-date.
Transforming vectordrawable-animated-1.1.0-api.jar with ClasspathEntrySnapshotTransform
Caching disabled for ClasspathEntrySnapshotTransform: C:\Users\ASUS\.gradle\caches\transforms-3\4eb3c1ce805e2114126e17716273462e\transformed\jetified-kotlinx-coroutines-android-1.6.4.jar because:
  Build cache is disabled
Transforming vectordrawable-1.1.0-api.jar with ClasspathEntrySnapshotTransform
Skipping ClasspathEntrySnapshotTransform: C:\Users\ASUS\.gradle\caches\transforms-3\a417bab6dfc0b6697246e016f0dfddb1\transformed\jetified-core-ktx-1.9.0-api.jar as it is up-to-date.
Transforming drawerlayout-1.0.0-api.jar with ClasspathEntrySnapshotTransform
Transforming viewpager-1.0.0-api.jar with ClasspathEntrySnapshotTransform
Skipping ClasspathEntrySnapshotTransform: C:\Users\ASUS\.gradle\caches\transforms-3\4eb3c1ce805e2114126e17716273462e\transformed\jetified-kotlinx-coroutines-android-1.6.4.jar as it is up-to-date.
Transforming customview-1.0.0-api.jar with ClasspathEntrySnapshotTransform
Transforming loader-1.0.0-api.jar with ClasspathEntrySnapshotTransform
Transforming core-1.9.0-api.jar with ClasspathEntrySnapshotTransform
Transforming lifecycle-runtime-2.5.1-api.jar with ClasspathEntrySnapshotTransform
Caching disabled for ClasspathEntrySnapshotTransform: C:\Users\ASUS\.gradle\caches\transforms-3\a5f7c6bb35b19e2060ccf56a1fcb3a66\transformed\jetified-imagepipeline-okhttp3-2.5.0-api.jar because:
  Build cache is disabled
Transforming cursoradapter-1.0.0-api.jar with ClasspathEntrySnapshotTransform
Skipping ClasspathEntrySnapshotTransform: C:\Users\ASUS\.gradle\caches\transforms-3\a5f7c6bb35b19e2060ccf56a1fcb3a66\transformed\jetified-imagepipeline-okhttp3-2.5.0-api.jar as it is up-to-date.
Caching disabled for ClasspathEntrySnapshotTransform: C:\Users\ASUS\.gradle\caches\transforms-3\ac51eedf7480a2d7b7f405fc1fed3bdd\transformed\jetified-okhttp-urlconnection-4.9.2.jar because:
  Build cache is disabled
Skipping ClasspathEntrySnapshotTransform: C:\Users\ASUS\.gradle\caches\transforms-3\ac51eedf7480a2d7b7f405fc1fed3bdd\transformed\jetified-okhttp-urlconnection-4.9.2.jar as it is up-to-date.
Caching disabled for ClasspathEntrySnapshotTransform: C:\Users\ASUS\.gradle\caches\transforms-3\65713e736b91f0dd3a7259e409bd9779\transformed\jetified-okio-jvm-3.2.0.jar because:
  Build cache is disabled
Skipping ClasspathEntrySnapshotTransform: C:\Users\ASUS\.gradle\caches\transforms-3\65713e736b91f0dd3a7259e409bd9779\transformed\jetified-okio-jvm-3.2.0.jar as it is up-to-date.
Caching disabled for ClasspathEntrySnapshotTransform: C:\Users\ASUS\.gradle\caches\transforms-3\07846ad9d90a601a9b0d1e69134742bc\transformed\jetified-kotlin-stdlib-jdk8-1.8.0.jar because:
  Build cache is disabled
Skipping ClasspathEntrySnapshotTransform: C:\Users\ASUS\.gradle\caches\transforms-3\07846ad9d90a601a9b0d1e69134742bc\transformed\jetified-kotlin-stdlib-jdk8-1.8.0.jar as it is up-to-date.
Transforming jetified-savedstate-1.2.0-api.jar with ClasspathEntrySnapshotTransform
Transforming interpolator-1.0.0-api.jar with ClasspathEntrySnapshotTransform
Transforming versionedparcelable-1.1.1-api.jar with ClasspathEntrySnapshotTransform
Transforming lifecycle-livedata-2.0.0-api.jar with ClasspathEntrySnapshotTransform
Transforming core-runtime-2.1.0-api.jar with ClasspathEntrySnapshotTransform
Caching disabled for ClasspathEntrySnapshotTransform: C:\Users\ASUS\.gradle\caches\transforms-3\48f9e2c51f8e3bc9a5fdc0dd441e9f27\transformed\jetified-okhttp-4.10.0.jar because:
  Build cache is disabled
Skipping ClasspathEntrySnapshotTransform: C:\Users\ASUS\.gradle\caches\transforms-3\48f9e2c51f8e3bc9a5fdc0dd441e9f27\transformed\jetified-okhttp-4.10.0.jar as it is up-to-date.
Transforming core-common-2.1.0.jar with ClasspathEntrySnapshotTransform
Caching disabled for ClasspathEntrySnapshotTransform: C:\Users\ASUS\.gradle\caches\transforms-3\999584a7322bf170f0661f30fde1d09c\transformed\localbroadcastmanager-1.1.0-api.jar because:
  Build cache is disabled
Transforming lifecycle-livedata-core-2.5.0-api.jar with ClasspathEntrySnapshotTransform
Skipping ClasspathEntrySnapshotTransform: C:\Users\ASUS\.gradle\caches\transforms-3\999584a7322bf170f0661f30fde1d09c\transformed\localbroadcastmanager-1.1.0-api.jar as it is up-to-date.
Transforming lifecycle-common-2.5.1.jar with ClasspathEntrySnapshotTransform
Transforming collection-1.2.0.jar with ClasspathEntrySnapshotTransform
Caching disabled for ClasspathEntrySnapshotTransform: C:\Users\ASUS\.gradle\caches\transforms-3\a7b41a6660da8ef85259ddf5014feb0e\transformed\jetified-timber-5.0.1-api.jar because:
  Build cache is disabled
Skipping ClasspathEntrySnapshotTransform: C:\Users\ASUS\.gradle\caches\transforms-3\a7b41a6660da8ef85259ddf5014feb0e\transformed\jetified-timber-5.0.1-api.jar as it is up-to-date.
Caching disabled for ClasspathEntrySnapshotTransform: C:\Users\ASUS\.gradle\caches\transforms-3\1ed5c328ef8b4089d422bbef91c94fc9\transformed\jetified-lifecycle-process-2.5.1-api.jar because:
  Build cache is disabled
Transforming lifecycle-viewmodel-2.5.0-api.jar with ClasspathEntrySnapshotTransform
Caching disabled for ClasspathEntrySnapshotTransform: C:\Users\ASUS\.gradle\caches\transforms-3\1bd0632f3999c6aca0939e4a780f63be\transformed\swiperefreshlayout-1.0.0-api.jar because:
  Build cache is disabled
Transforming annotation-1.4.0.jar with ClasspathEntrySnapshotTransform
Skipping ClasspathEntrySnapshotTransform: C:\Users\ASUS\.gradle\caches\transforms-3\1bd0632f3999c6aca0939e4a780f63be\transformed\swiperefreshlayout-1.0.0-api.jar as it is up-to-date.
Transforming jetified-kotlin-stdlib-jdk7-1.8.0.jar with ClasspathEntrySnapshotTransform
Transforming jetified-annotation-experimental-1.3.0-api.jar with ClasspathEntrySnapshotTransform
Transforming jetified-kotlin-stdlib-1.9.24.jar with ClasspathEntrySnapshotTransform
Skipping ClasspathEntrySnapshotTransform: C:\Users\ASUS\.gradle\caches\transforms-3\1ed5c328ef8b4089d422bbef91c94fc9\transformed\jetified-lifecycle-process-2.5.1-api.jar as it is up-to-date.
Transforming jetified-annotations-20.1.0.jar with ClasspathEntrySnapshotTransform
Transforming jetified-exoplayer-core-2.19.0-api.jar with ClasspathEntrySnapshotTransform
Caching disabled for ClasspathEntrySnapshotTransform: C:\Users\ASUS\.gradle\caches\transforms-3\ee2617ae6ad9df15fb696e8e7b7e0da5\transformed\jetified-appcompat-resources-1.5.0-api.jar because:
  Build cache is disabled
Transforming jetified-exoplayer-common-2.19.0-api.jar with ClasspathEntrySnapshotTransform
Transforming jetified-guava-31.1-android.jar with ClasspathEntrySnapshotTransform
Caching disabled for ClasspathEntrySnapshotTransform: C:\Users\ASUS\.gradle\caches\transforms-3\13372deb0f303ce1cb136ae60abb7bc7\transformed\jetified-exoplayer-2.19.0-api.jar because:
  Build cache is disabled
Skipping ClasspathEntrySnapshotTransform: C:\Users\ASUS\.gradle\caches\transforms-3\ee2617ae6ad9df15fb696e8e7b7e0da5\transformed\jetified-appcompat-resources-1.5.0-api.jar as it is up-to-date.
Skipping ClasspathEntrySnapshotTransform: C:\Users\ASUS\.gradle\caches\transforms-3\13372deb0f303ce1cb136ae60abb7bc7\transformed\jetified-exoplayer-2.19.0-api.jar as it is up-to-date.
Caching disabled for ClasspathEntrySnapshotTransform: C:\Users\ASUS\.gradle\caches\transforms-3\dbc7118f97ab27a1e638f3cc3e1debca\transformed\media-1.6.0-api.jar because:
  Build cache is disabled
Transforming jetified-failureaccess-1.0.1.jar with ClasspathEntrySnapshotTransform
Caching disabled for ClasspathEntrySnapshotTransform: C:\Users\ASUS\.gradle\caches\transforms-3\d06448117e8b7053d9418dd1e5fe87fb\transformed\jetified-extension-mediasession-2.19.0-api.jar because:
  Build cache is disabled
Caching disabled for ClasspathEntrySnapshotTransform: C:\Users\ASUS\.gradle\caches\transforms-3\625bc9329178381dd5258897380cda56\transformed\vectordrawable-animated-1.1.0-api.jar because:
  Build cache is disabled
Transforming jetified-listenablefuture-9999.0-empty-to-avoid-conflict-with-guava.jar with ClasspathEntrySnapshotTransform
Skipping ClasspathEntrySnapshotTransform: C:\Users\ASUS\.gradle\caches\transforms-3\dbc7118f97ab27a1e638f3cc3e1debca\transformed\media-1.6.0-api.jar as it is up-to-date.
Transforming jetified-exoplayer-database-2.19.0-api.jar with ClasspathEntrySnapshotTransform
Skipping ClasspathEntrySnapshotTransform: C:\Users\ASUS\.gradle\caches\transforms-3\625bc9329178381dd5258897380cda56\transformed\vectordrawable-animated-1.1.0-api.jar as it is up-to-date.
Transforming jetified-exoplayer-datasource-2.19.0-api.jar with ClasspathEntrySnapshotTransform
Caching disabled for ClasspathEntrySnapshotTransform: C:\Users\ASUS\.gradle\caches\transforms-3\3c8b8462085878aec8ca9dd8af73c409\transformed\jetified-exoplayer-ui-2.19.0-api.jar because:
  Build cache is disabled
Transforming jetified-exoplayer-decoder-2.19.0-api.jar with ClasspathEntrySnapshotTransform
Skipping ClasspathEntrySnapshotTransform: C:\Users\ASUS\.gradle\caches\transforms-3\3c8b8462085878aec8ca9dd8af73c409\transformed\jetified-exoplayer-ui-2.19.0-api.jar as it is up-to-date.
Skipping ClasspathEntrySnapshotTransform: C:\Users\ASUS\.gradle\caches\transforms-3\d06448117e8b7053d9418dd1e5fe87fb\transformed\jetified-extension-mediasession-2.19.0-api.jar as it is up-to-date.
Caching disabled for ClasspathEntrySnapshotTransform: C:\Users\ASUS\.gradle\caches\transforms-3\60929001bcca9e85381902abb1772c85\transformed\vectordrawable-1.1.0-api.jar because:
  Build cache is disabled
Skipping ClasspathEntrySnapshotTransform: C:\Users\ASUS\.gradle\caches\transforms-3\60929001bcca9e85381902abb1772c85\transformed\vectordrawable-1.1.0-api.jar as it is up-to-date.
Transforming jetified-exoplayer-extractor-2.19.0-api.jar with ClasspathEntrySnapshotTransform
Transforming jetified-exoplayer-container-2.19.0-api.jar with ClasspathEntrySnapshotTransform
Transforming jetified-exoplayer-dash-2.19.0-api.jar with ClasspathEntrySnapshotTransform
Transforming jetified-exoplayer-hls-2.19.0-api.jar with ClasspathEntrySnapshotTransform
Transforming jetified-exoplayer-rtsp-2.19.0-api.jar with ClasspathEntrySnapshotTransform
Caching disabled for ClasspathEntrySnapshotTransform: C:\Users\ASUS\.gradle\caches\transforms-3\0761d9e32c0b70d7db2cfc0dfd7a0103\transformed\drawerlayout-1.0.0-api.jar because:
  Build cache is disabled
Transforming jetified-exoplayer-smoothstreaming-2.19.0-api.jar with ClasspathEntrySnapshotTransform
Caching disabled for ClasspathEntrySnapshotTransform: C:\Users\ASUS\.gradle\caches\transforms-3\ade3e7034dc1344a8ea6a64de544b972\transformed\viewpager-1.0.0-api.jar because:
  Build cache is disabled
Transforming jetified-tracing-1.1.0-api.jar with ClasspathEntrySnapshotTransform
Skipping ClasspathEntrySnapshotTransform: C:\Users\ASUS\.gradle\caches\transforms-3\ade3e7034dc1344a8ea6a64de544b972\transformed\viewpager-1.0.0-api.jar as it is up-to-date.
Skipping ClasspathEntrySnapshotTransform: C:\Users\ASUS\.gradle\caches\transforms-3\0761d9e32c0b70d7db2cfc0dfd7a0103\transformed\drawerlayout-1.0.0-api.jar as it is up-to-date.
Caching disabled for ClasspathEntrySnapshotTransform: C:\Users\ASUS\.gradle\caches\transforms-3\fc8a89d7ce719c3ee631b1c0d5d29d2f\transformed\customview-1.0.0-api.jar because:
  Build cache is disabled
Transforming jetified-startup-runtime-1.1.1-api.jar with ClasspathEntrySnapshotTransform
Caching disabled for ClasspathEntrySnapshotTransform: C:\Users\ASUS\.gradle\caches\transforms-3\249be600a6112a7284adfb4f692a93e8\transformed\core-1.9.0-api.jar because:
  Build cache is disabled
Skipping ClasspathEntrySnapshotTransform: C:\Users\ASUS\.gradle\caches\transforms-3\fc8a89d7ce719c3ee631b1c0d5d29d2f\transformed\customview-1.0.0-api.jar as it is up-to-date.
Skipping ClasspathEntrySnapshotTransform: C:\Users\ASUS\.gradle\caches\transforms-3\249be600a6112a7284adfb4f692a93e8\transformed\core-1.9.0-api.jar as it is up-to-date.
Caching disabled for ClasspathEntrySnapshotTransform: C:\Users\ASUS\.gradle\caches\transforms-3\894a8f066fbe0e0dce05ba6630d66c06\transformed\lifecycle-runtime-2.5.1-api.jar because:
  Build cache is disabled
Transforming jetified-infer-annotation-0.18.0.jar with ClasspathEntrySnapshotTransform
Skipping ClasspathEntrySnapshotTransform: C:\Users\ASUS\.gradle\caches\transforms-3\894a8f066fbe0e0dce05ba6630d66c06\transformed\lifecycle-runtime-2.5.1-api.jar as it is up-to-date.
Transforming jetified-jsr305-3.0.2.jar with ClasspathEntrySnapshotTransform
Transforming jetified-autofill-1.1.0-api.jar with ClasspathEntrySnapshotTransform
Transforming jetified-fbjni-0.3.0-api.jar with ClasspathEntrySnapshotTransform
Transforming jetified-soloader-0.10.5-api.jar with ClasspathEntrySnapshotTransform
Transforming jetified-nativeloader-0.10.5.jar with ClasspathEntrySnapshotTransform
Transforming jetified-fresco-2.5.0-api.jar with ClasspathEntrySnapshotTransform
Transforming jetified-fbcore-2.5.0-api.jar with ClasspathEntrySnapshotTransform
Caching disabled for ClasspathEntrySnapshotTransform: C:\Users\ASUS\.gradle\caches\transforms-3\01b7cadc442326f906a0a58968c160b4\transformed\cursoradapter-1.0.0-api.jar because:
  Build cache is disabled
Transforming jetified-annotation-0.10.5.jar with ClasspathEntrySnapshotTransform
Skipping ClasspathEntrySnapshotTransform: C:\Users\ASUS\.gradle\caches\transforms-3\01b7cadc442326f906a0a58968c160b4\transformed\cursoradapter-1.0.0-api.jar as it is up-to-date.
Caching disabled for ClasspathEntrySnapshotTransform: C:\Users\ASUS\.gradle\caches\transforms-3\ecfc84b4098d6bbcedc1ec3c94d1fc26\transformed\interpolator-1.0.0-api.jar because:
  Build cache is disabled
Skipping ClasspathEntrySnapshotTransform: C:\Users\ASUS\.gradle\caches\transforms-3\ecfc84b4098d6bbcedc1ec3c94d1fc26\transformed\interpolator-1.0.0-api.jar as it is up-to-date.
Transforming jetified-ui-common-2.5.0-api.jar with ClasspathEntrySnapshotTransform
Transforming jetified-drawee-2.5.0-api.jar with ClasspathEntrySnapshotTransform
Transforming jetified-imagepipeline-2.5.0-api.jar with ClasspathEntrySnapshotTransform
Caching disabled for ClasspathEntrySnapshotTransform: C:\Users\ASUS\.gradle\caches\transforms-3\0555804065bb91876869567293ec7d71\transformed\loader-1.0.0-api.jar because:
  Build cache is disabled
Transforming jetified-imagepipeline-base-2.5.0-api.jar with ClasspathEntrySnapshotTransform
Caching disabled for ClasspathEntrySnapshotTransform: C:\Users\ASUS\.gradle\caches\transforms-3\2c52cadccc2b0a3abcaf039256e7ce7a\transformed\jetified-savedstate-1.2.0-api.jar because:
  Build cache is disabled
Transforming jetified-kotlin-annotations-jvm-1.3.72.jar with ClasspathEntrySnapshotTransform
Skipping ClasspathEntrySnapshotTransform: C:\Users\ASUS\.gradle\caches\transforms-3\2c52cadccc2b0a3abcaf039256e7ce7a\transformed\jetified-savedstate-1.2.0-api.jar as it is up-to-date.
Transforming jetified-imagepipeline-native-2.5.0-api.jar with ClasspathEntrySnapshotTransform
Caching disabled for ClasspathEntrySnapshotTransform: C:\Users\ASUS\.gradle\caches\transforms-3\4b30c790c1baead6af6ddc9cce93c68c\transformed\lifecycle-livedata-2.0.0-api.jar because:
  Build cache is disabled
Skipping ClasspathEntrySnapshotTransform: C:\Users\ASUS\.gradle\caches\transforms-3\4b30c790c1baead6af6ddc9cce93c68c\transformed\lifecycle-livedata-2.0.0-api.jar as it is up-to-date.
Caching disabled for ClasspathEntrySnapshotTransform: C:\Users\ASUS\.gradle\caches\transforms-3\8fd0d5263744a97934f750c86b7da9f8\transformed\core-runtime-2.1.0-api.jar because:
  Build cache is disabled
Skipping ClasspathEntrySnapshotTransform: C:\Users\ASUS\.gradle\caches\transforms-3\8fd0d5263744a97934f750c86b7da9f8\transformed\core-runtime-2.1.0-api.jar as it is up-to-date.
Caching disabled for ClasspathEntrySnapshotTransform: C:\Users\ASUS\.gradle\caches\transforms-3\3a6b3a5393f41326978f854fd0e1162b\transformed\versionedparcelable-1.1.1-api.jar because:
  Build cache is disabled
Caching disabled for ClasspathEntrySnapshotTransform: C:\Users\ASUS\.gradle\caches\modules-2\files-2.1\androidx.arch.core\core-common\2.1.0\b3152fc64428c9354344bd89848ecddc09b6f07e\core-common-2.1.0.jar because:
  Build cache is disabled
Skipping ClasspathEntrySnapshotTransform: C:\Users\ASUS\.gradle\caches\transforms-3\0555804065bb91876869567293ec7d71\transformed\loader-1.0.0-api.jar as it is up-to-date.
Skipping ClasspathEntrySnapshotTransform: C:\Users\ASUS\.gradle\caches\transforms-3\3a6b3a5393f41326978f854fd0e1162b\transformed\versionedparcelable-1.1.1-api.jar as it is up-to-date.
Skipping ClasspathEntrySnapshotTransform: C:\Users\ASUS\.gradle\caches\modules-2\files-2.1\androidx.arch.core\core-common\2.1.0\b3152fc64428c9354344bd89848ecddc09b6f07e\core-common-2.1.0.jar as it is up-to-date.
Transforming jetified-memory-type-ashmem-2.5.0-api.jar with ClasspathEntrySnapshotTransform
Transforming jetified-memory-type-native-2.5.0-api.jar with ClasspathEntrySnapshotTransform
Transforming jetified-memory-type-java-2.5.0-api.jar with ClasspathEntrySnapshotTransform
Transforming jetified-nativeimagefilters-2.5.0-api.jar with ClasspathEntrySnapshotTransform
Transforming jetified-nativeimagetranscoder-2.5.0-api.jar with ClasspathEntrySnapshotTransform
Transforming jetified-proguard-annotations-1.19.0.jar with ClasspathEntrySnapshotTransform
Transforming jetified-javax.inject-1.jar with ClasspathEntrySnapshotTransform
Transforming android.jar with ClasspathEntrySnapshotTransform
Transforming core-lambda-stubs.jar with ClasspathEntrySnapshotTransform
Caching disabled for ClasspathEntrySnapshotTransform: C:\Users\ASUS\.gradle\caches\modules-2\files-2.1\androidx.lifecycle\lifecycle-common\2.5.1\1fdb7349701e9cf2f0a69fc10642b6fef6bb3e12\lifecycle-common-2.5.1.jar because:
  Build cache is disabled
Skipping ClasspathEntrySnapshotTransform: C:\Users\ASUS\.gradle\caches\modules-2\files-2.1\androidx.lifecycle\lifecycle-common\2.5.1\1fdb7349701e9cf2f0a69fc10642b6fef6bb3e12\lifecycle-common-2.5.1.jar as it is up-to-date.
Caching disabled for ClasspathEntrySnapshotTransform: C:\Users\ASUS\.gradle\caches\transforms-3\48cd36daaac2b93a6088fb3258447e3b\transformed\lifecycle-livedata-core-2.5.0-api.jar because:
  Build cache is disabled
Caching disabled for ClasspathEntrySnapshotTransform: C:\Users\ASUS\.gradle\caches\transforms-3\2420e7ef9399907031490a2bd130c53b\transformed\lifecycle-viewmodel-2.5.0-api.jar because:
  Build cache is disabled
Caching disabled for ClasspathEntrySnapshotTransform: C:\Users\ASUS\.gradle\caches\modules-2\files-2.1\androidx.collection\collection\1.2.0\34dbc21d203cc4d4d623ac572a21acd4ccd716af\collection-1.2.0.jar because:
  Build cache is disabled
Skipping ClasspathEntrySnapshotTransform: C:\Users\ASUS\.gradle\caches\transforms-3\2420e7ef9399907031490a2bd130c53b\transformed\lifecycle-viewmodel-2.5.0-api.jar as it is up-to-date.
Skipping ClasspathEntrySnapshotTransform: C:\Users\ASUS\.gradle\caches\modules-2\files-2.1\androidx.collection\collection\1.2.0\34dbc21d203cc4d4d623ac572a21acd4ccd716af\collection-1.2.0.jar as it is up-to-date.
Skipping ClasspathEntrySnapshotTransform: C:\Users\ASUS\.gradle\caches\transforms-3\48cd36daaac2b93a6088fb3258447e3b\transformed\lifecycle-livedata-core-2.5.0-api.jar as it is up-to-date.
Caching disabled for ClasspathEntrySnapshotTransform: C:\Users\ASUS\.gradle\caches\transforms-3\6bc1eeb53922bae2fa88e2f16600ce84\transformed\jetified-kotlin-stdlib-jdk7-1.8.0.jar because:
  Build cache is disabled
Skipping ClasspathEntrySnapshotTransform: C:\Users\ASUS\.gradle\caches\transforms-3\6bc1eeb53922bae2fa88e2f16600ce84\transformed\jetified-kotlin-stdlib-jdk7-1.8.0.jar as it is up-to-date.
Caching disabled for ClasspathEntrySnapshotTransform: C:\Users\ASUS\.gradle\caches\transforms-3\538a0a330a7f9a1998c83d73a7a57114\transformed\jetified-annotation-experimental-1.3.0-api.jar because:
  Build cache is disabled
Skipping ClasspathEntrySnapshotTransform: C:\Users\ASUS\.gradle\caches\transforms-3\538a0a330a7f9a1998c83d73a7a57114\transformed\jetified-annotation-experimental-1.3.0-api.jar as it is up-to-date.
Caching disabled for ClasspathEntrySnapshotTransform: C:\Users\ASUS\.gradle\caches\transforms-3\cbee1b3f8da615ecfe5b68d2b069de14\transformed\jetified-annotations-20.1.0.jar because:
  Build cache is disabled
Skipping ClasspathEntrySnapshotTransform: C:\Users\ASUS\.gradle\caches\transforms-3\cbee1b3f8da615ecfe5b68d2b069de14\transformed\jetified-annotations-20.1.0.jar as it is up-to-date.
Caching disabled for ClasspathEntrySnapshotTransform: C:\Users\ASUS\.gradle\caches\transforms-3\7e4457b649685caa03f78b71d523e4f1\transformed\jetified-kotlin-stdlib-1.9.24.jar because:
  Build cache is disabled
Skipping ClasspathEntrySnapshotTransform: C:\Users\ASUS\.gradle\caches\transforms-3\7e4457b649685caa03f78b71d523e4f1\transformed\jetified-kotlin-stdlib-1.9.24.jar as it is up-to-date.
Caching disabled for ClasspathEntrySnapshotTransform: C:\Users\ASUS\.gradle\caches\transforms-3\8c7d3c45f4e618efa21e1f2b6b2d5e8d\transformed\jetified-exoplayer-core-2.19.0-api.jar because:
  Build cache is disabled
Caching disabled for ClasspathEntrySnapshotTransform: C:\Users\ASUS\.gradle\caches\transforms-3\6f2e042b01556552c513ae33ea071e9c\transformed\jetified-failureaccess-1.0.1.jar because:
  Build cache is disabled
Skipping ClasspathEntrySnapshotTransform: C:\Users\ASUS\.gradle\caches\transforms-3\8c7d3c45f4e618efa21e1f2b6b2d5e8d\transformed\jetified-exoplayer-core-2.19.0-api.jar as it is up-to-date.
Skipping ClasspathEntrySnapshotTransform: C:\Users\ASUS\.gradle\caches\transforms-3\6f2e042b01556552c513ae33ea071e9c\transformed\jetified-failureaccess-1.0.1.jar as it is up-to-date.
Caching disabled for ClasspathEntrySnapshotTransform: C:\Users\ASUS\.gradle\caches\transforms-3\599fdd273a4fdf4ffdb01dc47590a6e9\transformed\jetified-guava-31.1-android.jar because:
  Build cache is disabled
Caching disabled for ClasspathEntrySnapshotTransform: C:\Users\ASUS\.gradle\caches\transforms-3\12a7a22db0c6c38334f1f8e308ea1664\transformed\jetified-exoplayer-common-2.19.0-api.jar because:
  Build cache is disabled
Skipping ClasspathEntrySnapshotTransform: C:\Users\ASUS\.gradle\caches\transforms-3\12a7a22db0c6c38334f1f8e308ea1664\transformed\jetified-exoplayer-common-2.19.0-api.jar as it is up-to-date.
Skipping ClasspathEntrySnapshotTransform: C:\Users\ASUS\.gradle\caches\transforms-3\599fdd273a4fdf4ffdb01dc47590a6e9\transformed\jetified-guava-31.1-android.jar as it is up-to-date.
Caching disabled for ClasspathEntrySnapshotTransform: C:\Users\ASUS\.gradle\caches\transforms-3\15bf69c3f87fe44a298d01fa73b6cd0b\transformed\jetified-listenablefuture-9999.0-empty-to-avoid-conflict-with-guava.jar because:
  Build cache is disabled
Skipping ClasspathEntrySnapshotTransform: C:\Users\ASUS\.gradle\caches\transforms-3\15bf69c3f87fe44a298d01fa73b6cd0b\transformed\jetified-listenablefuture-9999.0-empty-to-avoid-conflict-with-guava.jar as it is up-to-date.
Caching disabled for ClasspathEntrySnapshotTransform: C:\Users\ASUS\.gradle\caches\transforms-3\f515b15514f16bfd86097aaa3189fa95\transformed\jetified-exoplayer-decoder-2.19.0-api.jar because:
  Build cache is disabled
Caching disabled for ClasspathEntrySnapshotTransform: C:\Users\ASUS\.gradle\caches\modules-2\files-2.1\androidx.annotation\annotation\1.4.0\77e7b6bbe9803d890343716dd824dfdbc0f6fe77\annotation-1.4.0.jar because:
  Build cache is disabled
Skipping ClasspathEntrySnapshotTransform: C:\Users\ASUS\.gradle\caches\transforms-3\f515b15514f16bfd86097aaa3189fa95\transformed\jetified-exoplayer-decoder-2.19.0-api.jar as it is up-to-date.
Skipping ClasspathEntrySnapshotTransform: C:\Users\ASUS\.gradle\caches\modules-2\files-2.1\androidx.annotation\annotation\1.4.0\77e7b6bbe9803d890343716dd824dfdbc0f6fe77\annotation-1.4.0.jar as it is up-to-date.
Caching disabled for ClasspathEntrySnapshotTransform: C:\Users\ASUS\.gradle\caches\transforms-3\64bd866f5b4ab55986fb8f747a0e5403\transformed\jetified-exoplayer-database-2.19.0-api.jar because:
  Build cache is disabled
Skipping ClasspathEntrySnapshotTransform: C:\Users\ASUS\.gradle\caches\transforms-3\64bd866f5b4ab55986fb8f747a0e5403\transformed\jetified-exoplayer-database-2.19.0-api.jar as it is up-to-date.
Caching disabled for ClasspathEntrySnapshotTransform: C:\Users\ASUS\.gradle\caches\transforms-3\4ea349e5224811099122486a99cde6d2\transformed\jetified-exoplayer-datasource-2.19.0-api.jar because:
  Build cache is disabled
Caching disabled for ClasspathEntrySnapshotTransform: C:\Users\ASUS\.gradle\caches\transforms-3\0ed20a87e4601188bb346f1cf9cc493c\transformed\jetified-exoplayer-dash-2.19.0-api.jar because:
  Build cache is disabled
Skipping ClasspathEntrySnapshotTransform: C:\Users\ASUS\.gradle\caches\transforms-3\0ed20a87e4601188bb346f1cf9cc493c\transformed\jetified-exoplayer-dash-2.19.0-api.jar as it is up-to-date.
Skipping ClasspathEntrySnapshotTransform: C:\Users\ASUS\.gradle\caches\transforms-3\4ea349e5224811099122486a99cde6d2\transformed\jetified-exoplayer-datasource-2.19.0-api.jar as it is up-to-date.
Caching disabled for ClasspathEntrySnapshotTransform: C:\Users\ASUS\.gradle\caches\transforms-3\5514e84c2d8f3888720ba4614244aa47\transformed\jetified-kotlinaudio-v2.1.0-api.jar because:
  Build cache is disabled
Skipping ClasspathEntrySnapshotTransform: C:\Users\ASUS\.gradle\caches\transforms-3\5514e84c2d8f3888720ba4614244aa47\transformed\jetified-kotlinaudio-v2.1.0-api.jar as it is up-to-date.
Caching disabled for ClasspathEntrySnapshotTransform: C:\Users\ASUS\.gradle\caches\transforms-3\e7841969d53ca028e882e906a35ad313\transformed\jetified-exoplayer-rtsp-2.19.0-api.jar because:
  Build cache is disabled
Caching disabled for ClasspathEntrySnapshotTransform: C:\Users\ASUS\.gradle\caches\transforms-3\4c4e66246f38fec84021f80e129fd220\transformed\jetified-exoplayer-hls-2.19.0-api.jar because:
  Build cache is disabled
Skipping ClasspathEntrySnapshotTransform: C:\Users\ASUS\.gradle\caches\transforms-3\e7841969d53ca028e882e906a35ad313\transformed\jetified-exoplayer-rtsp-2.19.0-api.jar as it is up-to-date.
Skipping ClasspathEntrySnapshotTransform: C:\Users\ASUS\.gradle\caches\transforms-3\4c4e66246f38fec84021f80e129fd220\transformed\jetified-exoplayer-hls-2.19.0-api.jar as it is up-to-date.
Caching disabled for ClasspathEntrySnapshotTransform: C:\Users\ASUS\.gradle\caches\transforms-3\7e3fdacdfe82d2424ef675e632f47590\transformed\jetified-exoplayer-container-2.19.0-api.jar because:
  Build cache is disabled
Caching disabled for ClasspathEntrySnapshotTransform: C:\Users\ASUS\.gradle\caches\transforms-3\7b81713d4c60ef24644701c4ac5f64cd\transformed\jetified-exoplayer-extractor-2.19.0-api.jar because:
  Build cache is disabled
Skipping ClasspathEntrySnapshotTransform: C:\Users\ASUS\.gradle\caches\transforms-3\7e3fdacdfe82d2424ef675e632f47590\transformed\jetified-exoplayer-container-2.19.0-api.jar as it is up-to-date.
Skipping ClasspathEntrySnapshotTransform: C:\Users\ASUS\.gradle\caches\transforms-3\7b81713d4c60ef24644701c4ac5f64cd\transformed\jetified-exoplayer-extractor-2.19.0-api.jar as it is up-to-date.
Caching disabled for ClasspathEntrySnapshotTransform: C:\Users\ASUS\.gradle\caches\transforms-3\a7a51eb5a0d0621671a4f64dc05d8517\transformed\jetified-tracing-1.1.0-api.jar because:
  Build cache is disabled
Skipping ClasspathEntrySnapshotTransform: C:\Users\ASUS\.gradle\caches\transforms-3\a7a51eb5a0d0621671a4f64dc05d8517\transformed\jetified-tracing-1.1.0-api.jar as it is up-to-date.
Caching disabled for ClasspathEntrySnapshotTransform: C:\Users\ASUS\.gradle\caches\transforms-3\0999509ae454b3dbda85c866ebbb8e6d\transformed\jetified-exoplayer-smoothstreaming-2.19.0-api.jar because:
  Build cache is disabled
Skipping ClasspathEntrySnapshotTransform: C:\Users\ASUS\.gradle\caches\transforms-3\0999509ae454b3dbda85c866ebbb8e6d\transformed\jetified-exoplayer-smoothstreaming-2.19.0-api.jar as it is up-to-date.
Caching disabled for ClasspathEntrySnapshotTransform: C:\Users\ASUS\.gradle\caches\transforms-3\775075059c411a1d1176a05ace990246\transformed\jetified-jsr305-3.0.2.jar because:
  Build cache is disabled
Caching disabled for ClasspathEntrySnapshotTransform: C:\Users\ASUS\.gradle\caches\transforms-3\5bf93c7f64dbf119c732c46803bd8bc0\transformed\jetified-nativeloader-0.10.5.jar because:
  Build cache is disabled
Skipping ClasspathEntrySnapshotTransform: C:\Users\ASUS\.gradle\caches\transforms-3\775075059c411a1d1176a05ace990246\transformed\jetified-jsr305-3.0.2.jar as it is up-to-date.
Caching disabled for ClasspathEntrySnapshotTransform: C:\Users\ASUS\.gradle\caches\transforms-3\1d454e0a71b861216ee117bdb6536dfc\transformed\jetified-autofill-1.1.0-api.jar because:
  Build cache is disabled
Caching disabled for ClasspathEntrySnapshotTransform: C:\Users\ASUS\.gradle\caches\transforms-3\a9106b6195612a514db53e7aa8c9f86f\transformed\jetified-fbjni-0.3.0-api.jar because:
  Build cache is disabled
Skipping ClasspathEntrySnapshotTransform: C:\Users\ASUS\.gradle\caches\transforms-3\1d454e0a71b861216ee117bdb6536dfc\transformed\jetified-autofill-1.1.0-api.jar as it is up-to-date.
Skipping ClasspathEntrySnapshotTransform: C:\Users\ASUS\.gradle\caches\transforms-3\a9106b6195612a514db53e7aa8c9f86f\transformed\jetified-fbjni-0.3.0-api.jar as it is up-to-date.
Caching disabled for ClasspathEntrySnapshotTransform: C:\Users\ASUS\.gradle\caches\transforms-3\7c8ad68d01534c7a8512c23af9741304\transformed\jetified-startup-runtime-1.1.1-api.jar because:
  Build cache is disabled
Skipping ClasspathEntrySnapshotTransform: C:\Users\ASUS\.gradle\caches\transforms-3\7c8ad68d01534c7a8512c23af9741304\transformed\jetified-startup-runtime-1.1.1-api.jar as it is up-to-date.
Caching disabled for ClasspathEntrySnapshotTransform: C:\Users\ASUS\.gradle\caches\transforms-3\30496408c5b69d7a0de34628a49191b7\transformed\jetified-infer-annotation-0.18.0.jar because:
  Build cache is disabled
Caching disabled for ClasspathEntrySnapshotTransform: C:\Users\ASUS\.gradle\caches\transforms-3\3aa9d12fe7f93afebc6c9144d49a094e\transformed\jetified-soloader-0.10.5-api.jar because:
  Build cache is disabled
Skipping ClasspathEntrySnapshotTransform: C:\Users\ASUS\.gradle\caches\transforms-3\30496408c5b69d7a0de34628a49191b7\transformed\jetified-infer-annotation-0.18.0.jar as it is up-to-date.
Caching disabled for ClasspathEntrySnapshotTransform: C:\Users\ASUS\.gradle\caches\transforms-3\36787e13aecb8cdb210073242246779a\transformed\jetified-fresco-2.5.0-api.jar because:
  Build cache is disabled
Skipping ClasspathEntrySnapshotTransform: C:\Users\ASUS\.gradle\caches\transforms-3\5bf93c7f64dbf119c732c46803bd8bc0\transformed\jetified-nativeloader-0.10.5.jar as it is up-to-date.
Skipping ClasspathEntrySnapshotTransform: C:\Users\ASUS\.gradle\caches\transforms-3\36787e13aecb8cdb210073242246779a\transformed\jetified-fresco-2.5.0-api.jar as it is up-to-date.
Skipping ClasspathEntrySnapshotTransform: C:\Users\ASUS\.gradle\caches\transforms-3\3aa9d12fe7f93afebc6c9144d49a094e\transformed\jetified-soloader-0.10.5-api.jar as it is up-to-date.
Caching disabled for ClasspathEntrySnapshotTransform: C:\Users\ASUS\.gradle\caches\transforms-3\1a0272edbf661c82ad0a16668bd2629e\transformed\jetified-fbcore-2.5.0-api.jar because:
  Build cache is disabled
Caching disabled for ClasspathEntrySnapshotTransform: C:\Users\ASUS\.gradle\caches\transforms-3\abfc82c8547bccada421dd92cdce5289\transformed\jetified-annotation-0.10.5.jar because:
  Build cache is disabled
Skipping ClasspathEntrySnapshotTransform: C:\Users\ASUS\.gradle\caches\transforms-3\1a0272edbf661c82ad0a16668bd2629e\transformed\jetified-fbcore-2.5.0-api.jar as it is up-to-date.
Skipping ClasspathEntrySnapshotTransform: C:\Users\ASUS\.gradle\caches\transforms-3\abfc82c8547bccada421dd92cdce5289\transformed\jetified-annotation-0.10.5.jar as it is up-to-date.
Caching disabled for ClasspathEntrySnapshotTransform: C:\Users\ASUS\.gradle\caches\transforms-3\c6177608865b2e7e8e0726583034d8e5\transformed\jetified-ui-common-2.5.0-api.jar because:
  Build cache is disabled
Caching disabled for ClasspathEntrySnapshotTransform: C:\Users\ASUS\.gradle\caches\transforms-3\4c402dcc854b701bc7be76b63a6e85d9\transformed\jetified-imagepipeline-base-2.5.0-api.jar because:
  Build cache is disabled
Skipping ClasspathEntrySnapshotTransform: C:\Users\ASUS\.gradle\caches\transforms-3\4c402dcc854b701bc7be76b63a6e85d9\transformed\jetified-imagepipeline-base-2.5.0-api.jar as it is up-to-date.
Caching disabled for ClasspathEntrySnapshotTransform: C:\Users\ASUS\.gradle\caches\transforms-3\3dcbe4732e6fc44a9818028cb21dece9\transformed\jetified-drawee-2.5.0-api.jar because:
  Build cache is disabled
Caching disabled for ClasspathEntrySnapshotTransform: C:\Users\ASUS\.gradle\caches\transforms-3\e7ac2a949a8829d744908e13ed52e728\transformed\jetified-memory-type-ashmem-2.5.0-api.jar because:
  Build cache is disabled
Skipping ClasspathEntrySnapshotTransform: C:\Users\ASUS\.gradle\caches\transforms-3\3dcbe4732e6fc44a9818028cb21dece9\transformed\jetified-drawee-2.5.0-api.jar as it is up-to-date.
Skipping ClasspathEntrySnapshotTransform: C:\Users\ASUS\.gradle\caches\transforms-3\e7ac2a949a8829d744908e13ed52e728\transformed\jetified-memory-type-ashmem-2.5.0-api.jar as it is up-to-date.
Skipping ClasspathEntrySnapshotTransform: C:\Users\ASUS\.gradle\caches\transforms-3\c6177608865b2e7e8e0726583034d8e5\transformed\jetified-ui-common-2.5.0-api.jar as it is up-to-date.
Caching disabled for ClasspathEntrySnapshotTransform: C:\Users\ASUS\.gradle\caches\transforms-3\4417dc95b4a3932df3c3a6cc7435a77c\transformed\jetified-memory-type-native-2.5.0-api.jar because:
  Build cache is disabled
Skipping ClasspathEntrySnapshotTransform: C:\Users\ASUS\.gradle\caches\transforms-3\4417dc95b4a3932df3c3a6cc7435a77c\transformed\jetified-memory-type-native-2.5.0-api.jar as it is up-to-date.
Caching disabled for ClasspathEntrySnapshotTransform: C:\Users\ASUS\.gradle\caches\transforms-3\ae5c8b182286f454e93935b9e67c0f70\transformed\jetified-imagepipeline-2.5.0-api.jar because:
  Build cache is disabled
Skipping ClasspathEntrySnapshotTransform: C:\Users\ASUS\.gradle\caches\transforms-3\ae5c8b182286f454e93935b9e67c0f70\transformed\jetified-imagepipeline-2.5.0-api.jar as it is up-to-date.
Caching disabled for ClasspathEntrySnapshotTransform: C:\Users\ASUS\.gradle\caches\transforms-3\ad6e5a1220abea0e6471ac6779c9a54f\transformed\jetified-kotlin-annotations-jvm-1.3.72.jar because:
  Build cache is disabled
Skipping ClasspathEntrySnapshotTransform: C:\Users\ASUS\.gradle\caches\transforms-3\ad6e5a1220abea0e6471ac6779c9a54f\transformed\jetified-kotlin-annotations-jvm-1.3.72.jar as it is up-to-date.
Caching disabled for ClasspathEntrySnapshotTransform: C:\Users\ASUS\.gradle\caches\transforms-3\d355e74a0016fef0e97195cf049eaeb8\transformed\jetified-memory-type-java-2.5.0-api.jar because:
  Build cache is disabled
Skipping ClasspathEntrySnapshotTransform: C:\Users\ASUS\.gradle\caches\transforms-3\d355e74a0016fef0e97195cf049eaeb8\transformed\jetified-memory-type-java-2.5.0-api.jar as it is up-to-date.
Caching disabled for ClasspathEntrySnapshotTransform: C:\Users\ASUS\.gradle\caches\transforms-3\ccb8f26ff0c4f26244360224e89098a6\transformed\jetified-nativeimagetranscoder-2.5.0-api.jar because:
  Build cache is disabled
Skipping ClasspathEntrySnapshotTransform: C:\Users\ASUS\.gradle\caches\transforms-3\ccb8f26ff0c4f26244360224e89098a6\transformed\jetified-nativeimagetranscoder-2.5.0-api.jar as it is up-to-date.
Caching disabled for ClasspathEntrySnapshotTransform: C:\Users\ASUS\.gradle\caches\transforms-3\cc8dab9c207deb35606840b310469521\transformed\jetified-imagepipeline-native-2.5.0-api.jar because:
  Build cache is disabled
Skipping ClasspathEntrySnapshotTransform: C:\Users\ASUS\.gradle\caches\transforms-3\cc8dab9c207deb35606840b310469521\transformed\jetified-imagepipeline-native-2.5.0-api.jar as it is up-to-date.
Caching disabled for ClasspathEntrySnapshotTransform: C:\Users\ASUS\.gradle\caches\transforms-3\42ebbad2ef5d1003b90c9ab5ce8fbf06\transformed\jetified-javax.inject-1.jar because:
  Build cache is disabled
Skipping ClasspathEntrySnapshotTransform: C:\Users\ASUS\.gradle\caches\transforms-3\42ebbad2ef5d1003b90c9ab5ce8fbf06\transformed\jetified-javax.inject-1.jar as it is up-to-date.
Caching disabled for ClasspathEntrySnapshotTransform: C:\Users\ASUS\.gradle\caches\transforms-3\f2f13e396b32e011657d4e925ac1d11d\transformed\jetified-nativeimagefilters-2.5.0-api.jar because:
  Build cache is disabled
Skipping ClasspathEntrySnapshotTransform: C:\Users\ASUS\.gradle\caches\transforms-3\f2f13e396b32e011657d4e925ac1d11d\transformed\jetified-nativeimagefilters-2.5.0-api.jar as it is up-to-date.
Caching disabled for ClasspathEntrySnapshotTransform: C:\Users\ASUS\.gradle\caches\transforms-3\bf3728d873de7a09a8475d50b5b9bde3\transformed\jetified-proguard-annotations-1.19.0.jar because:
  Build cache is disabled
Skipping ClasspathEntrySnapshotTransform: C:\Users\ASUS\.gradle\caches\transforms-3\bf3728d873de7a09a8475d50b5b9bde3\transformed\jetified-proguard-annotations-1.19.0.jar as it is up-to-date.
Caching disabled for ClasspathEntrySnapshotTransform: C:\Users\ASUS\AppData\Local\Android\Sdk\platforms\android-34\android.jar because:
  Build cache is disabled
Skipping ClasspathEntrySnapshotTransform: C:\Users\ASUS\AppData\Local\Android\Sdk\platforms\android-34\android.jar as it is up-to-date.
Caching disabled for ClasspathEntrySnapshotTransform: C:\Users\ASUS\AppData\Local\Android\Sdk\build-tools\33.0.1\core-lambda-stubs.jar because:
  Build cache is disabled
Skipping ClasspathEntrySnapshotTransform: C:\Users\ASUS\AppData\Local\Android\Sdk\build-tools\33.0.1\core-lambda-stubs.jar as it is up-to-date.
Caching disabled for task ':react-native-track-player-next:compileDebugKotlin' because:
  Build cache is disabled
Task ':react-native-track-player-next:compileDebugKotlin' is not up-to-date because:
  Task has failed previously.
The input changes require a full rebuild for incremental task ':react-native-track-player-next:compileDebugKotlin'.
file or directory 'C:\Users\ASUS\Documents\GitHub\newest-qr-menu\StaffNativeApp\node_modules\react-native-track-player-next\android\src\debug\kotlin', not found
file or directory 'C:\Users\ASUS\Documents\GitHub\newest-qr-menu\StaffNativeApp\node_modules\react-native-track-player-next\android\src\debug\kotlin', not found
file or directory 'C:\Users\ASUS\Documents\GitHub\newest-qr-menu\StaffNativeApp\node_modules\react-native-track-player-next\android\src\debug\java', not found
file or directory 'C:\Users\ASUS\Documents\GitHub\newest-qr-menu\StaffNativeApp\node_modules\react-native-track-player-next\android\src\debug\kotlin', not found
file or directory 'C:\Users\ASUS\Documents\GitHub\newest-qr-menu\StaffNativeApp\node_modules\react-native-track-player-next\android\src\debug\java', not found
file or directory 'C:\Users\ASUS\Documents\GitHub\newest-qr-menu\StaffNativeApp\node_modules\react-native-track-player-next\android\src\main\kotlin', not found
file or directory 'C:\Users\ASUS\Documents\GitHub\newest-qr-menu\StaffNativeApp\node_modules\react-native-track-player-next\android\src\main\kotlin', not found
file or directory 'C:\Users\ASUS\Documents\GitHub\newest-qr-menu\StaffNativeApp\node_modules\react-native-track-player-next\android\src\main\kotlin', not found
file or directory 'C:\Users\ASUS\Documents\GitHub\newest-qr-menu\StaffNativeApp\node_modules\react-native-track-player-next\android\src\debug\java', not found
file or directory 'C:\Users\ASUS\Documents\GitHub\newest-qr-menu\StaffNativeApp\node_modules\react-native-track-player-next\android\src\debug\kotlin', not found
file or directory 'C:\Users\ASUS\Documents\GitHub\newest-qr-menu\StaffNativeApp\node_modules\react-native-track-player-next\android\src\debug\kotlin', not found
file or directory 'C:\Users\ASUS\Documents\GitHub\newest-qr-menu\StaffNativeApp\node_modules\react-native-track-player-next\android\src\debug\java', not found
file or directory 'C:\Users\ASUS\Documents\GitHub\newest-qr-menu\StaffNativeApp\node_modules\react-native-track-player-next\android\src\debug\kotlin', not found
file or directory 'C:\Users\ASUS\Documents\GitHub\newest-qr-menu\StaffNativeApp\node_modules\react-native-track-player-next\android\src\debug\java', not found
file or directory 'C:\Users\ASUS\Documents\GitHub\newest-qr-menu\StaffNativeApp\node_modules\react-native-track-player-next\android\src\main\kotlin', not found
file or directory 'C:\Users\ASUS\Documents\GitHub\newest-qr-menu\StaffNativeApp\node_modules\react-native-track-player-next\android\src\main\kotlin', not found
file or directory 'C:\Users\ASUS\Documents\GitHub\newest-qr-menu\StaffNativeApp\node_modules\react-native-track-player-next\android\src\debug\kotlin', not found
file or directory 'C:\Users\ASUS\Documents\GitHub\newest-qr-menu\StaffNativeApp\node_modules\react-native-track-player-next\android\src\debug\kotlin', not found
file or directory 'C:\Users\ASUS\Documents\GitHub\newest-qr-menu\StaffNativeApp\node_modules\react-native-track-player-next\android\src\debug\java', not found
file or directory 'C:\Users\ASUS\Documents\GitHub\newest-qr-menu\StaffNativeApp\node_modules\react-native-track-player-next\android\src\debug\kotlin', not found
file or directory 'C:\Users\ASUS\Documents\GitHub\newest-qr-menu\StaffNativeApp\node_modules\react-native-track-player-next\android\src\debug\java', not found
file or directory 'C:\Users\ASUS\Documents\GitHub\newest-qr-menu\StaffNativeApp\node_modules\react-native-track-player-next\android\src\main\kotlin', not found
file or directory 'C:\Users\ASUS\Documents\GitHub\newest-qr-menu\StaffNativeApp\node_modules\react-native-track-player-next\android\src\main\kotlin', not found
file or directory 'C:\Users\ASUS\Documents\GitHub\newest-qr-menu\StaffNativeApp\node_modules\react-native-track-player-next\android\src\main\kotlin', not found
file or directory 'C:\Users\ASUS\Documents\GitHub\newest-qr-menu\StaffNativeApp\node_modules\react-native-track-player-next\android\src\debug\java', not found
file or directory 'C:\Users\ASUS\Documents\GitHub\newest-qr-menu\StaffNativeApp\node_modules\react-native-track-player-next\android\src\debug\kotlin', not found
file or directory 'C:\Users\ASUS\Documents\GitHub\newest-qr-menu\StaffNativeApp\node_modules\react-native-track-player-next\android\src\debug\kotlin', not found
file or directory 'C:\Users\ASUS\Documents\GitHub\newest-qr-menu\StaffNativeApp\node_modules\react-native-track-player-next\android\src\debug\java', not found
file or directory 'C:\Users\ASUS\Documents\GitHub\newest-qr-menu\StaffNativeApp\node_modules\react-native-track-player-next\android\src\debug\kotlin', not found
file or directory 'C:\Users\ASUS\Documents\GitHub\newest-qr-menu\StaffNativeApp\node_modules\react-native-track-player-next\android\src\debug\java', not found
file or directory 'C:\Users\ASUS\Documents\GitHub\newest-qr-menu\StaffNativeApp\node_modules\react-native-track-player-next\android\src\main\kotlin', not found
file or directory 'C:\Users\ASUS\Documents\GitHub\newest-qr-menu\StaffNativeApp\node_modules\react-native-track-player-next\android\src\main\kotlin', not found
file or directory 'C:\Users\ASUS\Documents\GitHub\newest-qr-menu\StaffNativeApp\node_modules\react-native-track-player-next\android\src\main\kotlin', not found
file or directory 'C:\Users\ASUS\Documents\GitHub\newest-qr-menu\StaffNativeApp\node_modules\react-native-track-player-next\android\src\debug\java', not found
file or directory 'C:\Users\ASUS\Documents\GitHub\newest-qr-menu\StaffNativeApp\node_modules\react-native-track-player-next\android\src\debug\kotlin', not found
file or directory 'C:\Users\ASUS\Documents\GitHub\newest-qr-menu\StaffNativeApp\node_modules\react-native-track-player-next\android\src\debug\kotlin', not found
file or directory 'C:\Users\ASUS\Documents\GitHub\newest-qr-menu\StaffNativeApp\node_modules\react-native-track-player-next\android\src\debug\java', not found
file or directory 'C:\Users\ASUS\Documents\GitHub\newest-qr-menu\StaffNativeApp\node_modules\react-native-track-player-next\android\src\debug\kotlin', not found
file or directory 'C:\Users\ASUS\Documents\GitHub\newest-qr-menu\StaffNativeApp\node_modules\react-native-track-player-next\android\src\debug\java', not found
file or directory 'C:\Users\ASUS\Documents\GitHub\newest-qr-menu\StaffNativeApp\node_modules\react-native-track-player-next\android\src\main\kotlin', not found
file or directory 'C:\Users\ASUS\Documents\GitHub\newest-qr-menu\StaffNativeApp\node_modules\react-native-track-player-next\android\src\main\kotlin', not found
file or directory 'C:\Users\ASUS\Documents\GitHub\newest-qr-menu\StaffNativeApp\node_modules\react-native-track-player-next\android\src\main\kotlin', not found
file or directory 'C:\Users\ASUS\Documents\GitHub\newest-qr-menu\StaffNativeApp\node_modules\react-native-track-player-next\android\src\debug\java', not found
Kotlin source files: C:\Users\ASUS\Documents\GitHub\newest-qr-menu\StaffNativeApp\node_modules\react-native-track-player-next\android\src\main\java\com\doublesymmetry\trackplayer\extensions\AudioPlayerStateExt.kt, C:\Users\ASUS\Documents\GitHub\newest-qr-menu\StaffNativeApp\node_modules\react-native-track-player-next\android\src\main\java\com\doublesymmetry\trackplayer\extensions\EnumExtensions.kt, C:\Users\ASUS\Documents\GitHub\newest-qr-menu\StaffNativeApp\node_modules\react-native-track-player-next\android\src\main\java\com\doublesymmetry\trackplayer\extensions\NumberExt.kt, C:\Users\ASUS\Documents\GitHub\newest-qr-menu\StaffNativeApp\node_modules\react-native-track-player-next\android\src\main\java\com\doublesymmetry\trackplayer\model\MetadataAdapter.kt, C:\Users\ASUS\Documents\GitHub\newest-qr-menu\StaffNativeApp\node_modules\react-native-track-player-next\android\src\main\java\com\doublesymmetry\trackplayer\model\NowPlayingMetadata.kt, C:\Users\ASUS\Documents\GitHub\newest-qr-menu\StaffNativeApp\node_modules\react-native-track-player-next\android\src\main\java\com\doublesymmetry\trackplayer\model\PlaybackMetadata.kt, C:\Users\ASUS\Documents\GitHub\newest-qr-menu\StaffNativeApp\node_modules\react-native-track-player-next\android\src\main\java\com\doublesymmetry\trackplayer\model\State.kt, C:\Users\ASUS\Documents\GitHub\newest-qr-menu\StaffNativeApp\node_modules\react-native-track-player-next\android\src\main\java\com\doublesymmetry\trackplayer\model\Track.kt, C:\Users\ASUS\Documents\GitHub\newest-qr-menu\StaffNativeApp\node_modules\react-native-track-player-next\android\src\main\java\com\doublesymmetry\trackplayer\model\TrackAudioItem.kt, C:\Users\ASUS\Documents\GitHub\newest-qr-menu\StaffNativeApp\node_modules\react-native-track-player-next\android\src\main\java\com\doublesymmetry\trackplayer\model\TrackMetadata.kt, C:\Users\ASUS\Documents\GitHub\newest-qr-menu\StaffNativeApp\node_modules\react-native-track-player-next\android\src\main\java\com\doublesymmetry\trackplayer\module\MusicEvents.kt, C:\Users\ASUS\Documents\GitHub\newest-qr-menu\StaffNativeApp\node_modules\react-native-track-player-next\android\src\main\java\com\doublesymmetry\trackplayer\module\MusicModule.kt, C:\Users\ASUS\Documents\GitHub\newest-qr-menu\StaffNativeApp\node_modules\react-native-track-player-next\android\src\main\java\com\doublesymmetry\trackplayer\service\MusicService.kt, C:\Users\ASUS\Documents\GitHub\newest-qr-menu\StaffNativeApp\node_modules\react-native-track-player-next\android\src\main\java\com\doublesymmetry\trackplayer\TrackPlayer.kt, C:\Users\ASUS\Documents\GitHub\newest-qr-menu\StaffNativeApp\node_modules\react-native-track-player-next\android\src\main\java\com\doublesymmetry\trackplayer\utils\AppForegroundTracker.kt, C:\Users\ASUS\Documents\GitHub\newest-qr-menu\StaffNativeApp\node_modules\react-native-track-player-next\android\src\main\java\com\doublesymmetry\trackplayer\utils\BundleUtils.kt, C:\Users\ASUS\Documents\GitHub\newest-qr-menu\StaffNativeApp\node_modules\react-native-track-player-next\android\src\main\java\com\doublesymmetry\trackplayer\utils\RejectionException.kt
Java source files: 
Script source files: 
Script file extensions: 
Using Kotlin/JVM incremental compilation
[KOTLIN] Kotlin compilation 'jdkHome' argument: null
i: starting the daemon as: C:\Program Files\Eclipse Adoptium\jdk-17.0.17.10-hotspot\bin\java -cp C:\Users\ASUS\.gradle\caches\modules-2\files-2.1\org.jetbrains.kotlin\kotlin-compiler-embeddable\1.9.24\78dab849090e6c5e2eadb6e59a11cdc28fb67a08\kotlin-compiler-embeddable-1.9.24.jar;C:\Users\ASUS\.gradle\caches\modules-2\files-2.1\org.jetbrains.kotlin\kotlin-stdlib\1.9.24\9928532f12c66ad816a625b3f9984f8368ca6d2b\kotlin-stdlib-1.9.24.jar;C:\Users\ASUS\.gradle\caches\modules-2\files-2.1\org.jetbrains.kotlin\kotlin-script-runtime\1.9.24\96771497da90fbc5af1c90fce148db2595a62502\kotlin-script-runtime-1.9.24.jar;C:\Users\ASUS\.gradle\caches\modules-2\files-2.1\org.jetbrains.kotlin\kotlin-reflect\1.6.10\1cbe9c92c12a94eea200d23c2bbaedaf3daf5132\kotlin-reflect-1.6.10.jar;C:\Users\ASUS\.gradle\caches\modules-2\files-2.1\org.jetbrains.kotlin\kotlin-daemon-embeddable\1.9.24\86685b9c5e8d170925bd9ddbdc263374a6a73281\kotlin-daemon-embeddable-1.9.24.jar;C:\Users\ASUS\.gradle\caches\modules-2\files-2.1\org.jetbrains.intellij.deps\trove4j\1.0.20200330\3afb14d5f9ceb459d724e907a21145e8ff394f02\trove4j-1.0.20200330.jar;C:\Users\ASUS\.gradle\caches\modules-2\files-2.1\org.jetbrains\annotations\13.0\919f0dfe192fb4e063e7dacadee7f8bb9a2672a9\annotations-13.0.jar -Djava.awt.headless=true -D$java.rmi.server.hostname=127.0.0.1 -Xmx4g -Dkotlin.environment.keepalive -ea --add-exports java.base/sun.nio.ch=ALL-UNNAMED org.jetbrains.kotlin.daemon.KotlinCompileDaemon --daemon-runFilesPath C:\Users\ASUS\AppData\Local\kotlin\daemon --daemon-autoshutdownIdleSeconds=7200 --daemon-compilerClasspath C:\Users\ASUS\.gradle\caches\modules-2\files-2.1\org.jetbrains.kotlin\kotlin-compiler-embeddable\1.9.24\78dab849090e6c5e2eadb6e59a11cdc28fb67a08\kotlin-compiler-embeddable-1.9.24.jar;C:\Users\ASUS\.gradle\caches\modules-2\files-2.1\org.jetbrains.kotlin\kotlin-stdlib\1.9.24\9928532f12c66ad816a625b3f9984f8368ca6d2b\kotlin-stdlib-1.9.24.jar;C:\Users\ASUS\.gradle\caches\modules-2\files-2.1\org.jetbrains.kotlin\kotlin-script-runtime\1.9.24\96771497da90fbc5af1c90fce148db2595a62502\kotlin-script-runtime-1.9.24.jar;C:\Users\ASUS\.gradle\caches\modules-2\files-2.1\org.jetbrains.kotlin\kotlin-reflect\1.6.10\1cbe9c92c12a94eea200d23c2bbaedaf3daf5132\kotlin-reflect-1.6.10.jar;C:\Users\ASUS\.gradle\caches\modules-2\files-2.1\org.jetbrains.kotlin\kotlin-daemon-embeddable\1.9.24\86685b9c5e8d170925bd9ddbdc263374a6a73281\kotlin-daemon-embeddable-1.9.24.jar;C:\Users\ASUS\.gradle\caches\modules-2\files-2.1\org.jetbrains.intellij.deps\trove4j\1.0.20200330\3afb14d5f9ceb459d724e907a21145e8ff394f02\trove4j-1.0.20200330.jar;C:\Users\ASUS\.gradle\caches\modules-2\files-2.1\org.jetbrains\annotations\13.0\919f0dfe192fb4e063e7dacadee7f8bb9a2672a9\annotations-13.0.jar
i: Received the message signalling that the daemon is ready
i: new daemon started, trying to find it
i: found daemon on port 17906 (32 ms old), trying to connect
i: connected to the daemon
Options for KOTLIN DAEMON: IncrementalCompilationOptions(super=CompilationOptions(compilerMode=INCREMENTAL_COMPILER, targetPlatform=JVM, reportCategories=[0, 3], reportSeverity=2, requestedCompilationResults=[0], kotlinScriptExtensions=[]), areFileChangesKnown=false, modifiedFiles=null, deletedFiles=null, classpathChanges=NotAvailableForNonIncrementalRun, workingDir=C:\Users\ASUS\Documents\GitHub\newest-qr-menu\StaffNativeApp\node_modules\react-native-track-player-next\android\build\kotlin\compileDebugKotlin\cacheable, multiModuleICSettings=MultiModuleICSettings(buildHistoryFile=C:\Users\ASUS\Documents\GitHub\newest-qr-menu\StaffNativeApp\node_modules\react-native-track-player-next\android\build\kotlin\compileDebugKotlin\local-state\build-history.bin, useModuleDetection=true), usePreciseJavaTracking=true, outputFiles=[C:\Users\ASUS\Documents\GitHub\newest-qr-menu\StaffNativeApp\node_modules\react-native-track-player-next\android\build\tmp\kotlin-classes\debug, C:\Users\ASUS\Documents\GitHub\newest-qr-menu\StaffNativeApp\node_modules\react-native-track-player-next\android\build\kotlin\compileDebugKotlin\cacheable, C:\Users\ASUS\Documents\GitHub\newest-qr-menu\StaffNativeApp\node_modules\react-native-track-player-next\android\build\kotlin\compileDebugKotlin\local-state])
e: file:///C:/Users/ASUS/Documents/GitHub/newest-qr-menu/StaffNativeApp/node_modules/react-native-track-player-next/android/src/main/java/com/doublesymmetry/trackplayer/service/MusicService.kt:21:39 Unresolved reference: R
e: file:///C:/Users/ASUS/Documents/GitHub/newest-qr-menu/StaffNativeApp/node_modules/react-native-track-player-next/android/src/main/java/com/doublesymmetry/trackplayer/service/MusicService.kt:113:47 Unresolved reference: TrackPlayerR
e: file:///C:/Users/ASUS/Documents/GitHub/newest-qr-menu/StaffNativeApp/node_modules/react-native-track-player-next/android/src/main/java/com/doublesymmetry/trackplayer/service/MusicService.kt:113:105 Unresolved reference: TrackPlayerR
e: file:///C:/Users/ASUS/Documents/GitHub/newest-qr-menu/StaffNativeApp/node_modules/react-native-track-player-next/android/src/main/java/com/doublesymmetry/trackplayer/service/MusicService.kt:117:78 Unresolved reference: TrackPlayerR
e: file:///C:/Users/ASUS/Documents/GitHub/newest-qr-menu/StaffNativeApp/node_modules/react-native-track-player-next/android/src/main/java/com/doublesymmetry/trackplayer/service/MusicService.kt:214:89 Unresolved reference: TrackPlayerR
e: file:///C:/Users/ASUS/Documents/GitHub/newest-qr-menu/StaffNativeApp/node_modules/react-native-track-player-next/android/src/main/java/com/doublesymmetry/trackplayer/service/MusicService.kt:218:89 Unresolved reference: TrackPlayerR

> Task :react-native-track-player-next:compileDebugKotlin FAILED

FAILURE: Build failed with an exception.

* What went wrong:
Execution failed for task ':react-native-track-player-next:compileDebugKotlin'.
> A failure occurred while executing org.jetbrains.kotlin.compilerRunner.GradleCompilerRunnerWithWorkers$GradleKotlinCompilerWorkAction
   > Compilation error. See log for more details

* Try:
> Run with --debug option to get more log output.
> Run with --scan to get full insights.
> Get more help at https://help.gradle.org.

* Exception is:
org.gradle.api.tasks.TaskExecutionException: Execution failed for task ':react-native-track-player-next:compileDebugKotlin'.
	at org.gradle.api.internal.tasks.execution.ExecuteActionsTaskExecuter.lambda$executeIfValid$1(ExecuteActionsTaskExecuter.java:149)
	at org.gradle.internal.Try$Failure.ifSuccessfulOrElse(Try.java:282)
	at org.gradle.api.internal.tasks.execution.ExecuteActionsTaskExecuter.executeIfValid(ExecuteActionsTaskExecuter.java:147)
	at org.gradle.api.internal.tasks.execution.ExecuteActionsTaskExecuter.execute(ExecuteActionsTaskExecuter.java:135)
	at org.gradle.api.internal.tasks.execution.FinalizePropertiesTaskExecuter.execute(FinalizePropertiesTaskExecuter.java:46)
	at org.gradle.api.internal.tasks.execution.ResolveTaskExecutionModeExecuter.execute(ResolveTaskExecutionModeExecuter.java:51)
	at org.gradle.api.internal.tasks.execution.SkipTaskWithNoActionsExecuter.execute(SkipTaskWithNoActionsExecuter.java:57)
	at org.gradle.api.internal.tasks.execution.SkipOnlyIfTaskExecuter.execute(SkipOnlyIfTaskExecuter.java:74)
	at org.gradle.api.internal.tasks.execution.CatchExceptionTaskExecuter.execute(CatchExceptionTaskExecuter.java:36)
	at org.gradle.api.internal.tasks.execution.EventFiringTaskExecuter$1.executeTask(EventFiringTaskExecuter.java:77)
	at org.gradle.api.internal.tasks.execution.EventFiringTaskExecuter$1.call(EventFiringTaskExecuter.java:55)
	at org.gradle.api.internal.tasks.execution.EventFiringTaskExecuter$1.call(EventFiringTaskExecuter.java:52)
	at org.gradle.internal.operations.DefaultBuildOperationRunner$CallableBuildOperationWorker.execute(DefaultBuildOperationRunner.java:204)
	at org.gradle.internal.operations.DefaultBuildOperationRunner$CallableBuildOperationWorker.execute(DefaultBuildOperationRunner.java:199)
	at org.gradle.internal.operations.DefaultBuildOperationRunner$2.execute(DefaultBuildOperationRunner.java:66)
	at org.gradle.internal.operations.DefaultBuildOperationRunner$2.execute(DefaultBuildOperationRunner.java:59)
	at org.gradle.internal.operations.DefaultBuildOperationRunner.execute(DefaultBuildOperationRunner.java:157)
	at org.gradle.internal.operations.DefaultBuildOperationRunner.execute(DefaultBuildOperationRunner.java:59)
	at org.gradle.internal.operations.DefaultBuildOperationRunner.call(DefaultBuildOperationRunner.java:53)
	at org.gradle.internal.operations.DefaultBuildOperationExecutor.call(DefaultBuildOperationExecutor.java:73)
	at org.gradle.api.internal.tasks.execution.EventFiringTaskExecuter.execute(EventFiringTaskExecuter.java:52)
	at org.gradle.execution.plan.LocalTaskNodeExecutor.execute(LocalTaskNodeExecutor.java:42)
	at org.gradle.execution.taskgraph.DefaultTaskExecutionGraph$InvokeNodeExecutorsAction.execute(DefaultTaskExecutionGraph.java:337)
	at org.gradle.execution.taskgraph.DefaultTaskExecutionGraph$InvokeNodeExecutorsAction.execute(DefaultTaskExecutionGraph.java:324)
	at org.gradle.execution.taskgraph.DefaultTaskExecutionGraph$BuildOperationAwareExecutionAction.execute(DefaultTaskExecutionGraph.java:317)
	at org.gradle.execution.taskgraph.DefaultTaskExecutionGraph$BuildOperationAwareExecutionAction.execute(DefaultTaskExecutionGraph.java:303)
	at org.gradle.execution.plan.DefaultPlanExecutor$ExecutorWorker.execute(DefaultPlanExecutor.java:463)
	at org.gradle.execution.plan.DefaultPlanExecutor$ExecutorWorker.run(DefaultPlanExecutor.java:380)
	at org.gradle.internal.concurrent.ExecutorPolicy$CatchAndRecordFailures.onExecute(ExecutorPolicy.java:64)
	at org.gradle.internal.concurrent.AbstractManagedExecutor$1.run(AbstractManagedExecutor.java:47)
Caused by: org.gradle.workers.internal.DefaultWorkerExecutor$WorkExecutionException: A failure occurred while executing org.jetbrains.kotlin.compilerRunner.GradleCompilerRunnerWithWorkers$GradleKotlinCompilerWorkAction
	at org.gradle.workers.internal.DefaultWorkerExecutor$WorkItemExecution.waitForCompletion(DefaultWorkerExecutor.java:283)
	at org.gradle.internal.work.DefaultAsyncWorkTracker.lambda$waitForItemsAndGatherFailures$2(DefaultAsyncWorkTracker.java:130)
	at org.gradle.internal.Factories$1.create(Factories.java:31)
	at org.gradle.internal.work.DefaultWorkerLeaseService.withoutLocks(DefaultWorkerLeaseService.java:321)
	at org.gradle.internal.work.DefaultWorkerLeaseService.withoutLocks(DefaultWorkerLeaseService.java:304)
	at org.gradle.internal.work.DefaultWorkerLeaseService.withoutLock(DefaultWorkerLeaseService.java:309)
	at org.gradle.internal.work.DefaultAsyncWorkTracker.waitForItemsAndGatherFailures(DefaultAsyncWorkTracker.java:126)
	at org.gradle.internal.work.DefaultAsyncWorkTracker.waitForItemsAndGatherFailures(DefaultAsyncWorkTracker.java:92)
	at org.gradle.internal.work.DefaultAsyncWorkTracker.waitForAll(DefaultAsyncWorkTracker.java:78)
	at org.gradle.internal.work.DefaultAsyncWorkTracker.waitForCompletion(DefaultAsyncWorkTracker.java:66)
	at org.gradle.api.internal.tasks.execution.TaskExecution$3.run(TaskExecution.java:256)
	at org.gradle.internal.operations.DefaultBuildOperationRunner$1.execute(DefaultBuildOperationRunner.java:29)
	at org.gradle.internal.operations.DefaultBuildOperationRunner$1.execute(DefaultBuildOperationRunner.java:26)
	at org.gradle.internal.operations.DefaultBuildOperationRunner$2.execute(DefaultBuildOperationRunner.java:66)
	at org.gradle.internal.operations.DefaultBuildOperationRunner$2.execute(DefaultBuildOperationRunner.java:59)
	at org.gradle.internal.operations.DefaultBuildOperationRunner.execute(DefaultBuildOperationRunner.java:157)
	at org.gradle.internal.operations.DefaultBuildOperationRunner.execute(DefaultBuildOperationRunner.java:59)
	at org.gradle.internal.operations.DefaultBuildOperationRunner.run(DefaultBuildOperationRunner.java:47)
	at org.gradle.internal.operations.DefaultBuildOperationExecutor.run(DefaultBuildOperationExecutor.java:68)
	at org.gradle.api.internal.tasks.execution.TaskExecution.executeAction(TaskExecution.java:233)
	at org.gradle.api.internal.tasks.execution.TaskExecution.executeActions(TaskExecution.java:216)
	at org.gradle.api.internal.tasks.execution.TaskExecution.executeWithPreviousOutputFiles(TaskExecution.java:199)
	at org.gradle.api.internal.tasks.execution.TaskExecution.execute(TaskExecution.java:166)
	at org.gradle.internal.execution.steps.ExecuteStep.executeInternal(ExecuteStep.java:105)
	at org.gradle.internal.execution.steps.ExecuteStep.access$000(ExecuteStep.java:44)
	at org.gradle.internal.execution.steps.ExecuteStep$1.call(ExecuteStep.java:59)
	at org.gradle.internal.execution.steps.ExecuteStep$1.call(ExecuteStep.java:56)
	at org.gradle.internal.operations.DefaultBuildOperationRunner$CallableBuildOperationWorker.execute(DefaultBuildOperationRunner.java:204)
	at org.gradle.internal.operations.DefaultBuildOperationRunner$CallableBuildOperationWorker.execute(DefaultBuildOperationRunner.java:199)
	at org.gradle.internal.operations.DefaultBuildOperationRunner$2.execute(DefaultBuildOperationRunner.java:66)
	at org.gradle.internal.operations.DefaultBuildOperationRunner$2.execute(DefaultBuildOperationRunner.java:59)
	at org.gradle.internal.operations.DefaultBuildOperationRunner.execute(DefaultBuildOperationRunner.java:157)
	at org.gradle.internal.operations.DefaultBuildOperationRunner.execute(DefaultBuildOperationRunner.java:59)
	at org.gradle.internal.operations.DefaultBuildOperationRunner.call(DefaultBuildOperationRunner.java:53)
	at org.gradle.internal.operations.DefaultBuildOperationExecutor.call(DefaultBuildOperationExecutor.java:73)
	at org.gradle.internal.execution.steps.ExecuteStep.execute(ExecuteStep.java:56)
	at org.gradle.internal.execution.steps.ExecuteStep.execute(ExecuteStep.java:44)
	at org.gradle.internal.execution.steps.RemovePreviousOutputsStep.execute(RemovePreviousOutputsStep.java:67)
	at org.gradle.internal.execution.steps.RemovePreviousOutputsStep.execute(RemovePreviousOutputsStep.java:37)
	at org.gradle.internal.execution.steps.CancelExecutionStep.execute(CancelExecutionStep.java:41)
	at org.gradle.internal.execution.steps.TimeoutStep.executeWithoutTimeout(TimeoutStep.java:74)
	at org.gradle.internal.execution.steps.TimeoutStep.execute(TimeoutStep.java:55)
	at org.gradle.internal.execution.steps.CreateOutputsStep.execute(CreateOutputsStep.java:50)
	at org.gradle.internal.execution.steps.CreateOutputsStep.execute(CreateOutputsStep.java:28)
	at org.gradle.internal.execution.steps.CaptureStateAfterExecutionStep.executeDelegateBroadcastingChanges(CaptureStateAfterExecutionStep.java:100)
	at org.gradle.internal.execution.steps.CaptureStateAfterExecutionStep.execute(CaptureStateAfterExecutionStep.java:72)
	at org.gradle.internal.execution.steps.CaptureStateAfterExecutionStep.execute(CaptureStateAfterExecutionStep.java:50)
	at org.gradle.internal.execution.steps.ResolveInputChangesStep.execute(ResolveInputChangesStep.java:40)
	at org.gradle.internal.execution.steps.ResolveInputChangesStep.execute(ResolveInputChangesStep.java:29)
	at org.gradle.internal.execution.steps.BuildCacheStep.executeWithoutCache(BuildCacheStep.java:179)
	at org.gradle.internal.execution.steps.BuildCacheStep.lambda$execute$1(BuildCacheStep.java:70)
	at org.gradle.internal.Either$Right.fold(Either.java:175)
	at org.gradle.internal.execution.caching.CachingState.fold(CachingState.java:59)
	at org.gradle.internal.execution.steps.BuildCacheStep.execute(BuildCacheStep.java:68)
	at org.gradle.internal.execution.steps.BuildCacheStep.execute(BuildCacheStep.java:46)
	at org.gradle.internal.execution.steps.StoreExecutionStateStep.execute(StoreExecutionStateStep.java:36)
	at org.gradle.internal.execution.steps.StoreExecutionStateStep.execute(StoreExecutionStateStep.java:25)
	at org.gradle.internal.execution.steps.RecordOutputsStep.execute(RecordOutputsStep.java:36)
	at org.gradle.internal.execution.steps.RecordOutputsStep.execute(RecordOutputsStep.java:22)
	at org.gradle.internal.execution.steps.SkipUpToDateStep.executeBecause(SkipUpToDateStep.java:91)
	at org.gradle.internal.execution.steps.SkipUpToDateStep.lambda$execute$2(SkipUpToDateStep.java:55)
	at org.gradle.internal.execution.steps.SkipUpToDateStep.execute(SkipUpToDateStep.java:55)
	at org.gradle.internal.execution.steps.SkipUpToDateStep.execute(SkipUpToDateStep.java:37)
	at org.gradle.internal.execution.steps.ResolveChangesStep.execute(ResolveChangesStep.java:65)
	at org.gradle.internal.execution.steps.ResolveChangesStep.execute(ResolveChangesStep.java:36)
	at org.gradle.internal.execution.steps.legacy.MarkSnapshottingInputsFinishedStep.execute(MarkSnapshottingInputsFinishedStep.java:37)
	at org.gradle.internal.execution.steps.legacy.MarkSnapshottingInputsFinishedStep.execute(MarkSnapshottingInputsFinishedStep.java:27)
	at org.gradle.internal.execution.steps.ResolveCachingStateStep.execute(ResolveCachingStateStep.java:77)
	at org.gradle.internal.execution.steps.ResolveCachingStateStep.execute(ResolveCachingStateStep.java:38)
	at org.gradle.internal.execution.steps.ValidateStep.execute(ValidateStep.java:94)
	at org.gradle.internal.execution.steps.ValidateStep.execute(ValidateStep.java:49)
	at org.gradle.internal.execution.steps.CaptureStateBeforeExecutionStep.execute(CaptureStateBeforeExecutionStep.java:71)
	at org.gradle.internal.execution.steps.CaptureStateBeforeExecutionStep.execute(CaptureStateBeforeExecutionStep.java:45)
	at org.gradle.internal.execution.steps.SkipEmptyWorkStep.executeWithNonEmptySources(SkipEmptyWorkStep.java:177)
	at org.gradle.internal.execution.steps.SkipEmptyWorkStep.execute(SkipEmptyWorkStep.java:86)
	at org.gradle.internal.execution.steps.SkipEmptyWorkStep.execute(SkipEmptyWorkStep.java:53)
	at org.gradle.internal.execution.steps.RemoveUntrackedExecutionStateStep.execute(RemoveUntrackedExecutionStateStep.java:32)
	at org.gradle.internal.execution.steps.RemoveUntrackedExecutionStateStep.execute(RemoveUntrackedExecutionStateStep.java:21)
	at org.gradle.internal.execution.steps.legacy.MarkSnapshottingInputsStartedStep.execute(MarkSnapshottingInputsStartedStep.java:38)
	at org.gradle.internal.execution.steps.LoadPreviousExecutionStateStep.execute(LoadPreviousExecutionStateStep.java:36)
	at org.gradle.internal.execution.steps.LoadPreviousExecutionStateStep.execute(LoadPreviousExecutionStateStep.java:23)
	at org.gradle.internal.execution.steps.CleanupStaleOutputsStep.execute(CleanupStaleOutputsStep.java:75)
	at org.gradle.internal.execution.steps.CleanupStaleOutputsStep.execute(CleanupStaleOutputsStep.java:41)
	at org.gradle.internal.execution.steps.AssignWorkspaceStep.lambda$execute$0(AssignWorkspaceStep.java:32)
	at org.gradle.api.internal.tasks.execution.TaskExecution$4.withWorkspace(TaskExecution.java:293)
	at org.gradle.internal.execution.steps.AssignWorkspaceStep.execute(AssignWorkspaceStep.java:30)
	at org.gradle.internal.execution.steps.AssignWorkspaceStep.execute(AssignWorkspaceStep.java:21)
	at org.gradle.internal.execution.steps.IdentityCacheStep.execute(IdentityCacheStep.java:37)
	at org.gradle.internal.execution.steps.IdentityCacheStep.execute(IdentityCacheStep.java:27)
	at org.gradle.internal.execution.steps.IdentifyStep.execute(IdentifyStep.java:47)
	at org.gradle.internal.execution.steps.IdentifyStep.execute(IdentifyStep.java:34)
	at org.gradle.internal.execution.impl.DefaultExecutionEngine$1.execute(DefaultExecutionEngine.java:64)
	at org.gradle.api.internal.tasks.execution.ExecuteActionsTaskExecuter.executeIfValid(ExecuteActionsTaskExecuter.java:146)
	at org.gradle.api.internal.tasks.execution.ExecuteActionsTaskExecuter.execute(ExecuteActionsTaskExecuter.java:135)
	at org.gradle.api.internal.tasks.execution.FinalizePropertiesTaskExecuter.execute(FinalizePropertiesTaskExecuter.java:46)
	at org.gradle.api.internal.tasks.execution.ResolveTaskExecutionModeExecuter.execute(ResolveTaskExecutionModeExecuter.java:51)
	at org.gradle.api.internal.tasks.execution.SkipTaskWithNoActionsExecuter.execute(SkipTaskWithNoActionsExecuter.java:57)
	at org.gradle.api.internal.tasks.execution.SkipOnlyIfTaskExecuter.execute(SkipOnlyIfTaskExecuter.java:74)
	at org.gradle.api.internal.tasks.execution.CatchExceptionTaskExecuter.execute(CatchExceptionTaskExecuter.java:36)
	at org.gradle.api.internal.tasks.execution.EventFiringTaskExecuter$1.executeTask(EventFiringTaskExecuter.java:77)
	at org.gradle.api.internal.tasks.execution.EventFiringTaskExecuter$1.call(EventFiringTaskExecuter.java:55)
	at org.gradle.api.internal.tasks.execution.EventFiringTaskExecuter$1.call(EventFiringTaskExecuter.java:52)
	at org.gradle.internal.operations.DefaultBuildOperationRunner$CallableBuildOperationWorker.execute(DefaultBuildOperationRunner.java:204)
	at org.gradle.internal.operations.DefaultBuildOperationRunner$CallableBuildOperationWorker.execute(DefaultBuildOperationRunner.java:199)
	at org.gradle.internal.operations.DefaultBuildOperationRunner$2.execute(DefaultBuildOperationRunner.java:66)
	at org.gradle.internal.operations.DefaultBuildOperationRunner$2.execute(DefaultBuildOperationRunner.java:59)
	at org.gradle.internal.operations.DefaultBuildOperationRunner.execute(DefaultBuildOperationRunner.java:157)
	at org.gradle.internal.operations.DefaultBuildOperationRunner.execute(DefaultBuildOperationRunner.java:59)
	at org.gradle.internal.operations.DefaultBuildOperationRunner.call(DefaultBuildOperationRunner.java:53)
	at org.gradle.internal.operations.DefaultBuildOperationExecutor.call(DefaultBuildOperationExecutor.java:73)
	at org.gradle.api.internal.tasks.execution.EventFiringTaskExecuter.execute(EventFiringTaskExecuter.java:52)
	at org.gradle.execution.plan.LocalTaskNodeExecutor.execute(LocalTaskNodeExecutor.java:42)
	at org.gradle.execution.taskgraph.DefaultTaskExecutionGraph$InvokeNodeExecutorsAction.execute(DefaultTaskExecutionGraph.java:337)
	at org.gradle.execution.taskgraph.DefaultTaskExecutionGraph$InvokeNodeExecutorsAction.execute(DefaultTaskExecutionGraph.java:324)
	at org.gradle.execution.taskgraph.DefaultTaskExecutionGraph$BuildOperationAwareExecutionAction.execute(DefaultTaskExecutionGraph.java:317)
	at org.gradle.execution.taskgraph.DefaultTaskExecutionGraph$BuildOperationAwareExecutionAction.execute(DefaultTaskExecutionGraph.java:303)
	at org.gradle.execution.plan.DefaultPlanExecutor$ExecutorWorker.execute(DefaultPlanExecutor.java:463)
	at org.gradle.execution.plan.DefaultPlanExecutor$ExecutorWorker.run(DefaultPlanExecutor.java:380)
	at org.gradle.internal.concurrent.ExecutorPolicy$CatchAndRecordFailures.onExecute(ExecutorPolicy.java:64)
	at org.gradle.internal.concurrent.AbstractManagedExecutor$1.run(AbstractManagedExecutor.java:47)
Caused by: org.jetbrains.kotlin.gradle.tasks.CompilationErrorException: Compilation error. See log for more details
	at org.jetbrains.kotlin.gradle.tasks.TasksUtilsKt.throwExceptionIfCompilationFailed(tasksUtils.kt:20)
	at org.jetbrains.kotlin.compilerRunner.GradleKotlinCompilerWork.run(GradleKotlinCompilerWork.kt:141)
	at org.jetbrains.kotlin.compilerRunner.GradleCompilerRunnerWithWorkers$GradleKotlinCompilerWorkAction.execute(GradleCompilerRunnerWithWorkers.kt:73)
	at org.gradle.workers.internal.DefaultWorkerServer.execute(DefaultWorkerServer.java:63)
	at org.gradle.workers.internal.NoIsolationWorkerFactory$1$1.create(NoIsolationWorkerFactory.java:66)
	at org.gradle.workers.internal.NoIsolationWorkerFactory$1$1.create(NoIsolationWorkerFactory.java:62)
	at org.gradle.internal.classloader.ClassLoaderUtils.executeInClassloader(ClassLoaderUtils.java:100)
	at org.gradle.workers.internal.NoIsolationWorkerFactory$1.lambda$execute$0(NoIsolationWorkerFactory.java:62)
	at org.gradle.workers.internal.AbstractWorker$1.call(AbstractWorker.java:44)
	at org.gradle.workers.internal.AbstractWorker$1.call(AbstractWorker.java:41)
	at org.gradle.internal.operations.DefaultBuildOperationRunner$CallableBuildOperationWorker.execute(DefaultBuildOperationRunner.java:204)
	at org.gradle.internal.operations.DefaultBuildOperationRunner$CallableBuildOperationWorker.execute(DefaultBuildOperationRunner.java:199)
	at org.gradle.internal.operations.DefaultBuildOperationRunner$2.execute(DefaultBuildOperationRunner.java:66)
	at org.gradle.internal.operations.DefaultBuildOperationRunner$2.execute(DefaultBuildOperationRunner.java:59)
	at org.gradle.internal.operations.DefaultBuildOperationRunner.execute(DefaultBuildOperationRunner.java:157)
	at org.gradle.internal.operations.DefaultBuildOperationRunner.execute(DefaultBuildOperationRunner.java:59)
	at org.gradle.internal.operations.DefaultBuildOperationRunner.call(DefaultBuildOperationRunner.java:53)
	at org.gradle.internal.operations.DefaultBuildOperationExecutor.call(DefaultBuildOperationExecutor.java:73)
	at org.gradle.workers.internal.AbstractWorker.executeWrappedInBuildOperation(AbstractWorker.java:41)
	at org.gradle.workers.internal.NoIsolationWorkerFactory$1.execute(NoIsolationWorkerFactory.java:59)
	at org.gradle.workers.internal.DefaultWorkerExecutor.lambda$submitWork$0(DefaultWorkerExecutor.java:170)
	at org.gradle.internal.work.DefaultConditionalExecutionQueue$ExecutionRunner.runExecution(DefaultConditionalExecutionQueue.java:187)
	at org.gradle.internal.work.DefaultConditionalExecutionQueue$ExecutionRunner.access$700(DefaultConditionalExecutionQueue.java:120)
	at org.gradle.internal.work.DefaultConditionalExecutionQueue$ExecutionRunner$1.run(DefaultConditionalExecutionQueue.java:162)
	at org.gradle.internal.Factories$1.create(Factories.java:31)
	at org.gradle.internal.work.DefaultWorkerLeaseService.withLocks(DefaultWorkerLeaseService.java:249)
	at org.gradle.internal.work.DefaultWorkerLeaseService.runAsWorkerThread(DefaultWorkerLeaseService.java:109)
	at org.gradle.internal.work.DefaultWorkerLeaseService.runAsWorkerThread(DefaultWorkerLeaseService.java:114)
	at org.gradle.internal.work.DefaultConditionalExecutionQueue$ExecutionRunner.runBatch(DefaultConditionalExecutionQueue.java:157)
	at org.gradle.internal.work.DefaultConditionalExecutionQueue$ExecutionRunner.run(DefaultConditionalExecutionQueue.java:126)
	... 2 more


BUILD FAILED in 46s
12 actionable tasks: 2 executed, 10 up-to-date
Watched directory hierarchies: [C:\Users\ASUS\Documents\GitHub\newest-qr-menu\StaffNativeApp\node_modules\@react-native\gradle-plugin]
